Log file open, 10/16/21 01:21:39
LogInit:Display: Running engine for game: Pong
LogPlatformFile: Not using cached read wrapper
LogInit:Display: RandInit(1689006790) SRandInit(1689006790).
LogTaskGraph: Started task graph with 5 named threads and 10 total threads with 1 sets of task threads.
LogStats: Stats thread started at 0.126592
LogInit: Using libcurl 7.47.1
LogInit:  - built for x86_64-pc-win32
LogInit:  - supports SSL with OpenSSL/1.0.2g
LogInit:  - supports HTTP deflate (compression) using libz 1.2.8
LogInit:  - other features:
LogInit:      CURL_VERSION_SSL
LogInit:      CURL_VERSION_LIBZ
LogInit:      CURL_VERSION_IPV6
LogInit:      CURL_VERSION_ASYNCHDNS
LogInit:      CURL_VERSION_LARGEFILE
LogInit:      CURL_VERSION_IDN
LogInit:  CurlRequestOptions (configurable via config and command line):
LogInit:  - bVerifyPeer = false  - Libcurl will NOT verify peer certificate
LogInit:  - bUseHttpProxy = false  - Libcurl will NOT use HTTP proxy
LogInit:  - bDontReuseConnections = false  - Libcurl will reuse connections
LogInit:  - CertBundlePath = nullptr  - Libcurl will use whatever was configured at build time.
LogInit: Build: ++UE4+Release-4.15-CL-3450819
LogInit: Engine Version: 4.15.3-3450819+++UE4+Release-4.15
LogInit: Compatible Engine Version: 4.15.0-3299760+++UE4+Release-4.15
LogInit: Net CL: 3299760
LogDevObjectVersion: Number of dev versions registered: 14
LogDevObjectVersion:   Dev-Blueprints (B0D832E4-1F89-4F0D-ACCF-7EB736FD4AA2): 8
LogDevObjectVersion:   Dev-Build (E1C64328-A22C-4D53-A36C-8E866417BD8C): 0
LogDevObjectVersion:   Dev-Core (375EC13C-06E4-48FB-B500-84F0262A717E): 2
LogDevObjectVersion:   Dev-Editor (E4B068ED-F494-42E9-A231-DA0B2E46BB41): 14
LogDevObjectVersion:   Dev-Framework (CFFC743F-43B0-4480-9391-14DF171D2073): 22
LogDevObjectVersion:   Dev-Mobile (B02B49B5-BB20-44E9-A304-32B752E40360): 0
LogDevObjectVersion:   Dev-Networking (A4E4105C-59A1-49B5-A7C5-40C4547EDFEE): 0
LogDevObjectVersion:   Dev-Online (39C831C9-5AE6-47DC-9A44-9C173E1C8E7C): 0
LogDevObjectVersion:   Dev-Physics (78F01B33-EBEA-4F98-B9B4-84EACCB95AA2): 0
LogDevObjectVersion:   Dev-Platform (6631380F-2D4D-43E0-8009-CF276956A95A): 0
LogDevObjectVersion:   Dev-Rendering (12F88B9F-8875-4AFC-A67C-D90C383ABD29): 12
LogDevObjectVersion:   Dev-Sequencer (7B5AE74C-D270-4C10-A958-57980B212A5A): 3
LogDevObjectVersion:   Dev-VR (D7296918-1DD6-4BDD-9DE2-64A83CC13884): 0
LogDevObjectVersion:   Dev-LoadTimes (C2A15278-BFE7-4AFE-6C17-90FF531DF755): 1
LogInit: Compiled (64-bit): May 21 2017 11:02:34
LogInit: Compiled with Visual C++: 19.00.23026.00
LogInit: Build Configuration: Development
LogInit: Branch Name: ++UE4+Release-4.15
LogInit: Command line:  
LogInit: Base directory: C:/Program Files/Epic Games/UE_4.15/Engine/Binaries/Win64/
LogInit: Installed Engine Build: 1
LogInit: Presizing for max 8388607 objects, including 0 objects not considered by GC, pre-allocating 0 bytes for permanent pool.
LogInit: Object subsystem initialized
[2021.10.16-05.21.40:456][  0]LogInit: Selected Device Profile: [Windows]
[2021.10.16-05.21.40:456][  0]LogInit: Applying CVar settings loaded from the selected device profile: [Windows]
[2021.10.16-05.21.40:463][  0]LogInit: Computer: JADAMS2CH17
[2021.10.16-05.21.40:463][  0]LogInit: User: jadams
[2021.10.16-05.21.40:463][  0]LogInit: CPU Page size=65536, Cores=6
[2021.10.16-05.21.40:463][  0]LogInit: High frequency timer resolution =10.000000 MHz
[2021.10.16-05.21.40:463][  0]LogMemory: Memory total: Physical=31.8GB (32GB approx)
[2021.10.16-05.21.40:463][  0]LogMemory: Platform Memory Stats for Windows
[2021.10.16-05.21.40:463][  0]LogMemory: Process Physical Memory: 266.84 MB used, 266.84 MB peak
[2021.10.16-05.21.40:463][  0]LogMemory: Process Virtual Memory: 260.07 MB used, 260.07 MB peak
[2021.10.16-05.21.40:463][  0]LogMemory: Physical Memory: 14932.17 MB used,  17597.52 MB free, 32529.69 MB total
[2021.10.16-05.21.40:463][  0]LogMemory: Virtual Memory: 4764.54 MB used,  17597.52 MB free, 134217728.00 MB total
[2021.10.16-05.21.40:756][  0]LogTextLocalizationManager: No specific translations for ('en-US') exist, so ('en') translations will be used.
[2021.10.16-05.21.41:320][  0]LogD3D11RHI: D3D11 adapters:
[2021.10.16-05.21.41:421][  0]LogD3D11RHI:    0. 'NVIDIA GeForce RTX 2070' (Feature Level 11_0)
[2021.10.16-05.21.41:421][  0]LogD3D11RHI:       8031/0/16264 MB DedicatedVideo/DedicatedSystem/SharedSystem, Outputs:3, VendorId:0x10de
[2021.10.16-05.21.41:442][  0]LogD3D11RHI:    1. 'Intel(R) UHD Graphics' (Feature Level 11_0)
[2021.10.16-05.21.41:442][  0]LogD3D11RHI:       128/0/16264 MB DedicatedVideo/DedicatedSystem/SharedSystem, Outputs:0, VendorId:0x8086
[2021.10.16-05.21.41:462][  0]LogD3D11RHI:    2. 'Intel(R) UHD Graphics' (Feature Level 11_0)
[2021.10.16-05.21.41:462][  0]LogD3D11RHI:       128/0/16264 MB DedicatedVideo/DedicatedSystem/SharedSystem, Outputs:0, VendorId:0x8086
[2021.10.16-05.21.41:482][  0]LogD3D11RHI:    3. 'Intel(R) UHD Graphics' (Feature Level 11_0)
[2021.10.16-05.21.41:482][  0]LogD3D11RHI:       128/0/16264 MB DedicatedVideo/DedicatedSystem/SharedSystem, Outputs:0, VendorId:0x8086
[2021.10.16-05.21.41:484][  0]LogD3D11RHI:    4. 'Microsoft Basic Render Driver' (Feature Level 11_0)
[2021.10.16-05.21.41:484][  0]LogD3D11RHI:       0/0/16264 MB DedicatedVideo/DedicatedSystem/SharedSystem, Outputs:0, VendorId:0x1414
[2021.10.16-05.21.41:484][  0]LogD3D11RHI: Chosen D3D11 Adapter: 0
[2021.10.16-05.21.41:490][  0]LogD3D11RHI: Creating new Direct3DDevice
[2021.10.16-05.21.41:490][  0]LogD3D11RHI:     GPU DeviceId: 0x1f14 (for the marketing name, search the web for "GPU Device Id")
[2021.10.16-05.21.41:490][  0]LogWindows: EnumDisplayDevices:
[2021.10.16-05.21.41:490][  0]LogWindows:    0. 'Intel(R) UHD Graphics' (P:1 D:1)
[2021.10.16-05.21.41:490][  0]LogWindows:    1. 'Intel(R) UHD Graphics' (P:0 D:0)
[2021.10.16-05.21.41:490][  0]LogWindows:    2. 'Intel(R) UHD Graphics' (P:0 D:0)
[2021.10.16-05.21.41:490][  0]LogWindows:    3. 'NVIDIA GeForce RTX 2070' (P:0 D:0)
[2021.10.16-05.21.41:490][  0]LogWindows:    4. 'NVIDIA GeForce RTX 2070' (P:0 D:0)
[2021.10.16-05.21.41:491][  0]LogWindows:    5. 'NVIDIA GeForce RTX 2070' (P:0 D:0)
[2021.10.16-05.21.41:491][  0]LogWindows:    6. 'NVIDIA GeForce RTX 2070' (P:0 D:0)
[2021.10.16-05.21.41:491][  0]LogWindows:    7. 'DisplayLink USB Device' (P:0 D:0)
[2021.10.16-05.21.41:491][  0]LogWindows:    8. 'DisplayLink USB Device' (P:0 D:1)
[2021.10.16-05.21.41:491][  0]LogWindows:    9. 'DisplayLink USB Device' (P:0 D:1)
[2021.10.16-05.21.41:491][  0]LogWindows: DebugString: GetVideoDriverDetailsInvalid PrimaryIsNotTheChoosenAdapter GetVideoDriverDetailsInvalid PrimaryIsNotTheChoosenAdapter GetVideoDriverDetailsInvalid PrimaryIsNotTheChoosenAdapter GetVideoDriverDetailsInvalid PrimaryIsNotTheChoosenAdapter GetVideoDriverDetailsInvalid PrimaryIsNotTheChoosenAdapter GetVideoDriverDetailsInvalid PrimaryIsNotTheChoosenAdapter GetVideoDriverDetailsInvalid PrimaryIsNotTheChoosenAdapter GetVideoDriverDetailsInvalid PrimaryIsNotTheChoosenAdapter GetVideoDriverDetailsInvalid PrimaryIsNotTheChoosenAdapter GetVideoDriverDetailsInvalid PrimaryIsNotTheChoosenAdapter FoundDriverCount:0 
[2021.10.16-05.21.41:491][  0]LogD3D11RHI:     Adapter Name: NVIDIA GeForce RTX 2070
[2021.10.16-05.21.41:491][  0]LogD3D11RHI:   Driver Version: Unknown (internal:Unknown, unified:Unknown)
[2021.10.16-05.21.41:491][  0]LogD3D11RHI:      Driver Date: Unknown
[2021.10.16-05.21.41:491][  0]LogRHI: Texture pool is 1361 MB (70% of 1945 MB)
[2021.10.16-05.21.41:562][  0]LogD3D11RHI: Async texture creation enabled
[2021.10.16-05.21.41:575][  0]LogD3D11RHI: GPU Timing Frequency: 1000.000000 (Debug: 2 1)
[2021.10.16-05.21.41:578][  0]LogShaderCompilers: Guid format shader working directory is -100 characters bigger than the processId version (D:/The Tech Academy - Game Developer Boot Camp/C++ And Unreal Engine Course/Blueprint and C++ Integration in Unreal Engine 4/02-project-setup/Pong/Intermediate/Shaders/WorkingDirectory/17924/).
[2021.10.16-05.21.41:578][  0]LogShaderCompilers: Cleaned the shader compiler working directory 'C:/Users/jadams/AppData/Local/Temp/UnrealShaderWorkingDir/E8E7B2194BCB1EDBFCF618ABCFF6D530/'.
[2021.10.16-05.21.41:578][  0]LogShaderCompilers:Display: Using Local Shader Compiler.
[2021.10.16-05.21.42:521][  0]LogTemp:Display: Loaded TP AllDesktopTargetPlatform
[2021.10.16-05.21.42:584][  0]LogTemp:Display: Loaded TP MacClientTargetPlatform
[2021.10.16-05.21.42:648][  0]LogTemp:Display: Loaded TP MacNoEditorTargetPlatform
[2021.10.16-05.21.42:717][  0]LogTemp:Display: Loaded TP MacServerTargetPlatform
[2021.10.16-05.21.42:781][  0]LogTemp:Display: Loaded TP MacTargetPlatform
[2021.10.16-05.21.42:844][  0]LogTemp:Display: Loaded TP WindowsClientTargetPlatform
[2021.10.16-05.21.42:909][  0]LogTemp:Display: Loaded TP WindowsNoEditorTargetPlatform
[2021.10.16-05.21.42:973][  0]LogTemp:Display: Loaded TP WindowsServerTargetPlatform
[2021.10.16-05.21.43:029][  0]LogTemp:Display: Loaded TP WindowsTargetPlatform
[2021.10.16-05.21.43:095][  0]LogTemp:Display: Loaded TP AndroidTargetPlatform
[2021.10.16-05.21.43:160][  0]LogTemp:Display: Loaded TP Android_ASTCTargetPlatform
[2021.10.16-05.21.43:227][  0]LogTemp:Display: Loaded TP Android_ATCTargetPlatform
[2021.10.16-05.21.43:290][  0]LogTemp:Display: Loaded TP Android_DXTTargetPlatform
[2021.10.16-05.21.43:353][  0]LogTemp:Display: Loaded TP Android_ETC1TargetPlatform
[2021.10.16-05.21.43:416][  0]LogTemp:Display: Loaded TP Android_ETC2TargetPlatform
[2021.10.16-05.21.43:543][  0]LogTemp:Display: Loaded TP Android_MultiTargetPlatform
[2021.10.16-05.21.43:543][  0]LogTemp:Display: Loaded TP Android_PVRTCTargetPlatform
[2021.10.16-05.21.43:593][  0]LogTemp:Display: Loaded TP HTML5TargetPlatform
[2021.10.16-05.21.43:708][  0]LogTemp:Display: Loaded TP IOSTargetPlatform
[2021.10.16-05.21.43:750][  0]LogTemp:Display: Loaded TP TVOSTargetPlatform
[2021.10.16-05.21.43:811][  0]LogTemp:Display: Loaded TP LinuxClientTargetPlatform
[2021.10.16-05.21.43:872][  0]LogTemp:Display: Loaded TP LinuxNoEditorTargetPlatform
[2021.10.16-05.21.43:934][  0]LogTemp:Display: Loaded TP LinuxServerTargetPlatform
[2021.10.16-05.21.43:995][  0]LogTemp:Display: Loaded TP LinuxTargetPlatform
[2021.10.16-05.21.43:995][  0]LogTargetPlatformManager:Display: Building Assets For Windows
[2021.10.16-05.21.44:603][  0]LogDerivedDataCache:Display: Max Cache Size: 512 MB
[2021.10.16-05.21.44:635][  0]LogDerivedDataCache: Loaded boot cache 0.03s 50MB C:/Users/jadams/AppData/Local/UnrealEngine/4.15/DerivedDataCache/Boot.ddc.
[2021.10.16-05.21.44:635][  0]LogDerivedDataCache:Display: Loaded Boot cache: C:/Users/jadams/AppData/Local/UnrealEngine/4.15/DerivedDataCache/Boot.ddc
[2021.10.16-05.21.44:635][  0]LogDerivedDataCache: FDerivedDataBackendGraph:  Pak pak cache file D:/The Tech Academy - Game Developer Boot Camp/C++ And Unreal Engine Course/Blueprint and C++ Integration in Unreal Engine 4/02-project-setup/Pong/DerivedDataCache/DDC.ddp not found, will not use a pak cache.
[2021.10.16-05.21.44:635][  0]LogDerivedDataCache: Unable to find inner node Pak for hierarchical cache Hierarchy.
[2021.10.16-05.21.44:635][  0]LogDerivedDataCache: FDerivedDataBackendGraph:  CompressedPak pak cache file D:/The Tech Academy - Game Developer Boot Camp/C++ And Unreal Engine Course/Blueprint and C++ Integration in Unreal Engine 4/02-project-setup/Pong/DerivedDataCache/Compressed.ddp not found, will not use a pak cache.
[2021.10.16-05.21.44:635][  0]LogDerivedDataCache: Unable to find inner node CompressedPak for hierarchical cache Hierarchy.
[2021.10.16-05.21.44:648][  0]LogDerivedDataCache:Display: Pak cache opened for reading ../../../Engine/DerivedDataCache/Compressed.ddp.
[2021.10.16-05.21.44:660][  0]LogDerivedDataCache: Using Local data cache path C:/Users/jadams/AppData/Local/UnrealEngine/Common/DerivedDataCache: Writable
[2021.10.16-05.21.44:667][  0]LogSlate: Using Freetype 2.6.0
[2021.10.16-05.21.44:667][  0]LogSlate: SlateFontCache - WITH_FREETYPE: 1, WITH_HARFBUZZ: 1
[2021.10.16-05.21.44:667][  0]LogSlate: SlateFontCache - WITH_FREETYPE: 1, WITH_HARFBUZZ: 1
[2021.10.16-05.21.44:866][  0]LogInit: Selected Device Profile: [Windows]
[2021.10.16-05.21.44:868][  0]LogContentStreaming: Texture pool size is 0.00 MB
[2021.10.16-05.21.45:107][  0]LogMeshUtilities: Using QuadricMeshReduction for automatic static mesh reduction
[2021.10.16-05.21.45:164][  0]LogSimplygon: Simplygon DLL not present - disabling.
[2021.10.16-05.21.45:223][  0]LogMeshUtilities: Using SimplygonSwarm for distributed automatic mesh merging
[2021.10.16-05.21.45:223][  0]LogMeshUtilities: No automatic skeletal mesh reduction module available
[2021.10.16-05.21.45:223][  0]LogMeshUtilities: No automatic mesh merging module available
[2021.10.16-05.21.45:705][  0]LogNetVersion: GetLocalNetworkVersion: CL: 3299760, ProjectName: pong, ProjectVersion: , EngineNetworkVersion: 2, GameNetworkVersion: 0, NetworkChecksum: 207199129
[2021.10.16-05.21.45:760][  0]LogAssetRegistry: FAssetRegistry took 0.0221 seconds to start up
[2021.10.16-05.21.45:804][  0]LogPackageLocalizationCache: Processed 3 localized package path(s) for 2 prioritized culture(s) in 0.014563 seconds
[2021.10.16-05.21.45:807][  0]LogUObjectArray: 32493 objects as part of root set at end of initial load.
[2021.10.16-05.21.45:807][  0]LogUObjectAllocator: 7077032 out of 0 bytes used by permanent object pool.
[2021.10.16-05.21.45:808][  0]LogUObjectArray: CloseDisregardForGC: 0/0 objects in disregard for GC pool
[2021.10.16-05.21.45:898][  0]LogInit: WinSock: version 1.1 (2.2), MaxSocks=32767, MaxUdp=65467
[2021.10.16-05.21.47:798][  0]LogTcpMessaging: Initializing TcpMessaging bridge
[2021.10.16-05.21.47:847][  0]LogUdpMessaging: Initializing bridge on interface 0.0.0.0:0 to multicast group 230.0.0.1:6666.
[2021.10.16-05.21.48:460][  0]LogMaterial: Uniform references updated for custom material expression Custom.
[2021.10.16-05.21.48:914][  0]SourceControl: Info Source control is disabled
[2021.10.16-05.21.48:952][  0]SourceControl: Info Source control is disabled
[2021.10.16-05.21.49:012][  0]SourceControl: Info Source control is disabled
[2021.10.16-05.21.49:070][  0]SourceControl: Info Source control is disabled
[2021.10.16-05.21.50:624][  0]LogEngine: Initializing Engine...
[2021.10.16-05.21.50:624][  0]LogHMD: Failed to initialize OpenVR with code 110
[2021.10.16-05.21.50:706][  0]LogStats: UGameplayTagsManager::ConstructGameplayTagTree: Construct from data asset -  0.000 s
[2021.10.16-05.21.50:706][  0]LogStats: UGameplayTagsManager::ConstructGameplayTagTree: GameplayTagTreeChangedEvent.Broadcast -  0.000 s
[2021.10.16-05.21.50:868][  0]LogAIModule: Creating AISystem for world Untitled
[2021.10.16-05.21.50:964][  0]LogInit: XAudio2 using 'Headset (Hesh 2 Wireless Hands-Free AG Audio)' : 1 channels at 16 kHz using 16 bits per sample (channel mask 0x4)
[2021.10.16-05.21.51:722][  0]LogAudio:Error: CreateSubmixVoice (Reverb) error: XAPO Creation Failed
[2021.10.16-05.21.51:723][  0]LogInit: FAudioDevice initialized.
[2021.10.16-05.21.51:740][  0]LogDerivedDataCache: Saved boot cache 0.02s 50MB C:/Users/jadams/AppData/Local/UnrealEngine/4.15/DerivedDataCache/Boot.ddc.
[2021.10.16-05.21.51:743][  0]LogInit: Texture streaming: Enabled
[2021.10.16-05.21.51:878][  0]LogEngineSessionManager: EngineSessionManager initialized
[2021.10.16-05.21.51:989][  0]LogInit: Transaction tracking system initialized
[2021.10.16-05.21.52:441][  0]BlueprintLog: New page: Editor Load
[2021.10.16-05.21.53:606][  0]LocalizationService: Info Localization service is disabled
[2021.10.16-05.21.54:457][  0]LogConsoleResponse:Display: 
[2021.10.16-05.21.54:574][  0]LogCook:Display: Max memory allowance for cook 16384mb min free memory 0mb
[2021.10.16-05.21.54:574][  0]LogCook:Display: Mobile HDR setting 1
[2021.10.16-05.21.55:514][  0]LogFileCache: Scanning file cache for directory 'D:/The Tech Academy - Game Developer Boot Camp/C++ And Unreal Engine Course/Blueprint and C++ Integration in Unreal Engine 4/02-project-setup/Pong/Content/' took 0.01s
[2021.10.16-05.21.55:889][  0]SourceControl: Info Source control is disabled
[2021.10.16-05.21.55:890][  0]LightingResults: New page: Lighting Build
[2021.10.16-05.21.55:941][  0]MapCheck: New page: Map Check
[2021.10.16-05.21.55:941][  0]LightingResults: New page: Lighting Build
[2021.10.16-05.21.55:972][  0]LogAIModule: Creating AISystem for world Main
[2021.10.16-05.21.55:986][  0]LogEditorServer: Finished looking for orphan Actors (0.000 secs)
[2021.10.16-05.21.55:987][  0]Cmd: MAP CHECKDEP NOCLEARLOG
[2021.10.16-05.21.56:019][  0]MapCheck: Info Map check complete: 0 Error(s), 0 Warning(s), took 31.376ms to complete.
[2021.10.16-05.21.56:019][  0]LogFileHelpers: Loading map 'Main' took 0.129
[2021.10.16-05.21.56:178][  0]LogCollectionManager: Loaded 0 collections in 0.001072 seconds
[2021.10.16-05.21.56:268][  0]LogFileCache: Scanning file cache for directory 'D:/The Tech Academy - Game Developer Boot Camp/C++ And Unreal Engine Course/Blueprint and C++ Integration in Unreal Engine 4/02-project-setup/Pong/Saved/Collections/' took 0.01s
[2021.10.16-05.21.56:268][  0]LogFileCache: Scanning file cache for directory 'D:/The Tech Academy - Game Developer Boot Camp/C++ And Unreal Engine Course/Blueprint and C++ Integration in Unreal Engine 4/02-project-setup/Pong/Content/Developers/jadams/Collections/' took 0.01s
[2021.10.16-05.21.56:268][  0]LogFileCache: Scanning file cache for directory 'D:/The Tech Academy - Game Developer Boot Camp/C++ And Unreal Engine Course/Blueprint and C++ Integration in Unreal Engine 4/02-project-setup/Pong/Content/Collections/' took 0.01s
[2021.10.16-05.21.56:268][  0]LogCollectionManager: Rebuilt the GUID cache for 0 collections in 0.000001 seconds
[2021.10.16-05.21.56:276][  0]LogContentBrowser: Native class hierarchy populated in 0.0071 seconds. Added 2250 classes and 455 folders.
[2021.10.16-05.21.56:360][  0]LogContentBrowser: Native class hierarchy updated for 'WidgetCarousel' in 0.0009 seconds. Added 0 classes and 0 folders.
[2021.10.16-05.21.56:391][  0]LogContentBrowser: Native class hierarchy updated for 'AddContentDialog' in 0.0009 seconds. Added 0 classes and 0 folders.
[2021.10.16-05.21.56:445][  0]LogContentBrowser: Native class hierarchy updated for 'SceneOutliner' in 0.0009 seconds. Added 1 classes and 2 folders.
[2021.10.16-05.21.56:534][  0]LogCrashTracker: Crashtracker disabled due to settings.
[2021.10.16-05.21.56:547][  0]LogDirectoryWatcher:Warning: Failed to begin reading directory changes for D:/The Tech Academy - Game Developer Boot Camp/C++ And Unreal Engine Course/Blueprint and C++ Integration in Unreal Engine 4/02-project-setup/Pong/Plugins/. Error: The system cannot find the file specified. (0x00000002)
[2021.10.16-05.21.56:556][  0]LogUObjectGlobals:Warning: Failed to find object 'Class None.'
[2021.10.16-05.21.56:647][  0]LogContentBrowser: Native class hierarchy updated for 'HierarchicalLODOutliner' in 0.0010 seconds. Added 1 classes and 2 folders.
[2021.10.16-05.21.56:647][  0]LogLoad: (Engine Initialization) Total time: 18.37 seconds
[2021.10.16-05.21.56:647][  0]LogLoad: (Engine Initialization) Total Blueprint compile time: 0.05 seconds
[2021.10.16-05.21.56:647][  0]LogExternalProfiler: No external profilers were discovered.  External profiling features will not be available.
[2021.10.16-05.21.56:665][  0]LogOcInput: OculusInput pre-init called
[2021.10.16-05.21.56:680][  0]LogAssetRegistry: Asset discovery search completed in 10.9427 seconds
[2021.10.16-05.21.56:680][  0]LogCollectionManager: Rebuilt the object cache for 0 collections in 0.000003 seconds (found 0 objects)
[2021.10.16-05.21.56:680][  0]LogCollectionManager: Fixed up redirectors for 0 collections in 0.000014 seconds (updated 0 objects)
[2021.10.16-05.21.56:684][  0]LogContentStreaming: Texture pool size now 1000 MB
[2021.10.16-05.21.56:692][  0]LogSlate: Took 0.000247 seconds to synchronously load lazily loaded font '../../../Engine/Content/Slate/Fonts/Roboto-Regular.ttf' (155K)
[2021.10.16-05.21.56:695][  0]LogSlate: Took 0.000395 seconds to synchronously load lazily loaded font '../../../Engine/Content/Slate/Fonts/Roboto-Bold.ttf' (160K)
[2021.10.16-05.21.56:699][  0]LogSlate: Took 0.000277 seconds to synchronously load lazily loaded font '../../../Engine/Content/Editor/Slate/Fonts/FontAwesome.ttf' (139K)
[2021.10.16-05.21.56:815][  0]LogSlate: Took 0.000297 seconds to synchronously load lazily loaded font '../../../Engine/Content/Slate/Fonts/Roboto-Light.ttf' (159K)
[2021.10.16-05.21.56:877][  0]LogRenderer: Reallocating scene render targets to support 1152x660 NumSamples 1 (Frame:2).
[2021.10.16-05.22.00:063][181]LogDirectoryWatcher: A directory notification for '../../../Engine/Plugins/' was aborted.
[2021.10.16-05.50.11:552][339]LogHotReload: New module detected: UE4Editor-Pong-5080.dll
[2021.10.16-05.50.12:236][342]LogHotReload: Starting Hot-Reload from IDE
[2021.10.16-05.50.12:244][342]LogSlate: Took 0.000160 seconds to synchronously load lazily loaded font '../../../Engine/Content/Slate/Fonts/Roboto-Light.ttf' (159K)
[2021.10.16-05.50.12:347][342]LogClass: Could not find existing class Ball in package /Script/Pong for HotReload, assuming new class
[2021.10.16-05.50.12:352][342]LogHotReload: Re-instancing Ball after hot-reload.
[2021.10.16-05.50.12:383][342]LogContentBrowser: Native class hierarchy updated for 'Pong' in 0.0010 seconds. Added 5 classes and 2 folders.
[2021.10.16-05.50.12:384][342]Display: HotReload successful (0 functions remapped  0 scriptstructs remapped)
[2021.10.16-05.50.12:464][342]LogContentBrowser: Native class hierarchy populated in 0.0081 seconds. Added 2252 classes and 459 folders.
[2021.10.16-05.50.12:472][342]Display: HotReload took  0.2s.
[2021.10.16-05.51.19:401][122]LogSlate: Took 0.008150 seconds to synchronously load lazily loaded font '../../../Engine/Content/Editor/Slate/Fonts/Roboto-BoldCondensed.ttf' (158K)
[2021.10.16-05.51.51:482][985]LogContentBrowser: Native class hierarchy updated for 'BlueprintGraph' in 0.0013 seconds. Added 112 classes and 0 folders.
[2021.10.16-05.51.52:308][986]LogRenderer: Reallocating scene render targets to support 1152x764 NumSamples 1 (Frame:2303).
[2021.10.16-05.52.00:031][396]LogRenderer: Reallocating scene render targets to support 1152x772 NumSamples 1 (Frame:3081).
[2021.10.16-05.52.00:271][403]LogRenderer: Reallocating scene render targets to support 1152x900 NumSamples 1 (Frame:3085).
[2021.10.16-05.52.11:249][ 61]LogSlate: Took 0.008787 seconds to synchronously load lazily loaded font '../../../Engine/Content/Editor/Slate/Fonts/Roboto-Italic.ttf' (157K)
[2021.10.16-05.52.56:060][664]LogSlate: Took 0.000141 seconds to synchronously load lazily loaded font '../../../Engine/Content/Slate/Fonts/Roboto-Light.ttf' (159K)
[2021.10.16-05.52.57:299][730]LogTexture:Display: Building textures: Ball (BGRA8, 74X74) - 94 MB total VRAM
[2021.10.16-05.54.37:699][643]LogFileHelpers: Editor autosave (incl. sublevels) for '/Game/Maps/Main' took 0.022
[2021.10.16-05.54.37:704][643]OBJ SavePackage: Generating thumbnails for [0] asset(s) in package [/Game/Blueprints/BP_Ball] ([1] browsable assets)...
[2021.10.16-05.54.37:704][643]OBJ SavePackage: Finished generating thumbnails for package [/Game/Blueprints/BP_Ball]
[2021.10.16-05.54.37:715][643]LogSavePackage: Save=10.47ms
[2021.10.16-05.54.37:715][643]LogSavePackage: Moving 'D:/The Tech Academy - Game Developer Boot Camp/C++ And Unreal Engine Course/Blueprint and C++ Integration in Unreal Engine 4/02-project-setup/Pong/Saved/BP_Ball_Auto1C193FAA54B14C0E1B0A7C188D4CBE1E2.tmp' to 'D:/The Tech Academy - Game Developer Boot Camp/C++ And Unreal Engine Course/Blueprint and C++ Integration in Unreal Engine 4/02-project-setup/Pong/Saved/Autosaves/Game/Blueprints/BP_Ball_Auto1.uasset'
[2021.10.16-05.54.37:715][643]LogSavePackage:Display: Finished SavePackage D:/The Tech Academy - Game Developer Boot Camp/C++ And Unreal Engine Course/Blueprint and C++ Integration in Unreal Engine 4/02-project-setup/Pong/Saved/Autosaves/Game/Blueprints/BP_Ball_Auto1.uasset
[2021.10.16-05.54.37:715][643]LogFileHelpers: Auto-saving content packages took 0.016
[2021.10.16-05.55.05:634][727]LogHotReload: New module detected: UE4Editor-Pong-3272.dll
[2021.10.16-05.55.06:321][730]LogHotReload: Starting Hot-Reload from IDE
[2021.10.16-05.55.06:455][730]LogHotReload: Re-instancing Ball after hot-reload.
[2021.10.16-05.55.06:738][730]LogContentBrowser: Native class hierarchy updated for 'Pong' in 0.0011 seconds. Added 5 classes and 2 folders.
[2021.10.16-05.55.06:740][730]Display: HotReload successful (0 functions remapped  0 scriptstructs remapped)
[2021.10.16-05.55.06:978][730]LogContentBrowser: Native class hierarchy populated in 0.0085 seconds. Added 2252 classes and 459 folders.
[2021.10.16-05.55.06:982][730]Display: HotReload took  0.7s.
[2021.10.16-05.55.53:576][786]LogD3D11RHI:Error: Result failed 
 at D:\Build\++UE4+Release-4.15+Compile\Sync\Engine\Source\Runtime\Windows\D3D11RHI\Private\D3D11Viewport.cpp:289 
 with error 887A0022
[2021.10.16-05.55.53:588][786]LogWindows: Windows GetLastError: The operation completed successfully. (0)
