Log file open, 10/15/21 23:51:53
LogInit:Display: Running engine for game: Pong
LogPlatformFile: Not using cached read wrapper
LogInit:Display: RandInit(-641379907) SRandInit(-641379907).
LogTaskGraph: Started task graph with 5 named threads and 10 total threads with 1 sets of task threads.
LogStats: Stats thread started at 0.647238
LogInit: Using libcurl 7.47.1
LogInit:  - built for x86_64-pc-win32
LogInit:  - supports SSL with OpenSSL/1.0.2g
LogInit:  - supports HTTP deflate (compression) using libz 1.2.8
LogInit:  - other features:
LogInit:      CURL_VERSION_SSL
LogInit:      CURL_VERSION_LIBZ
LogInit:      CURL_VERSION_IPV6
LogInit:      CURL_VERSION_ASYNCHDNS
LogInit:      CURL_VERSION_LARGEFILE
LogInit:      CURL_VERSION_IDN
LogInit:  CurlRequestOptions (configurable via config and command line):
LogInit:  - bVerifyPeer = false  - Libcurl will NOT verify peer certificate
LogInit:  - bUseHttpProxy = false  - Libcurl will NOT use HTTP proxy
LogInit:  - bDontReuseConnections = false  - Libcurl will reuse connections
LogInit:  - CertBundlePath = nullptr  - Libcurl will use whatever was configured at build time.
LogInit: Build: ++UE4+Release-4.15-CL-3450819
LogInit: Engine Version: 4.15.3-3450819+++UE4+Release-4.15
LogInit: Compatible Engine Version: 4.15.0-3299760+++UE4+Release-4.15
LogInit: Net CL: 3299760
LogDevObjectVersion: Number of dev versions registered: 14
LogDevObjectVersion:   Dev-Blueprints (B0D832E4-1F89-4F0D-ACCF-7EB736FD4AA2): 8
LogDevObjectVersion:   Dev-Build (E1C64328-A22C-4D53-A36C-8E866417BD8C): 0
LogDevObjectVersion:   Dev-Core (375EC13C-06E4-48FB-B500-84F0262A717E): 2
LogDevObjectVersion:   Dev-Editor (E4B068ED-F494-42E9-A231-DA0B2E46BB41): 14
LogDevObjectVersion:   Dev-Framework (CFFC743F-43B0-4480-9391-14DF171D2073): 22
LogDevObjectVersion:   Dev-Mobile (B02B49B5-BB20-44E9-A304-32B752E40360): 0
LogDevObjectVersion:   Dev-Networking (A4E4105C-59A1-49B5-A7C5-40C4547EDFEE): 0
LogDevObjectVersion:   Dev-Online (39C831C9-5AE6-47DC-9A44-9C173E1C8E7C): 0
LogDevObjectVersion:   Dev-Physics (78F01B33-EBEA-4F98-B9B4-84EACCB95AA2): 0
LogDevObjectVersion:   Dev-Platform (6631380F-2D4D-43E0-8009-CF276956A95A): 0
LogDevObjectVersion:   Dev-Rendering (12F88B9F-8875-4AFC-A67C-D90C383ABD29): 12
LogDevObjectVersion:   Dev-Sequencer (7B5AE74C-D270-4C10-A958-57980B212A5A): 3
LogDevObjectVersion:   Dev-VR (D7296918-1DD6-4BDD-9DE2-64A83CC13884): 0
LogDevObjectVersion:   Dev-LoadTimes (C2A15278-BFE7-4AFE-6C17-90FF531DF755): 1
LogInit: Compiled (64-bit): May 21 2017 11:02:34
LogInit: Compiled with Visual C++: 19.00.23026.00
LogInit: Build Configuration: Development
LogInit: Branch Name: ++UE4+Release-4.15
LogInit: Command line:  
LogInit: Base directory: C:/Program Files/Epic Games/UE_4.15/Engine/Binaries/Win64/
LogInit: Installed Engine Build: 1
LogInit: Presizing for max 8388607 objects, including 0 objects not considered by GC, pre-allocating 0 bytes for permanent pool.
LogInit: Object subsystem initialized
[2021.10.16-03.51.54:280][  0]LogInit: Selected Device Profile: [Windows]
[2021.10.16-03.51.54:280][  0]LogInit: Applying CVar settings loaded from the selected device profile: [Windows]
[2021.10.16-03.51.54:290][  0]LogInit: Computer: JADAMS2CH17
[2021.10.16-03.51.54:290][  0]LogInit: User: jadams
[2021.10.16-03.51.54:290][  0]LogInit: CPU Page size=65536, Cores=6
[2021.10.16-03.51.54:290][  0]LogInit: High frequency timer resolution =10.000000 MHz
[2021.10.16-03.51.54:290][  0]LogMemory: Memory total: Physical=31.8GB (32GB approx)
[2021.10.16-03.51.54:290][  0]LogMemory: Platform Memory Stats for Windows
[2021.10.16-03.51.54:290][  0]LogMemory: Process Physical Memory: 266.78 MB used, 266.79 MB peak
[2021.10.16-03.51.54:290][  0]LogMemory: Process Virtual Memory: 259.96 MB used, 259.96 MB peak
[2021.10.16-03.51.54:290][  0]LogMemory: Physical Memory: 12351.08 MB used,  20178.61 MB free, 32529.69 MB total
[2021.10.16-03.51.54:290][  0]LogMemory: Virtual Memory: 4764.54 MB used,  20178.61 MB free, 134217728.00 MB total
[2021.10.16-03.51.54:829][  0]LogTextLocalizationManager: No specific translations for ('en-US') exist, so ('en') translations will be used.
[2021.10.16-03.51.57:218][  0]LogD3D11RHI: D3D11 adapters:
[2021.10.16-03.51.57:337][  0]LogD3D11RHI:    0. 'NVIDIA GeForce RTX 2070' (Feature Level 11_0)
[2021.10.16-03.51.57:338][  0]LogD3D11RHI:       8031/0/16264 MB DedicatedVideo/DedicatedSystem/SharedSystem, Outputs:3, VendorId:0x10de
[2021.10.16-03.51.57:378][  0]LogD3D11RHI:    1. 'Intel(R) UHD Graphics' (Feature Level 11_0)
[2021.10.16-03.51.57:378][  0]LogD3D11RHI:       128/0/16264 MB DedicatedVideo/DedicatedSystem/SharedSystem, Outputs:0, VendorId:0x8086
[2021.10.16-03.51.57:399][  0]LogD3D11RHI:    2. 'Intel(R) UHD Graphics' (Feature Level 11_0)
[2021.10.16-03.51.57:399][  0]LogD3D11RHI:       128/0/16264 MB DedicatedVideo/DedicatedSystem/SharedSystem, Outputs:0, VendorId:0x8086
[2021.10.16-03.51.57:418][  0]LogD3D11RHI:    3. 'Intel(R) UHD Graphics' (Feature Level 11_0)
[2021.10.16-03.51.57:418][  0]LogD3D11RHI:       128/0/16264 MB DedicatedVideo/DedicatedSystem/SharedSystem, Outputs:0, VendorId:0x8086
[2021.10.16-03.51.57:423][  0]LogD3D11RHI:    4. 'Microsoft Basic Render Driver' (Feature Level 11_0)
[2021.10.16-03.51.57:423][  0]LogD3D11RHI:       0/0/16264 MB DedicatedVideo/DedicatedSystem/SharedSystem, Outputs:0, VendorId:0x1414
[2021.10.16-03.51.57:423][  0]LogD3D11RHI: Chosen D3D11 Adapter: 0
[2021.10.16-03.51.57:429][  0]LogD3D11RHI: Creating new Direct3DDevice
[2021.10.16-03.51.57:430][  0]LogD3D11RHI:     GPU DeviceId: 0x1f14 (for the marketing name, search the web for "GPU Device Id")
[2021.10.16-03.51.57:430][  0]LogWindows: EnumDisplayDevices:
[2021.10.16-03.51.57:430][  0]LogWindows:    0. 'Intel(R) UHD Graphics' (P:1 D:1)
[2021.10.16-03.51.57:430][  0]LogWindows:    1. 'Intel(R) UHD Graphics' (P:0 D:0)
[2021.10.16-03.51.57:430][  0]LogWindows:    2. 'Intel(R) UHD Graphics' (P:0 D:0)
[2021.10.16-03.51.57:430][  0]LogWindows:    3. 'NVIDIA GeForce RTX 2070' (P:0 D:0)
[2021.10.16-03.51.57:430][  0]LogWindows:    4. 'NVIDIA GeForce RTX 2070' (P:0 D:0)
[2021.10.16-03.51.57:430][  0]LogWindows:    5. 'NVIDIA GeForce RTX 2070' (P:0 D:0)
[2021.10.16-03.51.57:431][  0]LogWindows:    6. 'NVIDIA GeForce RTX 2070' (P:0 D:0)
[2021.10.16-03.51.57:431][  0]LogWindows:    7. 'DisplayLink USB Device' (P:0 D:0)
[2021.10.16-03.51.57:431][  0]LogWindows:    8. 'DisplayLink USB Device' (P:0 D:1)
[2021.10.16-03.51.57:431][  0]LogWindows:    9. 'DisplayLink USB Device' (P:0 D:1)
[2021.10.16-03.51.57:431][  0]LogWindows: DebugString: GetVideoDriverDetailsInvalid PrimaryIsNotTheChoosenAdapter GetVideoDriverDetailsInvalid PrimaryIsNotTheChoosenAdapter GetVideoDriverDetailsInvalid PrimaryIsNotTheChoosenAdapter GetVideoDriverDetailsInvalid PrimaryIsNotTheChoosenAdapter GetVideoDriverDetailsInvalid PrimaryIsNotTheChoosenAdapter GetVideoDriverDetailsInvalid PrimaryIsNotTheChoosenAdapter GetVideoDriverDetailsInvalid PrimaryIsNotTheChoosenAdapter GetVideoDriverDetailsInvalid PrimaryIsNotTheChoosenAdapter GetVideoDriverDetailsInvalid PrimaryIsNotTheChoosenAdapter GetVideoDriverDetailsInvalid PrimaryIsNotTheChoosenAdapter FoundDriverCount:0 
[2021.10.16-03.51.57:431][  0]LogD3D11RHI:     Adapter Name: NVIDIA GeForce RTX 2070
[2021.10.16-03.51.57:432][  0]LogD3D11RHI:   Driver Version: Unknown (internal:Unknown, unified:Unknown)
[2021.10.16-03.51.57:432][  0]LogD3D11RHI:      Driver Date: Unknown
[2021.10.16-03.51.57:432][  0]LogRHI: Texture pool is 1361 MB (70% of 1945 MB)
[2021.10.16-03.51.57:510][  0]LogD3D11RHI: Async texture creation enabled
[2021.10.16-03.51.57:561][  0]LogD3D11RHI: GPU Timing Frequency: 1000.000000 (Debug: 2 2)
[2021.10.16-03.51.57:569][  0]LogShaderCompilers: Guid format shader working directory is -100 characters bigger than the processId version (D:/The Tech Academy - Game Developer Boot Camp/C++ And Unreal Engine Course/Blueprint and C++ Integration in Unreal Engine 4/02-project-setup/Pong/Intermediate/Shaders/WorkingDirectory/24892/).
[2021.10.16-03.51.57:569][  0]LogShaderCompilers: Cleaned the shader compiler working directory 'C:/Users/jadams/AppData/Local/Temp/UnrealShaderWorkingDir/AB90FDD64AFBEA3C0A0F5C9F9C115B2A/'.
[2021.10.16-03.51.57:569][  0]LogShaderCompilers:Display: Using Local Shader Compiler.
[2021.10.16-03.51.59:483][  0]LogTemp:Display: Loaded TP AllDesktopTargetPlatform
[2021.10.16-03.51.59:545][  0]LogTemp:Display: Loaded TP MacClientTargetPlatform
[2021.10.16-03.51.59:606][  0]LogTemp:Display: Loaded TP MacNoEditorTargetPlatform
[2021.10.16-03.51.59:667][  0]LogTemp:Display: Loaded TP MacServerTargetPlatform
[2021.10.16-03.51.59:730][  0]LogTemp:Display: Loaded TP MacTargetPlatform
[2021.10.16-03.51.59:792][  0]LogTemp:Display: Loaded TP WindowsClientTargetPlatform
[2021.10.16-03.51.59:853][  0]LogTemp:Display: Loaded TP WindowsNoEditorTargetPlatform
[2021.10.16-03.51.59:915][  0]LogTemp:Display: Loaded TP WindowsServerTargetPlatform
[2021.10.16-03.51.59:971][  0]LogTemp:Display: Loaded TP WindowsTargetPlatform
[2021.10.16-03.52.00:038][  0]LogTemp:Display: Loaded TP AndroidTargetPlatform
[2021.10.16-03.52.00:100][  0]LogTemp:Display: Loaded TP Android_ASTCTargetPlatform
[2021.10.16-03.52.00:159][  0]LogTemp:Display: Loaded TP Android_ATCTargetPlatform
[2021.10.16-03.52.00:223][  0]LogTemp:Display: Loaded TP Android_DXTTargetPlatform
[2021.10.16-03.52.00:283][  0]LogTemp:Display: Loaded TP Android_ETC1TargetPlatform
[2021.10.16-03.52.00:347][  0]LogTemp:Display: Loaded TP Android_ETC2TargetPlatform
[2021.10.16-03.52.00:467][  0]LogTemp:Display: Loaded TP Android_MultiTargetPlatform
[2021.10.16-03.52.00:467][  0]LogTemp:Display: Loaded TP Android_PVRTCTargetPlatform
[2021.10.16-03.52.00:518][  0]LogTemp:Display: Loaded TP HTML5TargetPlatform
[2021.10.16-03.52.00:643][  0]LogTemp:Display: Loaded TP IOSTargetPlatform
[2021.10.16-03.52.00:685][  0]LogTemp:Display: Loaded TP TVOSTargetPlatform
[2021.10.16-03.52.00:745][  0]LogTemp:Display: Loaded TP LinuxClientTargetPlatform
[2021.10.16-03.52.00:808][  0]LogTemp:Display: Loaded TP LinuxNoEditorTargetPlatform
[2021.10.16-03.52.00:868][  0]LogTemp:Display: Loaded TP LinuxServerTargetPlatform
[2021.10.16-03.52.00:930][  0]LogTemp:Display: Loaded TP LinuxTargetPlatform
[2021.10.16-03.52.00:930][  0]LogTargetPlatformManager:Display: Building Assets For Windows
[2021.10.16-03.52.01:651][  0]LogDerivedDataCache:Display: Max Cache Size: 512 MB
[2021.10.16-03.52.01:851][  0]LogDerivedDataCache: Loaded boot cache 0.20s 50MB C:/Users/jadams/AppData/Local/UnrealEngine/4.15/DerivedDataCache/Boot.ddc.
[2021.10.16-03.52.01:851][  0]LogDerivedDataCache:Display: Loaded Boot cache: C:/Users/jadams/AppData/Local/UnrealEngine/4.15/DerivedDataCache/Boot.ddc
[2021.10.16-03.52.01:851][  0]LogDerivedDataCache: FDerivedDataBackendGraph:  Pak pak cache file D:/The Tech Academy - Game Developer Boot Camp/C++ And Unreal Engine Course/Blueprint and C++ Integration in Unreal Engine 4/02-project-setup/Pong/DerivedDataCache/DDC.ddp not found, will not use a pak cache.
[2021.10.16-03.52.01:851][  0]LogDerivedDataCache: Unable to find inner node Pak for hierarchical cache Hierarchy.
[2021.10.16-03.52.01:851][  0]LogDerivedDataCache: FDerivedDataBackendGraph:  CompressedPak pak cache file D:/The Tech Academy - Game Developer Boot Camp/C++ And Unreal Engine Course/Blueprint and C++ Integration in Unreal Engine 4/02-project-setup/Pong/DerivedDataCache/Compressed.ddp not found, will not use a pak cache.
[2021.10.16-03.52.01:851][  0]LogDerivedDataCache: Unable to find inner node CompressedPak for hierarchical cache Hierarchy.
[2021.10.16-03.52.01:873][  0]LogDerivedDataCache:Display: Pak cache opened for reading ../../../Engine/DerivedDataCache/Compressed.ddp.
[2021.10.16-03.52.01:886][  0]LogDerivedDataCache: Using Local data cache path C:/Users/jadams/AppData/Local/UnrealEngine/Common/DerivedDataCache: Writable
[2021.10.16-03.52.01:904][  0]LogSlate: Using Freetype 2.6.0
[2021.10.16-03.52.01:924][  0]LogSlate: SlateFontCache - WITH_FREETYPE: 1, WITH_HARFBUZZ: 1
[2021.10.16-03.52.01:924][  0]LogSlate: SlateFontCache - WITH_FREETYPE: 1, WITH_HARFBUZZ: 1
[2021.10.16-03.52.02:880][  0]LogInit: Selected Device Profile: [Windows]
[2021.10.16-03.52.02:889][  0]LogContentStreaming: Texture pool size is 0.00 MB
[2021.10.16-03.52.03:176][  0]LogMeshUtilities: Using QuadricMeshReduction for automatic static mesh reduction
[2021.10.16-03.52.03:234][  0]LogSimplygon: Simplygon DLL not present - disabling.
[2021.10.16-03.52.03:294][  0]LogMeshUtilities: Using SimplygonSwarm for distributed automatic mesh merging
[2021.10.16-03.52.03:294][  0]LogMeshUtilities: No automatic skeletal mesh reduction module available
[2021.10.16-03.52.03:294][  0]LogMeshUtilities: No automatic mesh merging module available
[2021.10.16-03.52.04:651][  0]LogNetVersion: GetLocalNetworkVersion: CL: 3299760, ProjectName: pong, ProjectVersion: , EngineNetworkVersion: 2, GameNetworkVersion: 0, NetworkChecksum: 207199129
[2021.10.16-03.52.04:720][  0]LogAssetRegistry: FAssetRegistry took 0.0245 seconds to start up
[2021.10.16-03.52.04:768][  0]LogPackageLocalizationCache: Processed 3 localized package path(s) for 2 prioritized culture(s) in 0.016585 seconds
[2021.10.16-03.52.04:772][  0]LogUObjectArray: 32493 objects as part of root set at end of initial load.
[2021.10.16-03.52.04:772][  0]LogUObjectAllocator: 7077032 out of 0 bytes used by permanent object pool.
[2021.10.16-03.52.04:772][  0]LogUObjectArray: CloseDisregardForGC: 0/0 objects in disregard for GC pool
[2021.10.16-03.52.04:868][  0]LogInit: WinSock: version 1.1 (2.2), MaxSocks=32767, MaxUdp=65467
[2021.10.16-03.52.07:523][  0]LogTcpMessaging: Initializing TcpMessaging bridge
[2021.10.16-03.52.07:576][  0]LogUdpMessaging: Initializing bridge on interface 0.0.0.0:0 to multicast group 230.0.0.1:6666.
[2021.10.16-03.52.08:329][  0]LogMaterial: Uniform references updated for custom material expression Custom.
[2021.10.16-03.52.08:885][  0]SourceControl: Info Source control is disabled
[2021.10.16-03.52.08:952][  0]SourceControl: Info Source control is disabled
[2021.10.16-03.52.09:020][  0]SourceControl: Info Source control is disabled
[2021.10.16-03.52.09:084][  0]SourceControl: Info Source control is disabled
[2021.10.16-03.52.10:748][  0]LogEngine: Initializing Engine...
[2021.10.16-03.52.10:752][  0]LogHMD: Failed to initialize OpenVR with code 110
[2021.10.16-03.52.10:974][  0]LogStats: UGameplayTagsManager::ConstructGameplayTagTree: Construct from data asset -  0.000 s
[2021.10.16-03.52.10:974][  0]LogStats: UGameplayTagsManager::ConstructGameplayTagTree: GameplayTagTreeChangedEvent.Broadcast -  0.000 s
[2021.10.16-03.52.11:160][  0]LogAIModule: Creating AISystem for world Untitled
[2021.10.16-03.52.11:269][  0]LogInit: XAudio2 using 'Headset (Hesh 2 Wireless Hands-Free AG Audio)' : 1 channels at 16 kHz using 16 bits per sample (channel mask 0x4)
[2021.10.16-03.52.12:235][  0]LogAudio:Error: CreateSubmixVoice (Reverb) error: XAPO Creation Failed
[2021.10.16-03.52.12:235][  0]LogInit: FAudioDevice initialized.
[2021.10.16-03.52.12:253][  0]LogDerivedDataCache: Saved boot cache 0.02s 50MB C:/Users/jadams/AppData/Local/UnrealEngine/4.15/DerivedDataCache/Boot.ddc.
[2021.10.16-03.52.12:256][  0]LogInit: Texture streaming: Enabled
[2021.10.16-03.52.12:399][  0]LogEngineSessionManager: EngineSessionManager initialized
[2021.10.16-03.52.12:523][  0]LogInit: Transaction tracking system initialized
[2021.10.16-03.52.13:007][  0]BlueprintLog: New page: Editor Load
[2021.10.16-03.52.14:307][  0]LocalizationService: Info Localization service is disabled
[2021.10.16-03.52.15:222][  0]LogConsoleResponse:Display: 
[2021.10.16-03.52.15:577][  0]LogFileCache: Scanning file cache for directory 'D:/The Tech Academy - Game Developer Boot Camp/C++ And Unreal Engine Course/Blueprint and C++ Integration in Unreal Engine 4/02-project-setup/Pong/Content/' took 0.01s
[2021.10.16-03.52.15:577][  0]LogCook:Display: Max memory allowance for cook 16384mb min free memory 0mb
[2021.10.16-03.52.15:577][  0]LogCook:Display: Mobile HDR setting 1
[2021.10.16-03.52.17:023][  0]SourceControl: Info Source control is disabled
[2021.10.16-03.52.17:033][  0]LightingResults: New page: Lighting Build
[2021.10.16-03.52.17:093][  0]MapCheck: New page: Map Check
[2021.10.16-03.52.17:093][  0]LightingResults: New page: Lighting Build
[2021.10.16-03.52.17:190][  0]LogAIModule: Creating AISystem for world Main
[2021.10.16-03.52.17:216][  0]LogEditorServer: Finished looking for orphan Actors (0.000 secs)
[2021.10.16-03.52.17:218][  0]Cmd: MAP CHECKDEP NOCLEARLOG
[2021.10.16-03.52.17:251][  0]MapCheck: Info Map check complete: 0 Error(s), 0 Warning(s), took 32.872ms to complete.
[2021.10.16-03.52.17:251][  0]LogFileHelpers: Loading map 'Main' took 0.226
[2021.10.16-03.52.17:509][  0]LogCollectionManager: Loaded 0 collections in 0.001159 seconds
[2021.10.16-03.52.17:613][  0]LogFileCache: Scanning file cache for directory 'D:/The Tech Academy - Game Developer Boot Camp/C++ And Unreal Engine Course/Blueprint and C++ Integration in Unreal Engine 4/02-project-setup/Pong/Saved/Collections/' took 0.01s
[2021.10.16-03.52.17:613][  0]LogFileCache: Scanning file cache for directory 'D:/The Tech Academy - Game Developer Boot Camp/C++ And Unreal Engine Course/Blueprint and C++ Integration in Unreal Engine 4/02-project-setup/Pong/Content/Developers/jadams/Collections/' took 0.01s
[2021.10.16-03.52.17:613][  0]LogFileCache: Scanning file cache for directory 'D:/The Tech Academy - Game Developer Boot Camp/C++ And Unreal Engine Course/Blueprint and C++ Integration in Unreal Engine 4/02-project-setup/Pong/Content/Collections/' took 0.01s
[2021.10.16-03.52.17:613][  0]LogCollectionManager: Rebuilt the GUID cache for 0 collections in 0.000001 seconds
[2021.10.16-03.52.17:624][  0]LogContentBrowser: Native class hierarchy populated in 0.0092 seconds. Added 2250 classes and 455 folders.
[2021.10.16-03.52.17:719][  0]LogContentBrowser: Native class hierarchy updated for 'WidgetCarousel' in 0.0009 seconds. Added 0 classes and 0 folders.
[2021.10.16-03.52.17:988][  0]LogContentBrowser: Native class hierarchy updated for 'AddContentDialog' in 0.0009 seconds. Added 0 classes and 0 folders.
[2021.10.16-03.52.18:060][  0]LogContentBrowser: Native class hierarchy updated for 'SceneOutliner' in 0.0009 seconds. Added 1 classes and 2 folders.
[2021.10.16-03.52.18:246][  0]LogCrashTracker: Crashtracker disabled due to settings.
[2021.10.16-03.52.18:265][  0]LogUObjectGlobals:Warning: Failed to find object 'Class None.'
[2021.10.16-03.52.18:360][  0]LogContentBrowser: Native class hierarchy updated for 'HierarchicalLODOutliner' in 0.0012 seconds. Added 1 classes and 2 folders.
[2021.10.16-03.52.18:361][  0]LogLoad: (Engine Initialization) Total time: 27.59 seconds
[2021.10.16-03.52.18:361][  0]LogLoad: (Engine Initialization) Total Blueprint compile time: 0.10 seconds
[2021.10.16-03.52.18:361][  0]LogExternalProfiler: No external profilers were discovered.  External profiling features will not be available.
[2021.10.16-03.52.18:396][  0]LogOcInput: OculusInput pre-init called
[2021.10.16-03.52.18:425][  0]LogContentStreaming: Texture pool size now 1000 MB
[2021.10.16-03.52.18:436][  0]LogSlate: Took 0.006094 seconds to synchronously load lazily loaded font '../../../Engine/Content/Slate/Fonts/Roboto-Regular.ttf' (155K)
[2021.10.16-03.52.18:445][  0]LogSlate: Took 0.006622 seconds to synchronously load lazily loaded font '../../../Engine/Content/Slate/Fonts/Roboto-Bold.ttf' (160K)
[2021.10.16-03.52.18:458][  0]LogSlate: Took 0.006871 seconds to synchronously load lazily loaded font '../../../Engine/Content/Editor/Slate/Fonts/FontAwesome.ttf' (139K)
[2021.10.16-03.52.18:644][  0]LogSlate: Took 0.005378 seconds to synchronously load lazily loaded font '../../../Engine/Content/Slate/Fonts/Roboto-Light.ttf' (159K)
[2021.10.16-03.52.18:701][  0]LogRenderer: Reallocating scene render targets to support 964x660 NumSamples 1 (Frame:2).
[2021.10.16-03.52.18:744][  1]LogAssetRegistry: Asset discovery search completed in 14.0471 seconds
[2021.10.16-03.52.18:744][  1]LogCollectionManager: Rebuilt the object cache for 0 collections in 0.000005 seconds (found 0 objects)
[2021.10.16-03.52.18:744][  1]LogCollectionManager: Fixed up redirectors for 0 collections in 0.000018 seconds (updated 0 objects)
[2021.10.16-03.52.26:807][290]LogRenderer: Reallocating scene render targets to support 968x660 NumSamples 1 (Frame:205).
[2021.10.16-03.52.26:843][291]LogRenderer: Reallocating scene render targets to support 972x660 NumSamples 1 (Frame:207).
[2021.10.16-03.52.26:887][292]LogRenderer: Reallocating scene render targets to support 980x660 NumSamples 1 (Frame:209).
[2021.10.16-03.52.26:937][293]LogRenderer: Reallocating scene render targets to support 992x660 NumSamples 1 (Frame:211).
[2021.10.16-03.52.26:987][294]LogRenderer: Reallocating scene render targets to support 1000x660 NumSamples 1 (Frame:213).
[2021.10.16-03.52.27:036][295]LogRenderer: Reallocating scene render targets to support 1008x660 NumSamples 1 (Frame:215).
[2021.10.16-03.52.27:085][296]LogRenderer: Reallocating scene render targets to support 1032x660 NumSamples 1 (Frame:217).
[2021.10.16-03.52.27:133][297]LogRenderer: Reallocating scene render targets to support 1040x660 NumSamples 1 (Frame:219).
[2021.10.16-03.52.27:182][298]LogRenderer: Reallocating scene render targets to support 1048x660 NumSamples 1 (Frame:221).
[2021.10.16-03.52.27:224][299]LogRenderer: Reallocating scene render targets to support 1068x660 NumSamples 1 (Frame:223).
[2021.10.16-03.52.27:273][300]LogRenderer: Reallocating scene render targets to support 1112x660 NumSamples 1 (Frame:225).
[2021.10.16-03.52.27:324][301]LogRenderer: Reallocating scene render targets to support 1144x660 NumSamples 1 (Frame:227).
[2021.10.16-03.52.27:375][302]LogRenderer: Reallocating scene render targets to support 1156x660 NumSamples 1 (Frame:229).
[2021.10.16-03.56.09:994][778]LogWindows: LaunchURL http://docs.unrealengine.com/latest/INT/Engine/Actors/Triggers/index.html?utm_source=editor&utm_medium=docs&utm_campaign=doc_anchors
[2021.10.16-03.56.17:907][157]LogWindows: LaunchURL http://docs.unrealengine.com/latest/INT/Engine/Actors/Triggers/index.html?utm_source=editor&utm_medium=docs&utm_campaign=rich_tooltips
[2021.10.16-04.30.57:034][151]LogSlate: Took 0.000129 seconds to synchronously load lazily loaded font '../../../Engine/Content/Slate/Fonts/Roboto-Light.ttf' (159K)
[2021.10.16-04.30.57:305][151]LogVSAccessor:Warning: Couldn't goto line number '0' in 'D:/The Tech Academy - Game Developer Boot Camp/C++ And Unreal Engine Course/Blueprint and C++ Integration in Unreal Engine 4/02-project-setup/Pong/Source/Pong/Ball.h'
[2021.10.16-04.30.57:376][151]LogVSAccessor:Warning: Couldn't goto line number '0' in 'D:/The Tech Academy - Game Developer Boot Camp/C++ And Unreal Engine Course/Blueprint and C++ Integration in Unreal Engine 4/02-project-setup/Pong/Source/Pong/Ball.cpp'
[2021.10.16-05.13.02:495][291]LogDirectoryWatcher:Warning: Failed to begin reading directory changes for D:/The Tech Academy - Game Developer Boot Camp/C++ And Unreal Engine Course/Blueprint and C++ Integration in Unreal Engine 4/02-project-setup/Pong/Plugins/. Error: The system cannot find the file specified. (0x00000002)
[2021.10.16-05.21.01:959][ 51]Cmd: CLOSE_SLATE_MAINFRAME
[2021.10.16-05.21.02:003][ 51]LogDirectoryWatcher: A directory notification for '../../../Engine/Plugins/' was aborted.
[2021.10.16-05.21.02:294][ 52]Cmd: QUIT_EDITOR
[2021.10.16-05.21.02:364][ 52]LogWindowsTextInputMethodSystem:Display: IME system now deactivated.
[2021.10.16-05.21.02:391][ 52]LogExit: Preparing to exit.
[2021.10.16-05.21.03:356][ 52]LogExit: Editor shut down
[2021.10.16-05.21.03:359][ 52]LogExit: Transaction tracking system shut down
[2021.10.16-05.21.03:410][ 52]LogObj: Freed 0b from 0 cluster array pools.
[2021.10.16-05.21.03:410][ 52]LogExit: Object subsystem successfully closed.
[2021.10.16-05.21.03:418][ 52]LogD3D11RHI: Shutdown
[2021.10.16-05.21.03:418][ 52]LogD3D11RHI: CleanupD3DDevice
[2021.10.16-05.21.03:420][ 52]LogD3D11RHI: ~FD3D11DynamicRHI
[2021.10.16-05.21.03:446][ 52]LogModuleManager: Shutting down and abandoning module HierarchicalLODOutliner (500)
[2021.10.16-05.21.03:446][ 52]LogModuleManager: Shutting down and abandoning module CrashTracker (498)
[2021.10.16-05.21.03:446][ 52]LogModuleManager: Shutting down and abandoning module SceneOutliner (496)
[2021.10.16-05.21.03:446][ 52]LogModuleManager: Shutting down and abandoning module AddContentDialog (494)
[2021.10.16-05.21.03:446][ 52]LogDirectoryWatcher: A directory notification for 'C:/Program Files/Epic Games/UE_4.15/FeaturePacks/' was aborted.
[2021.10.16-05.21.03:447][ 52]LogModuleManager: Shutting down and abandoning module WidgetCarousel (493)
[2021.10.16-05.21.03:447][ 52]LogModuleManager: Shutting down and abandoning module EditorWidgets (490)
[2021.10.16-05.21.03:447][ 52]LogModuleManager: Shutting down and abandoning module CollectionManager (488)
[2021.10.16-05.21.03:447][ 52]LogDirectoryWatcher: A directory notification for 'D:/The Tech Academy - Game Developer Boot Camp/C++ And Unreal Engine Course/Blueprint and C++ Integration in Unreal Engine 4/02-project-setup/Pong/Content/Collections/' was aborted.
[2021.10.16-05.21.03:447][ 52]LogDirectoryWatcher: A directory notification for 'D:/The Tech Academy - Game Developer Boot Camp/C++ And Unreal Engine Course/Blueprint and C++ Integration in Unreal Engine 4/02-project-setup/Pong/Content/Developers/jadams/Collections/' was aborted.
[2021.10.16-05.21.03:447][ 52]LogDirectoryWatcher: A directory notification for 'D:/The Tech Academy - Game Developer Boot Camp/C++ And Unreal Engine Course/Blueprint and C++ Integration in Unreal Engine 4/02-project-setup/Pong/Saved/Collections/' was aborted.
[2021.10.16-05.21.03:447][ 52]LogModuleManager: Shutting down and abandoning module StatsViewer (486)
[2021.10.16-05.21.03:447][ 52]LogModuleManager: Shutting down and abandoning module FoliageEdit (484)
[2021.10.16-05.21.03:447][ 52]LogModuleManager: Shutting down and abandoning module LandscapeEditor (482)
[2021.10.16-05.21.03:447][ 52]LogModuleManager: Shutting down and abandoning module SceneDepthPickerMode (480)
[2021.10.16-05.21.03:447][ 52]LogModuleManager: Shutting down and abandoning module ActorPickerMode (478)
[2021.10.16-05.21.03:447][ 52]LogModuleManager: Shutting down and abandoning module GeometryMode (476)
[2021.10.16-05.21.03:447][ 52]LogModuleManager: Shutting down and abandoning module TextureAlignMode (474)
[2021.10.16-05.21.03:447][ 52]LogModuleManager: Shutting down and abandoning module BspMode (472)
[2021.10.16-05.21.03:447][ 52]LogModuleManager: Shutting down and abandoning module HardwareSurvey (470)
[2021.10.16-05.21.03:447][ 52]LogModuleManager: Shutting down and abandoning module SequenceRecorderSections (468)
[2021.10.16-05.21.03:447][ 52]LogModuleManager: Shutting down and abandoning module AutomationWorker (466)
[2021.10.16-05.21.03:447][ 52]LogModuleManager: Shutting down and abandoning module MatineeToLevelSequence (464)
[2021.10.16-05.21.03:447][ 52]LogModuleManager: Shutting down and abandoning module LevelSequenceEditor (462)
[2021.10.16-05.21.03:448][ 52]LogModuleManager: Shutting down and abandoning module PlacementMode (461)
[2021.10.16-05.21.03:448][ 52]LogModuleManager: Shutting down and abandoning module WmfMediaFactory (458)
[2021.10.16-05.21.03:448][ 52]LogModuleManager: Shutting down and abandoning module WmfMediaEditor (456)
[2021.10.16-05.21.03:448][ 52]LogModuleManager: Shutting down and abandoning module MfMediaFactory (454)
[2021.10.16-05.21.03:448][ 52]LogModuleManager: Shutting down and abandoning module MfMediaEditor (452)
[2021.10.16-05.21.03:448][ 52]LogModuleManager: Shutting down and abandoning module AvfMediaFactory (450)
[2021.10.16-05.21.03:448][ 52]LogModuleManager: Shutting down and abandoning module AvfMediaEditor (448)
[2021.10.16-05.21.03:448][ 52]LogModuleManager: Shutting down and abandoning module AndroidMediaFactory (446)
[2021.10.16-05.21.03:448][ 52]LogModuleManager: Shutting down and abandoning module Media (445)
[2021.10.16-05.21.03:448][ 52]LogModuleManager: Shutting down and abandoning module AndroidMediaEditor (442)
[2021.10.16-05.21.03:448][ 52]LogModuleManager: Shutting down and abandoning module CharacterAI (440)
[2021.10.16-05.21.03:448][ 52]LogModuleManager: Shutting down and abandoning module AudioCapture (438)
[2021.10.16-05.21.03:448][ 52]LogModuleManager: Shutting down and abandoning module SequenceRecorder (437)
[2021.10.16-05.21.03:448][ 52]LogModuleManager: Shutting down and abandoning module SmartSnapping (434)
[2021.10.16-05.21.03:448][ 52]LogModuleManager: Shutting down and abandoning module SessionServices (432)
[2021.10.16-05.21.03:448][ 52]LogModuleManager: Shutting down and abandoning module ViewportSnapping (430)
[2021.10.16-05.21.03:448][ 52]LogModuleManager: Shutting down and abandoning module ViewportInteraction (428)
[2021.10.16-05.21.03:448][ 52]LogModuleManager: Shutting down and abandoning module LogVisualizer (426)
[2021.10.16-05.21.03:448][ 52]LogModuleManager: Shutting down and abandoning module IntroTutorials (424)
[2021.10.16-05.21.03:448][ 52]LogModuleManager: Shutting down and abandoning module GameProjectGeneration (423)
[2021.10.16-05.21.03:449][ 52]LogModuleManager: Shutting down and abandoning module EditorLiveStreaming (420)
[2021.10.16-05.21.03:449][ 52]LogModuleManager: Shutting down and abandoning module IOSPlatformEditor (418)
[2021.10.16-05.21.03:449][ 52]LogModuleManager: Shutting down and abandoning module HTML5PlatformEditor (416)
[2021.10.16-05.21.03:449][ 52]LogModuleManager: Shutting down and abandoning module AndroidPlatformEditor (414)
[2021.10.16-05.21.03:449][ 52]LogModuleManager: Shutting down and abandoning module AndroidDeviceDetection (413)
[2021.10.16-05.21.03:628][ 52]LogModuleManager: Shutting down and abandoning module IOSRuntimeSettings (410)
[2021.10.16-05.21.03:628][ 52]LogModuleManager: Shutting down and abandoning module AndroidRuntimeSettings (408)
[2021.10.16-05.21.03:628][ 52]LogModuleManager: Shutting down and abandoning module InputBindingEditor (406)
[2021.10.16-05.21.03:628][ 52]LogModuleManager: Shutting down and abandoning module NiagaraEditor (404)
[2021.10.16-05.21.03:631][ 52]LogModuleManager: Shutting down and abandoning module MergeActors (402)
[2021.10.16-05.21.03:631][ 52]LogModuleManager: Shutting down and abandoning module SizeMap (400)
[2021.10.16-05.21.03:631][ 52]LogModuleManager: Shutting down and abandoning module TreeMap (398)
[2021.10.16-05.21.03:631][ 52]LogModuleManager: Shutting down and abandoning module ReferenceViewer (396)
[2021.10.16-05.21.03:631][ 52]LogModuleManager: Shutting down and abandoning module LocalizationDashboard (394)
[2021.10.16-05.21.03:632][ 52]LogModuleManager: Shutting down and abandoning module LocalizationService (393)
[2021.10.16-05.21.03:632][ 52]LogModuleManager: Shutting down and abandoning module HardwareTargeting (390)
[2021.10.16-05.21.03:632][ 52]LogModuleManager: Shutting down and abandoning module DeviceProfileEditor (388)
[2021.10.16-05.21.03:632][ 52]LogModuleManager: Shutting down and abandoning module UndoHistory (386)
[2021.10.16-05.21.03:632][ 52]LogModuleManager: Shutting down and abandoning module UserFeedback (384)
[2021.10.16-05.21.03:632][ 52]LogModuleManager: Shutting down and abandoning module XmlParser (382)
[2021.10.16-05.21.03:632][ 52]LogModuleManager: Shutting down and abandoning module Blutility (380)
[2021.10.16-05.21.03:632][ 52]LogModuleManager: Shutting down and abandoning module ProjectSettingsViewer (378)
[2021.10.16-05.21.03:632][ 52]LogModuleManager: Shutting down and abandoning module ProjectTargetPlatformEditor (377)
[2021.10.16-05.21.03:633][ 52]LogModuleManager: Shutting down and abandoning module EditorSettingsViewer (374)
[2021.10.16-05.21.03:633][ 52]LogModuleManager: Shutting down and abandoning module SettingsEditor (372)
[2021.10.16-05.21.03:633][ 52]LogModuleManager: Shutting down and abandoning module ProjectLauncher (370)
[2021.10.16-05.21.03:633][ 52]LogModuleManager: Shutting down and abandoning module SessionFrontend (368)
[2021.10.16-05.21.03:633][ 52]LogModuleManager: Shutting down and abandoning module ProfilerClient (366)
[2021.10.16-05.21.03:634][ 52]LogModuleManager: Shutting down and abandoning module DeviceManager (364)
[2021.10.16-05.21.03:634][ 52]LogModuleManager: Shutting down and abandoning module TargetDeviceServices (363)
[2021.10.16-05.21.03:679][ 52]LogModuleManager: Shutting down and abandoning module AutomationController (360)
[2021.10.16-05.21.03:679][ 52]LogModuleManager: Shutting down and abandoning module AutomationWindow (358)
[2021.10.16-05.21.03:680][ 52]LogModuleManager: Shutting down and abandoning module Layers (356)
[2021.10.16-05.21.03:681][ 52]LogModuleManager: Shutting down and abandoning module ComponentVisualizers (354)
[2021.10.16-05.21.03:681][ 52]LogModuleManager: Shutting down and abandoning module DetailCustomizations (352)
[2021.10.16-05.21.03:681][ 52]LogModuleManager: Shutting down and abandoning module PackagesDialog (350)
[2021.10.16-05.21.03:681][ 52]LogModuleManager: Shutting down and abandoning module Persona (348)
[2021.10.16-05.21.03:681][ 52]LogModuleManager: Shutting down and abandoning module AnimGraph (347)
[2021.10.16-05.21.03:681][ 52]LogModuleManager: Shutting down and abandoning module Kismet (344)
[2021.10.16-05.21.03:681][ 52]LogModuleManager: Shutting down and abandoning module GraphEditor (342)
[2021.10.16-05.21.03:683][ 52]LogModuleManager: Shutting down and abandoning module ClassViewer (340)
[2021.10.16-05.21.03:683][ 52]LogModuleManager: Shutting down and abandoning module Toolbox (338)
[2021.10.16-05.21.03:683][ 52]LogModuleManager: Shutting down and abandoning module ModuleUI (336)
[2021.10.16-05.21.03:684][ 52]LogModuleManager: Shutting down and abandoning module MovieSceneTools (334)
[2021.10.16-05.21.03:684][ 52]LogModuleManager: Shutting down and abandoning module OutputLog (332)
[2021.10.16-05.21.03:684][ 52]LogModuleManager: Shutting down and abandoning module GammaUI (330)
[2021.10.16-05.21.03:684][ 52]LogModuleManager: Shutting down and abandoning module Documentation (328)
[2021.10.16-05.21.03:684][ 52]LogModuleManager: Shutting down and abandoning module Niagara (326)
[2021.10.16-05.21.03:684][ 52]LogModuleManager: Shutting down and abandoning module StreamingPauseRendering (324)
[2021.10.16-05.21.03:684][ 52]LogModuleManager: Shutting down and abandoning module AnalyticsET (322)
[2021.10.16-05.21.03:684][ 52]LogModuleManager: Shutting down and abandoning module PortalServices (320)
[2021.10.16-05.21.03:684][ 52]LogModuleManager: Shutting down and abandoning module PortalRpc (318)
[2021.10.16-05.21.03:684][ 52]LogModuleManager: Shutting down and abandoning module MessagingRpc (316)
[2021.10.16-05.21.03:684][ 52]LogModuleManager: Shutting down and abandoning module AIModule (314)
[2021.10.16-05.21.03:684][ 52]LogModuleManager: Shutting down and abandoning module GameplayDebugger (313)
[2021.10.16-05.21.03:684][ 52]LogModuleManager: Shutting down and abandoning module AITestSuite (311)
[2021.10.16-05.21.03:684][ 52]LogModuleManager: Shutting down and abandoning module ProfilerService (308)
[2021.10.16-05.21.03:884][ 52]LogModuleManager: Shutting down and abandoning module TaskGraph (306)
[2021.10.16-05.21.03:887][ 52]LogModuleManager: Shutting down and abandoning module SteamVRController (304)
[2021.10.16-05.21.03:887][ 52]LogModuleManager: Shutting down and abandoning module SteamVR (302)
[2021.10.16-05.21.03:887][ 52]LogModuleManager: Shutting down and abandoning module ProceduralMeshComponentEditor (300)
[2021.10.16-05.21.03:887][ 52]LogModuleManager: Shutting down and abandoning module ProceduralMeshComponent (298)
[2021.10.16-05.21.03:887][ 52]LogModuleManager: Shutting down and abandoning module OculusLibrary (296)
[2021.10.16-05.21.03:887][ 52]LogModuleManager: Shutting down and abandoning module OculusInput (294)
[2021.10.16-05.21.03:887][ 52]LogModuleManager: Shutting down and abandoning module MobilePatchingUtils (292)
[2021.10.16-05.21.03:887][ 52]LogModuleManager: Shutting down and abandoning module CustomMeshComponent (290)
[2021.10.16-05.21.03:887][ 52]LogModuleManager: Shutting down and abandoning module CableComponent (288)
[2021.10.16-05.21.03:887][ 52]LogModuleManager: Shutting down and abandoning module ArchVisCharacter (286)
[2021.10.16-05.21.03:887][ 52]LogModuleManager: Shutting down and abandoning module MediaPlayerEditor (282)
[2021.10.16-05.21.03:888][ 52]LogModuleManager: Shutting down and abandoning module HTML5Networking (280)
[2021.10.16-05.21.03:888][ 52]LogModuleManager: Shutting down and abandoning module AlembicImporter (278)
[2021.10.16-05.21.03:888][ 52]LogModuleManager: Shutting down and abandoning module AlembicLibrary (277)
[2021.10.16-05.21.03:888][ 52]LogModuleManager: Shutting down and abandoning module GeometryCache (276)
[2021.10.16-05.21.03:888][ 52]LogModuleManager: Shutting down and abandoning module GeometryCacheEd (275)
[2021.10.16-05.21.03:888][ 52]LogModuleManager: Shutting down and abandoning module SuperSearchEditor (270)
[2021.10.16-05.21.03:888][ 52]LogModuleManager: Shutting down and abandoning module SuperSearch (269)
[2021.10.16-05.21.03:888][ 52]LogModuleManager: Shutting down and abandoning module SpeedTreeImporter (266)
[2021.10.16-05.21.03:888][ 52]LogModuleManager: Shutting down and abandoning module PluginBrowser (264)
[2021.10.16-05.21.03:888][ 52]LogModuleManager: Shutting down and abandoning module MobileLauncherProfileWizard (262)
[2021.10.16-05.21.03:888][ 52]LogModuleManager: Shutting down and abandoning module EpicSurvey (260)
[2021.10.16-05.21.03:888][ 52]LogModuleManager: Shutting down and abandoning module VisualStudioSourceCodeAccess (258)
[2021.10.16-05.21.03:888][ 52]LogModuleManager: Shutting down and abandoning module DesktopPlatform (257)
[2021.10.16-05.21.03:888][ 52]LogModuleManager: Shutting down and abandoning module UObjectPlugin (254)
[2021.10.16-05.21.03:888][ 52]LogModuleManager: Shutting down and abandoning module SubversionSourceControl (252)
[2021.10.16-05.21.03:888][ 52]LogModuleManager: Shutting down and abandoning module PerforceSourceControl (250)
[2021.10.16-05.21.03:889][ 52]LogModuleManager: Shutting down and abandoning module GitSourceControl (248)
[2021.10.16-05.21.03:889][ 52]LogModuleManager: Shutting down and abandoning module SourceControl (247)
[2021.10.16-05.21.03:889][ 52]LogModuleManager: Shutting down and abandoning module LightPropagationVolumeEditor (244)
[2021.10.16-05.21.03:889][ 52]LogModuleManager: Shutting down and abandoning module PaperTiledImporter (242)
[2021.10.16-05.21.03:889][ 52]LogModuleManager: Shutting down and abandoning module PaperSpriteSheetImporter (240)
[2021.10.16-05.21.03:889][ 52]LogModuleManager: Shutting down and abandoning module Paper2DEditor (238)
[2021.10.16-05.21.03:889][ 52]LogModuleManager: Shutting down and abandoning module MeshPaint (237)
[2021.10.16-05.21.03:889][ 52]LogModuleManager: Shutting down and abandoning module LevelEditor (235)
[2021.10.16-05.21.03:890][ 52]LogModuleManager: Shutting down and abandoning module PixelInspectorModule (234)
[2021.10.16-05.21.03:890][ 52]LogModuleManager: Shutting down and abandoning module MainFrame (232)
[2021.10.16-05.21.03:890][ 52]LogModuleManager: Shutting down and abandoning module HotReload (231)
[2021.10.16-05.21.03:890][ 52]LogDirectoryWatcher: A directory notification for 'D:/The Tech Academy - Game Developer Boot Camp/C++ And Unreal Engine Course/Blueprint and C++ Integration in Unreal Engine 4/02-project-setup/Pong/Binaries/Win64' was aborted.
[2021.10.16-05.21.03:890][ 52]LogModuleManager: Shutting down and abandoning module ContentBrowser (227)
[2021.10.16-05.21.03:891][ 52]LogModuleManager: Shutting down and abandoning module Pong (224)
[2021.10.16-05.21.03:891][ 52]LogModuleManager: Shutting down and abandoning module PhysXVehiclesEditor (222)
[2021.10.16-05.21.03:891][ 52]LogModuleManager: Shutting down and abandoning module PhysXVehicles (220)
[2021.10.16-05.21.03:891][ 52]LogModuleManager: Shutting down and abandoning module LocationServicesBPLibrary (218)
[2021.10.16-05.21.03:891][ 52]LogModuleManager: Shutting down and abandoning module UdpMessaging (216)
[2021.10.16-05.21.03:991][ 52]LogModuleManager: Shutting down and abandoning module TcpMessaging (214)
[2021.10.16-05.21.04:092][ 52]LogModuleManager: Shutting down and abandoning module GameplayTagsEditor (212)
[2021.10.16-05.21.04:094][ 52]LogModuleManager: Shutting down and abandoning module FacialAnimationEditor (210)
[2021.10.16-05.21.04:094][ 52]LogModuleManager: Shutting down and abandoning module FacialAnimation (208)
[2021.10.16-05.21.04:094][ 52]LogModuleManager: Shutting down and abandoning module LightPropagationVolumeRuntime (206)
[2021.10.16-05.21.04:094][ 52]LogModuleManager: Shutting down and abandoning module Paper2D (204)
[2021.10.16-05.21.04:094][ 52]LogModuleManager: Shutting down and abandoning module WindowsMoviePlayer (202)
[2021.10.16-05.21.04:094][ 52]LogModuleManager: Shutting down and abandoning module WmfMedia (200)
[2021.10.16-05.21.04:095][ 52]LogModuleManager: Shutting down and abandoning module MfMedia (198)
[2021.10.16-05.21.04:096][ 52]LogModuleManager: Shutting down and abandoning module MediaAssets (196)
[2021.10.16-05.21.04:096][ 52]LogModuleManager: Shutting down and abandoning module GameLiveStreaming (194)
[2021.10.16-05.21.04:096][ 52]LogModuleManager: Shutting down and abandoning module VREditor (192)
[2021.10.16-05.21.04:096][ 52]LogModuleManager: Shutting down and abandoning module GameplayTasksEditor (190)
[2021.10.16-05.21.04:096][ 52]LogModuleManager: Shutting down and abandoning module BehaviorTreeEditor (188)
[2021.10.16-05.21.04:097][ 52]LogModuleManager: Shutting down and abandoning module FunctionalTesting (186)
[2021.10.16-05.21.04:097][ 52]LogModuleManager: Shutting down and abandoning module CollisionAnalyzer (184)
[2021.10.16-05.21.04:097][ 52]LogModuleManager: Shutting down and abandoning module UMG (182)
[2021.10.16-05.21.04:097][ 52]LogModuleManager: Shutting down and abandoning module UMGEditor (181)
[2021.10.16-05.21.04:098][ 52]LogModuleManager: Shutting down and abandoning module Sequencer (180)
[2021.10.16-05.21.04:098][ 52]LogModuleManager: Shutting down and abandoning module AssetTools (178)
[2021.10.16-05.21.04:100][ 52]LogModuleManager: Shutting down and abandoning module MessageLog (177)
[2021.10.16-05.21.04:100][ 52]LogModuleManager: Shutting down and abandoning module WorkspaceMenuStructure (176)
[2021.10.16-05.21.04:100][ 52]LogModuleManager: Shutting down and abandoning module SlateReflector (170)
[2021.10.16-05.21.04:100][ 52]LogModuleManager: Shutting down and abandoning module Slate (168)
[2021.10.16-05.21.04:101][ 52]LogModuleManager: Shutting down and abandoning module EditorStyle (166)
[2021.10.16-05.21.04:102][ 52]LogModuleManager: Shutting down and abandoning module SourceCodeAccess (164)
[2021.10.16-05.21.04:102][ 52]LogModuleManager: Shutting down and abandoning module HeadMountedDisplay (162)
[2021.10.16-05.21.04:102][ 52]LogModuleManager: Shutting down and abandoning module XAudio2 (160)
[2021.10.16-05.21.04:102][ 52]LogModuleManager: Shutting down and abandoning module Networking (158)
[2021.10.16-05.21.04:102][ 52]LogModuleManager: Shutting down and abandoning module Core (154)
[2021.10.16-05.21.04:102][ 52]LogModuleManager: Shutting down and abandoning module AssetRegistry (152)
[2021.10.16-05.21.04:225][ 52]LogDirectoryWatcher: A directory notification for '../../../Engine/Content/' was aborted.
[2021.10.16-05.21.04:225][ 52]LogDirectoryWatcher: A directory notification for 'D:/The Tech Academy - Game Developer Boot Camp/C++ And Unreal Engine Course/Blueprint and C++ Integration in Unreal Engine 4/02-project-setup/Pong/Content/' was aborted.
[2021.10.16-05.21.04:225][ 52]LogDirectoryWatcher: A directory notification for '../../../Engine/Plugins/2D/Paper2D/Content/' was aborted.
[2021.10.16-05.21.04:225][ 52]LogModuleManager: Shutting down and abandoning module DirectoryWatcher (151)
[2021.10.16-05.21.04:226][ 52]LogModuleManager: Shutting down and abandoning module KismetCompiler (148)
[2021.10.16-05.21.04:226][ 52]LogModuleManager: Shutting down and abandoning module PhysXFormats (146)
[2021.10.16-05.21.04:226][ 52]LogModuleManager: Shutting down and abandoning module MeshUtilities (144)
[2021.10.16-05.21.04:226][ 52]LogModuleManager: Shutting down and abandoning module SimplygonSwarm (143)
[2021.10.16-05.21.04:226][ 52]LogModuleManager: Shutting down and abandoning module SimplygonMeshReduction (141)
[2021.10.16-05.21.04:226][ 52]LogModuleManager: Shutting down and abandoning module QuadricMeshReduction (139)
[2021.10.16-05.21.04:226][ 52]LogModuleManager: Shutting down and abandoning module PropertyEditor (137)
[2021.10.16-05.21.04:226][ 52]LogModuleManager: Shutting down and abandoning module DerivedDataCache (134)
[2021.10.16-05.21.04:233][ 52]LogDerivedDataCache: Shutdown
[2021.10.16-05.21.04:233][ 52]LogModuleManager: Shutting down and abandoning module TargetPlatform (132)
[2021.10.16-05.21.04:233][ 52]LogModuleManager: Shutting down and abandoning module VulkanShaderFormat (131)
[2021.10.16-05.21.04:233][ 52]LogModuleManager: Shutting down and abandoning module ShaderFormatOpenGL (129)
[2021.10.16-05.21.04:234][ 52]LogModuleManager: Shutting down and abandoning module ShaderFormatD3D (127)
[2021.10.16-05.21.04:234][ 52]LogModuleManager: Shutting down and abandoning module MetalShaderFormat (125)
[2021.10.16-05.21.04:234][ 52]LogModuleManager: Shutting down and abandoning module TextureFormatUncompressed (123)
[2021.10.16-05.21.04:234][ 52]LogModuleManager: Shutting down and abandoning module TextureFormatPVR (121)
[2021.10.16-05.21.04:234][ 52]LogModuleManager: Shutting down and abandoning module TextureFormatDXT (119)
[2021.10.16-05.21.04:235][ 52]LogModuleManager: Shutting down and abandoning module TextureFormatIntelISPCTexComp (117)
[2021.10.16-05.21.04:235][ 52]LogModuleManager: Shutting down and abandoning module TextureFormatASTC (115)
[2021.10.16-05.21.04:235][ 52]LogModuleManager: Shutting down and abandoning module ImageWrapper (114)
[2021.10.16-05.21.04:235][ 52]LogModuleManager: Shutting down and abandoning module TextureFormatAndroid (111)
[2021.10.16-05.21.04:235][ 52]LogModuleManager: Shutting down and abandoning module AudioFormatOpus (109)
[2021.10.16-05.21.04:235][ 52]LogModuleManager: Shutting down and abandoning module AudioFormatOgg (107)
[2021.10.16-05.21.04:235][ 52]LogModuleManager: Shutting down and abandoning module AudioFormatADPCM (105)
[2021.10.16-05.21.04:235][ 52]LogModuleManager: Shutting down and abandoning module LinuxTargetPlatform (103)
[2021.10.16-05.21.04:235][ 52]LogModuleManager: Shutting down and abandoning module LinuxServerTargetPlatform (101)
[2021.10.16-05.21.04:235][ 52]LogModuleManager: Shutting down and abandoning module LinuxNoEditorTargetPlatform (99)
[2021.10.16-05.21.04:235][ 52]LogModuleManager: Shutting down and abandoning module LinuxClientTargetPlatform (97)
[2021.10.16-05.21.04:235][ 52]LogModuleManager: Shutting down and abandoning module TVOSTargetPlatform (95)
[2021.10.16-05.21.04:235][ 52]LogModuleManager: Shutting down and abandoning module Messaging (93)
[2021.10.16-05.21.04:235][ 52]LogModuleManager: Shutting down and abandoning module IOSTargetPlatform (91)
[2021.10.16-05.21.04:235][ 52]LogModuleManager: Shutting down and abandoning module HTML5TargetPlatform (89)
[2021.10.16-05.21.04:235][ 52]LogModuleManager: Shutting down and abandoning module Android_PVRTCTargetPlatform (87)
[2021.10.16-05.21.04:235][ 52]LogModuleManager: Shutting down and abandoning module Android_MultiTargetPlatform (85)
[2021.10.16-05.21.04:235][ 52]LogModuleManager: Shutting down and abandoning module Android_ETC2TargetPlatform (83)
[2021.10.16-05.21.04:235][ 52]LogModuleManager: Shutting down and abandoning module Android_ETC1TargetPlatform (81)
[2021.10.16-05.21.04:235][ 52]LogModuleManager: Shutting down and abandoning module Android_DXTTargetPlatform (79)
[2021.10.16-05.21.04:235][ 52]LogModuleManager: Shutting down and abandoning module Android_ATCTargetPlatform (77)
[2021.10.16-05.21.04:235][ 52]LogModuleManager: Shutting down and abandoning module Android_ASTCTargetPlatform (75)
[2021.10.16-05.21.04:235][ 52]LogModuleManager: Shutting down and abandoning module AndroidTargetPlatform (73)
[2021.10.16-05.21.04:235][ 52]LogModuleManager: Shutting down and abandoning module WindowsTargetPlatform (71)
[2021.10.16-05.21.04:235][ 52]LogModuleManager: Shutting down and abandoning module WindowsServerTargetPlatform (69)
[2021.10.16-05.21.04:235][ 52]LogModuleManager: Shutting down and abandoning module WindowsNoEditorTargetPlatform (67)
[2021.10.16-05.21.04:235][ 52]LogModuleManager: Shutting down and abandoning module WindowsClientTargetPlatform (65)
[2021.10.16-05.21.04:235][ 52]LogModuleManager: Shutting down and abandoning module MacTargetPlatform (63)
[2021.10.16-05.21.04:235][ 52]LogModuleManager: Shutting down and abandoning module MacServerTargetPlatform (61)
[2021.10.16-05.21.04:235][ 52]LogModuleManager: Shutting down and abandoning module MacNoEditorTargetPlatform (59)
[2021.10.16-05.21.04:235][ 52]LogModuleManager: Shutting down and abandoning module MacClientTargetPlatform (57)
[2021.10.16-05.21.04:235][ 52]LogModuleManager: Shutting down and abandoning module AllDesktopTargetPlatform (55)
[2021.10.16-05.21.04:235][ 52]LogModuleManager: Shutting down and abandoning module InputCore (52)
[2021.10.16-05.21.04:235][ 52]LogModuleManager: Shutting down and abandoning module Settings (50)
[2021.10.16-05.21.04:235][ 52]LogModuleManager: Shutting down and abandoning module OculusRift (48)
[2021.10.16-05.21.04:235][ 52]LogModuleManager: Shutting down and abandoning module GearVR (46)
[2021.10.16-05.21.04:235][ 52]LogModuleManager: Shutting down and abandoning module ExampleDeviceProfileSelector (44)
[2021.10.16-05.21.04:235][ 52]LogModuleManager: Shutting down and abandoning module OnlineBlueprintSupport (42)
[2021.10.16-05.21.04:235][ 52]LogModuleManager: Shutting down and abandoning module OnlineSubsystem (38)
[2021.10.16-05.21.04:235][ 52]LogOnline:Display: Unloading online subsystem: NULL
[2021.10.16-05.21.04:236][ 52]LogModuleManager: Shutting down and abandoning module XMPP (37)
[2021.10.16-05.21.04:236][ 52]LogModuleManager: Shutting down and abandoning module HTTP (35)
[2021.10.16-05.21.04:236][ 52]LogHttp:Display: Http module shutting down, but needs to wait on 1 outstanding Http requests:
[2021.10.16-05.21.04:236][ 52]LogHttp:Display: 	verb=[POST] url=[https://datarouter.ol.epicgames.com/datarouter/api/v1/public/data?SessionID=%7B9B29CB14-4DD3-5F8B-F7BA-5DAC67ACB174%7D&AppID=UEEditor.Rocket.Release&AppVersion=4.15.3-3450819%2B%2B%2BUE4%2BRelease-4.15&UserID=9dfc063a4c2e1cb4d4e673b1f5f33a02%7Ce895bde522544ff595ce735efd50711f%7C1057565e-951b-47bf-806e-30fe4b0a0ed1&AppEnvironment=datacollector-binary&UploadType=eteventstream] status=Processing
[2021.10.16-05.21.04:271][ 52]LogModuleManager: Shutting down and abandoning module SSL (34)
[2021.10.16-05.21.04:272][ 52]LogModuleManager: Shutting down and abandoning module AudioEditor (30)
[2021.10.16-05.21.04:272][ 52]LogModuleManager: Shutting down and abandoning module TextureCompressor (28)
[2021.10.16-05.21.04:272][ 52]LogModuleManager: Shutting down and abandoning module ShaderCore (26)
[2021.10.16-05.21.04:272][ 52]LogModuleManager: Shutting down and abandoning module Landscape (24)
[2021.10.16-05.21.04:272][ 52]LogModuleManager: Shutting down and abandoning module SlateRHIRenderer (22)
[2021.10.16-05.21.04:273][ 52]LogModuleManager: Shutting down and abandoning module OpenGLDrv (20)
[2021.10.16-05.21.04:273][ 52]LogModuleManager: Shutting down and abandoning module D3D11RHI (18)
[2021.10.16-05.21.04:273][ 52]LogModuleManager: Shutting down and abandoning module AnimGraphRuntime (16)
[2021.10.16-05.21.04:274][ 52]LogModuleManager: Shutting down and abandoning module Renderer (14)
[2021.10.16-05.21.04:274][ 52]LogModuleManager: Shutting down and abandoning module Engine (12)
[2021.10.16-05.21.04:274][ 52]LogModuleManager: Shutting down and abandoning module CoreUObject (10)
[2021.10.16-05.21.04:274][ 52]LogModuleManager: Shutting down and abandoning module NetworkFile (8)
[2021.10.16-05.21.04:274][ 52]LogModuleManager: Shutting down and abandoning module StreamingFile (6)
[2021.10.16-05.21.04:274][ 52]LogModuleManager: Shutting down and abandoning module SandboxFile (4)
[2021.10.16-05.21.04:274][ 52]LogModuleManager: Shutting down and abandoning module PakFile (2)
[2021.10.16-05.21.04:276][ 52]LogExit: Exiting.
[2021.10.16-05.21.04:277][ 52]Log file closed, 10/16/21 01:21:04
