Log file open, 10/16/21 17:08:47
LogInit:Display: Running engine for game: Pong
LogPlatformFile: Not using cached read wrapper
LogInit:Display: RandInit(26805470) SRandInit(26805470).
LogTaskGraph: Started task graph with 5 named threads and 10 total threads with 1 sets of task threads.
LogStats: Stats thread started at 0.143197
LogInit: Using libcurl 7.47.1
LogInit:  - built for x86_64-pc-win32
LogInit:  - supports SSL with OpenSSL/1.0.2g
LogInit:  - supports HTTP deflate (compression) using libz 1.2.8
LogInit:  - other features:
LogInit:      CURL_VERSION_SSL
LogInit:      CURL_VERSION_LIBZ
LogInit:      CURL_VERSION_IPV6
LogInit:      CURL_VERSION_ASYNCHDNS
LogInit:      CURL_VERSION_LARGEFILE
LogInit:      CURL_VERSION_IDN
LogInit:  CurlRequestOptions (configurable via config and command line):
LogInit:  - bVerifyPeer = false  - Libcurl will NOT verify peer certificate
LogInit:  - bUseHttpProxy = false  - Libcurl will NOT use HTTP proxy
LogInit:  - bDontReuseConnections = false  - Libcurl will reuse connections
LogInit:  - CertBundlePath = nullptr  - Libcurl will use whatever was configured at build time.
LogInit: Build: ++UE4+Release-4.15-CL-3450819
LogInit: Engine Version: 4.15.3-3450819+++UE4+Release-4.15
LogInit: Compatible Engine Version: 4.15.0-3299760+++UE4+Release-4.15
LogInit: Net CL: 3299760
LogDevObjectVersion: Number of dev versions registered: 14
LogDevObjectVersion:   Dev-Blueprints (B0D832E4-1F89-4F0D-ACCF-7EB736FD4AA2): 8
LogDevObjectVersion:   Dev-Build (E1C64328-A22C-4D53-A36C-8E866417BD8C): 0
LogDevObjectVersion:   Dev-Core (375EC13C-06E4-48FB-B500-84F0262A717E): 2
LogDevObjectVersion:   Dev-Editor (E4B068ED-F494-42E9-A231-DA0B2E46BB41): 14
LogDevObjectVersion:   Dev-Framework (CFFC743F-43B0-4480-9391-14DF171D2073): 22
LogDevObjectVersion:   Dev-Mobile (B02B49B5-BB20-44E9-A304-32B752E40360): 0
LogDevObjectVersion:   Dev-Networking (A4E4105C-59A1-49B5-A7C5-40C4547EDFEE): 0
LogDevObjectVersion:   Dev-Online (39C831C9-5AE6-47DC-9A44-9C173E1C8E7C): 0
LogDevObjectVersion:   Dev-Physics (78F01B33-EBEA-4F98-B9B4-84EACCB95AA2): 0
LogDevObjectVersion:   Dev-Platform (6631380F-2D4D-43E0-8009-CF276956A95A): 0
LogDevObjectVersion:   Dev-Rendering (12F88B9F-8875-4AFC-A67C-D90C383ABD29): 12
LogDevObjectVersion:   Dev-Sequencer (7B5AE74C-D270-4C10-A958-57980B212A5A): 3
LogDevObjectVersion:   Dev-VR (D7296918-1DD6-4BDD-9DE2-64A83CC13884): 0
LogDevObjectVersion:   Dev-LoadTimes (C2A15278-BFE7-4AFE-6C17-90FF531DF755): 1
LogInit: Compiled (64-bit): May 21 2017 11:02:34
LogInit: Compiled with Visual C++: 19.00.23026.00
LogInit: Build Configuration: Development
LogInit: Branch Name: ++UE4+Release-4.15
LogInit: Command line: 
LogInit: Base directory: C:/Program Files/Epic Games/UE_4.15/Engine/Binaries/Win64/
LogInit: Installed Engine Build: 1
LogInit: Presizing for max 8388607 objects, including 0 objects not considered by GC, pre-allocating 0 bytes for permanent pool.
LogInit: Object subsystem initialized
[2021.10.16-21.08.49:348][  0]LogInit: Selected Device Profile: [Windows]
[2021.10.16-21.08.49:348][  0]LogInit: Applying CVar settings loaded from the selected device profile: [Windows]
[2021.10.16-21.08.49:359][  0]LogInit: Computer: JADAMS2CH17
[2021.10.16-21.08.49:359][  0]LogInit: User: jadams
[2021.10.16-21.08.49:359][  0]LogInit: CPU Page size=65536, Cores=6
[2021.10.16-21.08.49:359][  0]LogInit: High frequency timer resolution =10.000000 MHz
[2021.10.16-21.08.49:359][  0]LogMemory: Memory total: Physical=31.8GB (32GB approx)
[2021.10.16-21.08.49:359][  0]LogMemory: Platform Memory Stats for Windows
[2021.10.16-21.08.49:359][  0]LogMemory: Process Physical Memory: 264.28 MB used, 264.28 MB peak
[2021.10.16-21.08.49:359][  0]LogMemory: Process Virtual Memory: 260.18 MB used, 260.18 MB peak
[2021.10.16-21.08.49:359][  0]LogMemory: Physical Memory: 12152.88 MB used,  20376.81 MB free, 32529.69 MB total
[2021.10.16-21.08.49:359][  0]LogMemory: Virtual Memory: 4763.98 MB used,  20376.81 MB free, 134217728.00 MB total
[2021.10.16-21.08.49:708][  0]LogTextLocalizationManager: No specific translations for ('en-US') exist, so ('en') translations will be used.
[2021.10.16-21.08.50:339][  0]LogD3D11RHI: D3D11 adapters:
[2021.10.16-21.08.50:468][  0]LogD3D11RHI:    0. 'NVIDIA GeForce RTX 2070' (Feature Level 11_0)
[2021.10.16-21.08.50:468][  0]LogD3D11RHI:       8031/0/16264 MB DedicatedVideo/DedicatedSystem/SharedSystem, Outputs:3, VendorId:0x10de
[2021.10.16-21.08.50:491][  0]LogD3D11RHI:    1. 'Intel(R) UHD Graphics' (Feature Level 11_0)
[2021.10.16-21.08.50:491][  0]LogD3D11RHI:       128/0/16264 MB DedicatedVideo/DedicatedSystem/SharedSystem, Outputs:0, VendorId:0x8086
[2021.10.16-21.08.50:514][  0]LogD3D11RHI:    2. 'Intel(R) UHD Graphics' (Feature Level 11_0)
[2021.10.16-21.08.50:514][  0]LogD3D11RHI:       128/0/16264 MB DedicatedVideo/DedicatedSystem/SharedSystem, Outputs:0, VendorId:0x8086
[2021.10.16-21.08.50:538][  0]LogD3D11RHI:    3. 'Intel(R) UHD Graphics' (Feature Level 11_0)
[2021.10.16-21.08.50:538][  0]LogD3D11RHI:       128/0/16264 MB DedicatedVideo/DedicatedSystem/SharedSystem, Outputs:0, VendorId:0x8086
[2021.10.16-21.08.50:539][  0]LogD3D11RHI:    4. 'Microsoft Basic Render Driver' (Feature Level 11_0)
[2021.10.16-21.08.50:539][  0]LogD3D11RHI:       0/0/16264 MB DedicatedVideo/DedicatedSystem/SharedSystem, Outputs:0, VendorId:0x1414
[2021.10.16-21.08.50:539][  0]LogD3D11RHI: Chosen D3D11 Adapter: 0
[2021.10.16-21.08.50:547][  0]LogD3D11RHI: Creating new Direct3DDevice
[2021.10.16-21.08.50:547][  0]LogD3D11RHI:     GPU DeviceId: 0x1f14 (for the marketing name, search the web for "GPU Device Id")
[2021.10.16-21.08.50:547][  0]LogWindows: EnumDisplayDevices:
[2021.10.16-21.08.50:547][  0]LogWindows:    0. 'Intel(R) UHD Graphics' (P:1 D:1)
[2021.10.16-21.08.50:547][  0]LogWindows:    1. 'Intel(R) UHD Graphics' (P:0 D:0)
[2021.10.16-21.08.50:547][  0]LogWindows:    2. 'Intel(R) UHD Graphics' (P:0 D:0)
[2021.10.16-21.08.50:548][  0]LogWindows:    3. 'NVIDIA GeForce RTX 2070' (P:0 D:0)
[2021.10.16-21.08.50:548][  0]LogWindows:    4. 'NVIDIA GeForce RTX 2070' (P:0 D:0)
[2021.10.16-21.08.50:548][  0]LogWindows:    5. 'NVIDIA GeForce RTX 2070' (P:0 D:0)
[2021.10.16-21.08.50:548][  0]LogWindows:    6. 'NVIDIA GeForce RTX 2070' (P:0 D:0)
[2021.10.16-21.08.50:548][  0]LogWindows:    7. 'DisplayLink USB Device' (P:0 D:0)
[2021.10.16-21.08.50:548][  0]LogWindows:    8. 'DisplayLink USB Device' (P:0 D:1)
[2021.10.16-21.08.50:548][  0]LogWindows:    9. 'DisplayLink USB Device' (P:0 D:1)
[2021.10.16-21.08.50:548][  0]LogWindows: DebugString: GetVideoDriverDetailsInvalid PrimaryIsNotTheChoosenAdapter GetVideoDriverDetailsInvalid PrimaryIsNotTheChoosenAdapter GetVideoDriverDetailsInvalid PrimaryIsNotTheChoosenAdapter GetVideoDriverDetailsInvalid PrimaryIsNotTheChoosenAdapter GetVideoDriverDetailsInvalid PrimaryIsNotTheChoosenAdapter GetVideoDriverDetailsInvalid PrimaryIsNotTheChoosenAdapter GetVideoDriverDetailsInvalid PrimaryIsNotTheChoosenAdapter GetVideoDriverDetailsInvalid PrimaryIsNotTheChoosenAdapter GetVideoDriverDetailsInvalid PrimaryIsNotTheChoosenAdapter GetVideoDriverDetailsInvalid PrimaryIsNotTheChoosenAdapter FoundDriverCount:0 
[2021.10.16-21.08.50:548][  0]LogD3D11RHI:     Adapter Name: NVIDIA GeForce RTX 2070
[2021.10.16-21.08.50:548][  0]LogD3D11RHI:   Driver Version: Unknown (internal:Unknown, unified:Unknown)
[2021.10.16-21.08.50:548][  0]LogD3D11RHI:      Driver Date: Unknown
[2021.10.16-21.08.50:548][  0]LogRHI: Texture pool is 1361 MB (70% of 1945 MB)
[2021.10.16-21.08.50:643][  0]LogD3D11RHI: Async texture creation enabled
[2021.10.16-21.08.50:663][  0]LogD3D11RHI: GPU Timing Frequency: 1000.000000 (Debug: 2 2)
[2021.10.16-21.08.50:664][  0]LogShaderCompilers: Guid format shader working directory is -99 characters bigger than the processId version (D:/The Tech Academy - Game Developer Boot Camp/C++ And Unreal Engine Course/Blueprint and C++ Integration in Unreal Engine 4/02-project-setup/Pong/Intermediate/Shaders/WorkingDirectory/8400/).
[2021.10.16-21.08.50:664][  0]LogShaderCompilers: Cleaned the shader compiler working directory 'C:/Users/jadams/AppData/Local/Temp/UnrealShaderWorkingDir/219E341143374C83DA82E7B6FC5A6438/'.
[2021.10.16-21.08.50:665][  0]LogShaderCompilers:Display: Using Local Shader Compiler.
[2021.10.16-21.08.51:809][  0]LogTemp:Display: Loaded TP AllDesktopTargetPlatform
[2021.10.16-21.08.51:882][  0]LogTemp:Display: Loaded TP MacClientTargetPlatform
[2021.10.16-21.08.51:973][  0]LogTemp:Display: Loaded TP MacNoEditorTargetPlatform
[2021.10.16-21.08.52:058][  0]LogTemp:Display: Loaded TP MacServerTargetPlatform
[2021.10.16-21.08.52:143][  0]LogTemp:Display: Loaded TP MacTargetPlatform
[2021.10.16-21.08.52:225][  0]LogTemp:Display: Loaded TP WindowsClientTargetPlatform
[2021.10.16-21.08.52:303][  0]LogTemp:Display: Loaded TP WindowsNoEditorTargetPlatform
[2021.10.16-21.08.52:383][  0]LogTemp:Display: Loaded TP WindowsServerTargetPlatform
[2021.10.16-21.08.52:452][  0]LogTemp:Display: Loaded TP WindowsTargetPlatform
[2021.10.16-21.08.52:535][  0]LogTemp:Display: Loaded TP AndroidTargetPlatform
[2021.10.16-21.08.52:616][  0]LogTemp:Display: Loaded TP Android_ASTCTargetPlatform
[2021.10.16-21.08.52:699][  0]LogTemp:Display: Loaded TP Android_ATCTargetPlatform
[2021.10.16-21.08.52:782][  0]LogTemp:Display: Loaded TP Android_DXTTargetPlatform
[2021.10.16-21.08.52:870][  0]LogTemp:Display: Loaded TP Android_ETC1TargetPlatform
[2021.10.16-21.08.52:955][  0]LogTemp:Display: Loaded TP Android_ETC2TargetPlatform
[2021.10.16-21.08.53:135][  0]LogTemp:Display: Loaded TP Android_MultiTargetPlatform
[2021.10.16-21.08.53:135][  0]LogTemp:Display: Loaded TP Android_PVRTCTargetPlatform
[2021.10.16-21.08.53:212][  0]LogTemp:Display: Loaded TP HTML5TargetPlatform
[2021.10.16-21.08.53:387][  0]LogTemp:Display: Loaded TP IOSTargetPlatform
[2021.10.16-21.08.53:445][  0]LogTemp:Display: Loaded TP TVOSTargetPlatform
[2021.10.16-21.08.53:526][  0]LogTemp:Display: Loaded TP LinuxClientTargetPlatform
[2021.10.16-21.08.53:605][  0]LogTemp:Display: Loaded TP LinuxNoEditorTargetPlatform
[2021.10.16-21.08.53:690][  0]LogTemp:Display: Loaded TP LinuxServerTargetPlatform
[2021.10.16-21.08.53:772][  0]LogTemp:Display: Loaded TP LinuxTargetPlatform
[2021.10.16-21.08.53:772][  0]LogTargetPlatformManager:Display: Building Assets For Windows
[2021.10.16-21.08.54:562][  0]LogDerivedDataCache:Display: Max Cache Size: 512 MB
[2021.10.16-21.08.54:604][  0]LogDerivedDataCache: Loaded boot cache 0.04s 50MB C:/Users/jadams/AppData/Local/UnrealEngine/4.15/DerivedDataCache/Boot.ddc.
[2021.10.16-21.08.54:604][  0]LogDerivedDataCache:Display: Loaded Boot cache: C:/Users/jadams/AppData/Local/UnrealEngine/4.15/DerivedDataCache/Boot.ddc
[2021.10.16-21.08.54:604][  0]LogDerivedDataCache: FDerivedDataBackendGraph:  Pak pak cache file D:/The Tech Academy - Game Developer Boot Camp/C++ And Unreal Engine Course/Blueprint and C++ Integration in Unreal Engine 4/02-project-setup/Pong/DerivedDataCache/DDC.ddp not found, will not use a pak cache.
[2021.10.16-21.08.54:604][  0]LogDerivedDataCache: Unable to find inner node Pak for hierarchical cache Hierarchy.
[2021.10.16-21.08.54:604][  0]LogDerivedDataCache: FDerivedDataBackendGraph:  CompressedPak pak cache file D:/The Tech Academy - Game Developer Boot Camp/C++ And Unreal Engine Course/Blueprint and C++ Integration in Unreal Engine 4/02-project-setup/Pong/DerivedDataCache/Compressed.ddp not found, will not use a pak cache.
[2021.10.16-21.08.54:604][  0]LogDerivedDataCache: Unable to find inner node CompressedPak for hierarchical cache Hierarchy.
[2021.10.16-21.08.54:620][  0]LogDerivedDataCache:Display: Pak cache opened for reading ../../../Engine/DerivedDataCache/Compressed.ddp.
[2021.10.16-21.08.54:632][  0]LogDerivedDataCache: Using Local data cache path C:/Users/jadams/AppData/Local/UnrealEngine/Common/DerivedDataCache: Writable
[2021.10.16-21.08.54:640][  0]LogSlate: Using Freetype 2.6.0
[2021.10.16-21.08.54:640][  0]LogSlate: SlateFontCache - WITH_FREETYPE: 1, WITH_HARFBUZZ: 1
[2021.10.16-21.08.54:640][  0]LogSlate: SlateFontCache - WITH_FREETYPE: 1, WITH_HARFBUZZ: 1
[2021.10.16-21.08.54:902][  0]LogInit: Selected Device Profile: [Windows]
[2021.10.16-21.08.54:906][  0]LogContentStreaming: Texture pool size is 0.00 MB
[2021.10.16-21.08.55:197][  0]LogMeshUtilities: Using QuadricMeshReduction for automatic static mesh reduction
[2021.10.16-21.08.55:275][  0]LogSimplygon: Simplygon DLL not present - disabling.
[2021.10.16-21.08.55:357][  0]LogMeshUtilities: Using SimplygonSwarm for distributed automatic mesh merging
[2021.10.16-21.08.55:357][  0]LogMeshUtilities: No automatic skeletal mesh reduction module available
[2021.10.16-21.08.55:357][  0]LogMeshUtilities: No automatic mesh merging module available
[2021.10.16-21.08.55:979][  0]LogNetVersion: GetLocalNetworkVersion: CL: 3299760, ProjectName: pong, ProjectVersion: , EngineNetworkVersion: 2, GameNetworkVersion: 0, NetworkChecksum: 207199129
[2021.10.16-21.08.56:042][  0]LogAssetRegistry: FAssetRegistry took 0.0227 seconds to start up
[2021.10.16-21.08.56:105][  0]LogPackageLocalizationCache: Processed 3 localized package path(s) for 2 prioritized culture(s) in 0.019320 seconds
[2021.10.16-21.08.56:110][  0]LogUObjectArray: 32493 objects as part of root set at end of initial load.
[2021.10.16-21.08.56:110][  0]LogUObjectAllocator: 7077032 out of 0 bytes used by permanent object pool.
[2021.10.16-21.08.56:110][  0]LogUObjectArray: CloseDisregardForGC: 0/0 objects in disregard for GC pool
[2021.10.16-21.08.56:223][  0]LogInit: WinSock: version 1.1 (2.2), MaxSocks=32767, MaxUdp=65467
[2021.10.16-21.08.58:406][  0]LogTcpMessaging: Initializing TcpMessaging bridge
[2021.10.16-21.08.58:460][  0]LogUdpMessaging: Initializing bridge on interface 0.0.0.0:0 to multicast group 230.0.0.1:6666.
[2021.10.16-21.08.59:201][  0]LogMaterial: Uniform references updated for custom material expression Custom.
[2021.10.16-21.08.59:773][  0]SourceControl: Info Source control is disabled
[2021.10.16-21.08.59:817][  0]SourceControl: Info Source control is disabled
[2021.10.16-21.08.59:889][  0]SourceControl: Info Source control is disabled
[2021.10.16-21.08.59:963][  0]SourceControl: Info Source control is disabled
[2021.10.16-21.09.01:896][  0]LogEngine: Initializing Engine...
[2021.10.16-21.09.01:897][  0]LogHMD: Failed to initialize OpenVR with code 110
[2021.10.16-21.09.02:002][  0]LogStats: UGameplayTagsManager::ConstructGameplayTagTree: Construct from data asset -  0.000 s
[2021.10.16-21.09.02:002][  0]LogStats: UGameplayTagsManager::ConstructGameplayTagTree: GameplayTagTreeChangedEvent.Broadcast -  0.000 s
[2021.10.16-21.09.02:193][  0]LogAIModule: Creating AISystem for world Untitled
[2021.10.16-21.09.02:304][  0]LogInit: XAudio2 using 'Headset (Hesh 2 Wireless Hands-Free AG Audio)' : 1 channels at 16 kHz using 16 bits per sample (channel mask 0x4)
[2021.10.16-21.09.02:317][  0]LogAudio:Error: CreateSubmixVoice (Reverb) error: XAPO Creation Failed
[2021.10.16-21.09.02:317][  0]LogInit: FAudioDevice initialized.
[2021.10.16-21.09.02:345][  0]LogDerivedDataCache: Saved boot cache 0.03s 50MB C:/Users/jadams/AppData/Local/UnrealEngine/4.15/DerivedDataCache/Boot.ddc.
[2021.10.16-21.09.02:351][  0]LogInit: Texture streaming: Enabled
[2021.10.16-21.09.02:521][  0]LogEngineSessionManager: EngineSessionManager initialized
[2021.10.16-21.09.02:521][  0]LogEngineSessionManager: EngineSessionManager sent abnormal shutdown report. Type=Crashed, SessionId={D1061A20-44B4-8006-377E-6096EF1F83EE}
[2021.10.16-21.09.02:670][  0]LogInit: Transaction tracking system initialized
[2021.10.16-21.09.03:242][  0]BlueprintLog: New page: Editor Load
[2021.10.16-21.09.04:749][  0]LocalizationService: Info Localization service is disabled
[2021.10.16-21.09.05:876][  0]LogConsoleResponse:Display: 
[2021.10.16-21.09.06:028][  0]LogCook:Display: Max memory allowance for cook 16384mb min free memory 0mb
[2021.10.16-21.09.06:028][  0]LogCook:Display: Mobile HDR setting 1
[2021.10.16-21.09.06:134][  0]LogFileCache: Scanning file cache for directory 'D:/The Tech Academy - Game Developer Boot Camp/C++ And Unreal Engine Course/Blueprint and C++ Integration in Unreal Engine 4/02-project-setup/Pong/Content/' took 0.01s
[2021.10.16-21.09.07:793][  0]SourceControl: Info Source control is disabled
[2021.10.16-21.09.07:793][  0]LightingResults: New page: Lighting Build
[2021.10.16-21.09.07:857][  0]MapCheck: New page: Map Check
[2021.10.16-21.09.07:857][  0]LightingResults: New page: Lighting Build
[2021.10.16-21.09.07:901][  0]LogAIModule: Creating AISystem for world Main
[2021.10.16-21.09.07:924][  0]LogEditorServer: Finished looking for orphan Actors (0.000 secs)
[2021.10.16-21.09.07:925][  0]Cmd: MAP CHECKDEP NOCLEARLOG
[2021.10.16-21.09.07:964][  0]MapCheck: Info Map check complete: 0 Error(s), 0 Warning(s), took 39.049ms to complete.
[2021.10.16-21.09.07:964][  0]LogFileHelpers: Loading map 'Main' took 0.171
[2021.10.16-21.09.08:145][  0]LogCollectionManager: Loaded 0 collections in 0.001378 seconds
[2021.10.16-21.09.08:260][  0]LogFileCache: Scanning file cache for directory 'D:/The Tech Academy - Game Developer Boot Camp/C++ And Unreal Engine Course/Blueprint and C++ Integration in Unreal Engine 4/02-project-setup/Pong/Saved/Collections/' took 0.01s
[2021.10.16-21.09.08:260][  0]LogFileCache: Scanning file cache for directory 'D:/The Tech Academy - Game Developer Boot Camp/C++ And Unreal Engine Course/Blueprint and C++ Integration in Unreal Engine 4/02-project-setup/Pong/Content/Developers/jadams/Collections/' took 0.01s
[2021.10.16-21.09.08:260][  0]LogFileCache: Scanning file cache for directory 'D:/The Tech Academy - Game Developer Boot Camp/C++ And Unreal Engine Course/Blueprint and C++ Integration in Unreal Engine 4/02-project-setup/Pong/Content/Collections/' took 0.01s
[2021.10.16-21.09.08:260][  0]LogCollectionManager: Rebuilt the GUID cache for 0 collections in 0.000002 seconds
[2021.10.16-21.09.08:270][  0]LogContentBrowser: Native class hierarchy populated in 0.0097 seconds. Added 2250 classes and 455 folders.
[2021.10.16-21.09.08:388][  0]LogContentBrowser: Native class hierarchy updated for 'WidgetCarousel' in 0.0015 seconds. Added 0 classes and 0 folders.
[2021.10.16-21.09.08:425][  0]LogContentBrowser: Native class hierarchy updated for 'AddContentDialog' in 0.0010 seconds. Added 0 classes and 0 folders.
[2021.10.16-21.09.08:492][  0]LogContentBrowser: Native class hierarchy updated for 'SceneOutliner' in 0.0013 seconds. Added 1 classes and 2 folders.
[2021.10.16-21.09.08:605][  0]LogCrashTracker: Crashtracker disabled due to settings.
[2021.10.16-21.09.08:616][  0]LogUObjectGlobals:Warning: Failed to find object 'Class None.'
[2021.10.16-21.09.08:726][  0]LogContentBrowser: Native class hierarchy updated for 'HierarchicalLODOutliner' in 0.0014 seconds. Added 1 classes and 2 folders.
[2021.10.16-21.09.08:727][  0]LogLoad: (Engine Initialization) Total time: 22.08 seconds
[2021.10.16-21.09.08:727][  0]LogLoad: (Engine Initialization) Total Blueprint compile time: 0.06 seconds
[2021.10.16-21.09.08:727][  0]LogExternalProfiler: No external profilers were discovered.  External profiling features will not be available.
[2021.10.16-21.09.09:068][  0]LogOcInput: OculusInput pre-init called
[2021.10.16-21.09.09:090][  0]LogContentStreaming: Texture pool size now 1000 MB
[2021.10.16-21.09.09:092][  0]LogSlate: Took 0.000246 seconds to synchronously load lazily loaded font '../../../Engine/Content/Slate/Fonts/Roboto-Regular.ttf' (155K)
[2021.10.16-21.09.09:094][  0]LogSlate: Took 0.000172 seconds to synchronously load lazily loaded font '../../../Engine/Content/Slate/Fonts/Roboto-Bold.ttf' (160K)
[2021.10.16-21.09.09:100][  0]LogSlate: Took 0.000191 seconds to synchronously load lazily loaded font '../../../Engine/Content/Editor/Slate/Fonts/FontAwesome.ttf' (139K)
[2021.10.16-21.09.09:273][  0]LogRenderer: Reallocating scene render targets to support 1152x660 NumSamples 1 (Frame:2).
[2021.10.16-21.09.09:407][  1]LogAssetRegistry: Asset discovery search completed in 13.3877 seconds
[2021.10.16-21.09.09:407][  1]LogCollectionManager: Rebuilt the object cache for 0 collections in 0.000003 seconds (found 0 objects)
[2021.10.16-21.09.09:407][  1]LogCollectionManager: Fixed up redirectors for 0 collections in 0.000014 seconds (updated 0 objects)
[2021.10.16-21.09.13:404][ 13]LogSlate: Took 0.000112 seconds to synchronously load lazily loaded font '../../../Engine/Content/Slate/Fonts/Roboto-Light.ttf' (159K)
[2021.10.16-21.33.40:628][101]LogHotReload: New module detected: UE4Editor-Pong-2021.dll
[2021.10.16-21.33.41:311][104]LogHotReload: Starting Hot-Reload from IDE
[2021.10.16-21.33.41:318][104]LogSlate: Took 0.000203 seconds to synchronously load lazily loaded font '../../../Engine/Content/Slate/Fonts/Roboto-Light.ttf' (159K)
[2021.10.16-21.33.41:433][104]LogClass: Could not find existing class Boundary in package /Script/Pong for HotReload, assuming new class
[2021.10.16-21.33.41:436][104]LogHotReload: Re-instancing Boundary after hot-reload.
[2021.10.16-21.33.41:466][104]LogContentBrowser: Native class hierarchy updated for 'Pong' in 0.0010 seconds. Added 5 classes and 2 folders.
[2021.10.16-21.33.41:467][104]Display: HotReload successful (0 functions remapped  0 scriptstructs remapped)
[2021.10.16-21.33.41:541][104]LogContentBrowser: Native class hierarchy populated in 0.0074 seconds. Added 2252 classes and 459 folders.
[2021.10.16-21.33.41:549][104]Display: HotReload took  0.2s.
[2021.10.16-21.58.58:631][655]LogHotReload: New module detected: UE4Editor-Pong-177.dll
[2021.10.16-21.58.58:979][657]LogHotReload: Starting Hot-Reload from IDE
[2021.10.16-21.58.59:075][657]LogClass: Could not find existing class Paddle in package /Script/Pong for HotReload, assuming new class
[2021.10.16-21.58.59:076][657]LogHotReload: Re-instancing Paddle after hot-reload.
[2021.10.16-21.58.59:104][657]LogContentBrowser: Native class hierarchy updated for 'Pong' in 0.0011 seconds. Added 5 classes and 2 folders.
[2021.10.16-21.58.59:105][657]Display: HotReload successful (0 functions remapped  0 scriptstructs remapped)
[2021.10.16-21.58.59:126][657]LogContentBrowser: Native class hierarchy populated in 0.0076 seconds. Added 2252 classes and 459 folders.
[2021.10.16-21.58.59:130][657]Display: HotReload took  0.2s.
[2021.10.16-22.52.20:247][519]LogHttp:Warning: 000002A538B1F100: request failed, libcurl error: 6 (Couldn't resolve host name)
[2021.10.16-22.52.20:247][519]LogHttp:Warning: 000002A538B1F100: libcurl info message cache 0 (Connection 37 seems to be dead!)
[2021.10.16-22.52.20:247][519]LogHttp:Warning: 000002A538B1F100: libcurl info message cache 1 (Closing connection 37)
[2021.10.16-22.52.20:247][519]LogHttp:Warning: 000002A538B1F100: libcurl info message cache 2 (TLSv1.2 (OUT), TLS alert, Client hello (1):)
[2021.10.16-22.52.20:247][519]LogHttp:Warning: 000002A538B1F100: libcurl info message cache 3 (Could not resolve host: datarouter.ol.epicgames.com)
[2021.10.16-22.52.20:247][519]LogHttp:Warning: 000002A538B1F100: libcurl info message cache 4 (Closing connection 38)
[2021.10.16-23.47.05:486][356]LogHotReload: New module detected: UE4Editor-Pong-7067.dll
[2021.10.16-23.47.06:166][359]LogHotReload: Starting Hot-Reload from IDE
[2021.10.16-23.47.06:272][359]LogClass: Could not find existing class PongGameMode in package /Script/Pong for HotReload, assuming new class
[2021.10.16-23.47.06:273][359]LogHotReload: Re-instancing PongGameMode after hot-reload.
[2021.10.16-23.47.06:305][359]LogContentBrowser: Native class hierarchy updated for 'Pong' in 0.0020 seconds. Added 5 classes and 2 folders.
[2021.10.16-23.47.06:306][359]Display: HotReload successful (0 functions remapped  0 scriptstructs remapped)
[2021.10.16-23.47.06:326][359]LogContentBrowser: Native class hierarchy populated in 0.0079 seconds. Added 2252 classes and 459 folders.
[2021.10.16-23.47.06:331][359]Display: HotReload took  0.2s.
[2021.10.16-23.49.59:145][771]LogSlate: Took 0.009973 seconds to synchronously load lazily loaded font '../../../Engine/Content/Editor/Slate/Fonts/Roboto-BoldCondensed.ttf' (158K)
[2021.10.16-23.50.13:009][556]LogContentBrowser: Native class hierarchy updated for 'BlueprintGraph' in 0.0012 seconds. Added 112 classes and 0 folders.
[2021.10.16-23.50.13:871][557]LogRenderer: Reallocating scene render targets to support 1152x764 NumSamples 1 (Frame:2508).
[2021.10.16-23.51.16:909][389]LogMetaData: Removing '/Game/Blueprints/BP_PaddlePlayer.BP_PaddlePlayer:UserConstructionScript.K2Node_FunctionEntry_0' ref from Metadata '/Game/Blueprints/BP_Paddle.PackageMetaData'
[2021.10.16-23.51.16:909][389]LogMetaData: Removing '/Game/Blueprints/BP_PaddlePlayer.SKEL_BP_PaddlePlayer_C' ref from Metadata '/Game/Blueprints/BP_Paddle.PackageMetaData'
[2021.10.16-23.51.16:909][389]LogMetaData: Removing '/Game/Blueprints/BP_PaddlePlayer.BP_PaddlePlayer_C' ref from Metadata '/Game/Blueprints/BP_Paddle.PackageMetaData'
[2021.10.16-23.51.16:909][389]LogMetaData: Removing '/Game/Blueprints/BP_PaddlePlayer.BP_PaddlePlayer:EventGraph.K2Node_Event_0' ref from Metadata '/Game/Blueprints/BP_Paddle.PackageMetaData'
[2021.10.16-23.51.16:909][389]LogMetaData: Removing '/Game/Blueprints/BP_PaddlePlayer.BP_PaddlePlayer:EventGraph.K2Node_Event_1' ref from Metadata '/Game/Blueprints/BP_Paddle.PackageMetaData'
[2021.10.16-23.51.16:909][389]LogMetaData: Removing '/Game/Blueprints/BP_PaddlePlayer.BP_PaddlePlayer:EventGraph.K2Node_Event_2' ref from Metadata '/Game/Blueprints/BP_Paddle.PackageMetaData'
[2021.10.16-23.51.16:941][389]LogSavePackage: Save=6.94ms
[2021.10.16-23.51.16:941][389]LogSavePackage: Moving 'D:/The Tech Academy - Game Developer Boot Camp/C++ And Unreal Engine Course/Blueprint and C++ Integration in Unreal Engine 4/02-project-setup/Pong/Saved/BP_PaddlePlayer74AFB69C49BA10EFEB1D1DB1F67C6B56.tmp' to 'D:/The Tech Academy - Game Developer Boot Camp/C++ And Unreal Engine Course/Blueprint and C++ Integration in Unreal Engine 4/02-project-setup/Pong/Content/Blueprints/BP_PaddlePlayer.uasset'
[2021.10.16-23.51.16:943][389]LogSavePackage:Display: Finished SavePackage D:/The Tech Academy - Game Developer Boot Camp/C++ And Unreal Engine Course/Blueprint and C++ Integration in Unreal Engine 4/02-project-setup/Pong/Content/Blueprints/BP_PaddlePlayer.uasset
[2021.10.16-23.51.51:925][761]Recompiling Pong...
[2021.10.16-23.51.51:925][761]Launching UnrealBuildTool... [C:/Program Files/Epic Games/UE_4.15/Engine/Binaries/DotNET/UnrealBuildTool.exe Pong -ModuleWithSuffix Pong 8657 Win64 Development -editorrecompile -canskiplink "D:/The Tech Academy - Game Developer Boot Camp/C++ And Unreal Engine Course/Blueprint and C++ Integration in Unreal Engine 4/02-project-setup/Pong/Pong.uproject" ]
[2021.10.16-23.51.51:927][761]Warning: Starting HotReload took  0.4s.
[2021.10.16-23.51.56:528][ 18]CompilerResultsLog: New page: Compilation - Oct 16, 2021, 3:51:56 PM
[2021.10.16-23.51.56:528][ 18]CompilerResultsLog: Info Compiling game modules for hot reload
[2021.10.16-23.51.56:528][ 18]CompilerResultsLog: Info Target is up to date
[2021.10.16-23.51.56:528][ 18]CompilerResultsLog: Info Total build time: 4.20 seconds (NoActionsToExecute executor: 0.00 seconds)
[2021.10.16-23.51.56:528][ 18]LogMainFrame: MainFrame: Module compiling took 4.609 seconds
[2021.10.16-23.51.56:766][ 18]LogContentBrowser: Native class hierarchy populated in 0.0094 seconds. Added 2252 classes and 459 folders.
[2021.10.16-23.51.56:766][ 18]Display: HotReload took  5.3s.
[2021.10.16-23.52.08:505][709]LogSlate: Took 0.000218 seconds to synchronously load lazily loaded font '../../../Engine/Content/Slate/Fonts/Roboto-Light.ttf' (159K)
[2021.10.16-23.52.17:575][233]LogFileHelpers: Editor autosave (incl. sublevels) for '/Game/Maps/Main' took 0.035
[2021.10.16-23.52.17:576][233]OBJ SavePackage: Generating thumbnails for [0] asset(s) in package [/Game/Blueprints/BP_Boundary] ([1] browsable assets)...
[2021.10.16-23.52.17:576][233]OBJ SavePackage: Finished generating thumbnails for package [/Game/Blueprints/BP_Boundary]
[2021.10.16-23.52.17:584][233]LogSavePackage: Save=6.89ms
[2021.10.16-23.52.17:584][233]LogSavePackage: Moving 'D:/The Tech Academy - Game Developer Boot Camp/C++ And Unreal Engine Course/Blueprint and C++ Integration in Unreal Engine 4/02-project-setup/Pong/Saved/BP_Boundary_Auto14C19536A48DE00952F5D06A6CC6DCE3E.tmp' to 'D:/The Tech Academy - Game Developer Boot Camp/C++ And Unreal Engine Course/Blueprint and C++ Integration in Unreal Engine 4/02-project-setup/Pong/Saved/Autosaves/Game/Blueprints/BP_Boundary_Auto1.uasset'
[2021.10.16-23.52.17:584][233]LogSavePackage:Display: Finished SavePackage D:/The Tech Academy - Game Developer Boot Camp/C++ And Unreal Engine Course/Blueprint and C++ Integration in Unreal Engine 4/02-project-setup/Pong/Saved/Autosaves/Game/Blueprints/BP_Boundary_Auto1.uasset
[2021.10.16-23.52.17:586][233]LogSavePackage: Save=1.30ms
[2021.10.16-23.52.17:586][233]LogSavePackage: Moving 'D:/The Tech Academy - Game Developer Boot Camp/C++ And Unreal Engine Course/Blueprint and C++ Integration in Unreal Engine 4/02-project-setup/Pong/Saved/BP_Paddle_Auto1598B1A9D4794038D344CB6B6E66D83F1.tmp' to 'D:/The Tech Academy - Game Developer Boot Camp/C++ And Unreal Engine Course/Blueprint and C++ Integration in Unreal Engine 4/02-project-setup/Pong/Saved/Autosaves/Game/Blueprints/BP_Paddle_Auto1.uasset'
[2021.10.16-23.52.17:587][233]LogSavePackage:Display: Finished SavePackage D:/The Tech Academy - Game Developer Boot Camp/C++ And Unreal Engine Course/Blueprint and C++ Integration in Unreal Engine 4/02-project-setup/Pong/Saved/Autosaves/Game/Blueprints/BP_Paddle_Auto1.uasset
[2021.10.16-23.52.17:587][233]OBJ SavePackage: Generating thumbnails for [0] asset(s) in package [/Game/Blueprints/BP_PaddleAI] ([1] browsable assets)...
[2021.10.16-23.52.17:587][233]OBJ SavePackage: Finished generating thumbnails for package [/Game/Blueprints/BP_PaddleAI]
[2021.10.16-23.52.17:595][233]LogSavePackage: Save=7.37ms
[2021.10.16-23.52.17:595][233]LogSavePackage: Moving 'D:/The Tech Academy - Game Developer Boot Camp/C++ And Unreal Engine Course/Blueprint and C++ Integration in Unreal Engine 4/02-project-setup/Pong/Saved/BP_PaddleAI_Auto1CC345EC145F0042F5AD3E7A8CB2C0413.tmp' to 'D:/The Tech Academy - Game Developer Boot Camp/C++ And Unreal Engine Course/Blueprint and C++ Integration in Unreal Engine 4/02-project-setup/Pong/Saved/Autosaves/Game/Blueprints/BP_PaddleAI_Auto1.uasset'
[2021.10.16-23.52.17:596][233]LogSavePackage:Display: Finished SavePackage D:/The Tech Academy - Game Developer Boot Camp/C++ And Unreal Engine Course/Blueprint and C++ Integration in Unreal Engine 4/02-project-setup/Pong/Saved/Autosaves/Game/Blueprints/BP_PaddleAI_Auto1.uasset
[2021.10.16-23.52.17:596][233]OBJ SavePackage: Generating thumbnails for [0] asset(s) in package [/Game/Blueprints/BP_PongGameMode] ([1] browsable assets)...
[2021.10.16-23.52.17:596][233]OBJ SavePackage: Finished generating thumbnails for package [/Game/Blueprints/BP_PongGameMode]
[2021.10.16-23.52.17:740][233]LogSavePackage: Save=6.26ms
[2021.10.16-23.52.17:740][233]LogSavePackage: Moving 'D:/The Tech Academy - Game Developer Boot Camp/C++ And Unreal Engine Course/Blueprint and C++ Integration in Unreal Engine 4/02-project-setup/Pong/Saved/BP_PongGameMode_Auto1C7E122684233FCEF19A0E9ABB1221F41.tmp' to 'D:/The Tech Academy - Game Developer Boot Camp/C++ And Unreal Engine Course/Blueprint and C++ Integration in Unreal Engine 4/02-project-setup/Pong/Saved/Autosaves/Game/Blueprints/BP_PongGameMode_Auto1.uasset'
[2021.10.16-23.52.17:741][233]LogSavePackage:Display: Finished SavePackage D:/The Tech Academy - Game Developer Boot Camp/C++ And Unreal Engine Course/Blueprint and C++ Integration in Unreal Engine 4/02-project-setup/Pong/Saved/Autosaves/Game/Blueprints/BP_PongGameMode_Auto1.uasset
[2021.10.16-23.52.17:741][233]LogFileHelpers: Auto-saving content packages took 0.166
[2021.10.17-00.10.37:260][367]LogHotReload: New module detected: UE4Editor-Pong-3043.dll
[2021.10.17-00.10.37:946][370]LogHotReload: Starting Hot-Reload from IDE
[2021.10.17-00.10.38:092][370]LogClass: Could not find existing class Ball in package /Script/Pong for HotReload, assuming new class
[2021.10.17-00.10.38:099][370]LogHotReload: Re-instancing Ball after hot-reload.
[2021.10.17-00.10.38:165][370]LogContentBrowser: Native class hierarchy updated for 'Pong' in 0.0010 seconds. Added 5 classes and 2 folders.
[2021.10.17-00.10.38:167][370]Display: HotReload successful (0 functions remapped  0 scriptstructs remapped)
[2021.10.17-00.10.38:386][370]LogContentBrowser: Native class hierarchy populated in 0.0078 seconds. Added 2252 classes and 459 folders.
[2021.10.17-00.10.38:390][370]Display: HotReload took  0.4s.
[2021.10.17-00.48.05:729][203]LogRenderer: Reallocating scene render targets to support 1152x772 NumSamples 1 (Frame:14492).
[2021.10.17-00.48.05:900][207]LogRenderer: Reallocating scene render targets to support 1152x900 NumSamples 1 (Frame:14496).
[2021.10.17-00.48.31:098][ 59]LogVSAccessor:Warning: Couldn't goto line number '0' in 'D:/The Tech Academy - Game Developer Boot Camp/C++ And Unreal Engine Course/Blueprint and C++ Integration in Unreal Engine 4/02-project-setup/Pong/Source/Pong/GameHUD.h'
[2021.10.17-00.48.31:140][ 59]LogVSAccessor:Warning: Couldn't goto line number '0' in 'D:/The Tech Academy - Game Developer Boot Camp/C++ And Unreal Engine Course/Blueprint and C++ Integration in Unreal Engine 4/02-project-setup/Pong/Source/Pong/GameHUD.cpp'
[2021.10.17-01.46.45:861][900]LogVSAccessor:Warning: Visual Studio is open but could not be queried - it may be blocked by a modal operation
[2021.10.17-01.46.50:022][901]LogVSAccessor:Warning: Couldn't goto line number '0' in 'D:/The Tech Academy - Game Developer Boot Camp/C++ And Unreal Engine Course/Blueprint and C++ Integration in Unreal Engine 4/02-project-setup/Pong/Source/Pong/GameHUD.h'
[2021.10.17-01.46.51:165][901]LogVSAccessor:Warning: Couldn't goto line number '0' in 'D:/The Tech Academy - Game Developer Boot Camp/C++ And Unreal Engine Course/Blueprint and C++ Integration in Unreal Engine 4/02-project-setup/Pong/Source/Pong/GameHUD.cpp'
[2021.10.17-01.57.57:860][901]LogHotReload: New module detected: UE4Editor-Pong-7825.dll
[2021.10.17-01.57.58:539][904]LogHotReload: Starting Hot-Reload from IDE
[2021.10.17-01.57.58:717][904]LogClass: Could not find existing class GameHUD in package /Script/Pong for HotReload, assuming new class
[2021.10.17-01.57.58:717][904]LogClass: Function TestNative is new.
[2021.10.17-01.57.58:722][904]LogHotReload: Re-instancing GameHUD after hot-reload.
[2021.10.17-01.57.58:797][904]LogContentBrowser: Native class hierarchy updated for 'Pong' in 0.0011 seconds. Added 5 classes and 2 folders.
[2021.10.17-01.57.58:799][904]Display: HotReload successful (0 functions remapped  0 scriptstructs remapped)
[2021.10.17-01.57.59:007][904]LogContentBrowser: Native class hierarchy populated in 0.0072 seconds. Added 2252 classes and 459 folders.
[2021.10.17-01.57.59:011][904]Display: HotReload took  0.5s.
[2021.10.17-02.00.45:687][404]LogHotReload: New module detected: UE4Editor-Pong-7562.dll
[2021.10.17-02.00.46:706][408]LogHotReload: Starting Hot-Reload from IDE
[2021.10.17-02.00.46:895][408]LogClass: Could not find existing class GameHUD in package /Script/Pong for HotReload, assuming new class
[2021.10.17-02.00.46:903][408]LogHotReload: Re-instancing GameHUD after hot-reload.
[2021.10.17-02.00.46:995][408]LogContentBrowser: Native class hierarchy updated for 'Pong' in 0.0017 seconds. Added 5 classes and 2 folders.
[2021.10.17-02.00.46:998][408]Display: HotReload successful (0 functions remapped  0 scriptstructs remapped)
[2021.10.17-02.00.47:253][408]LogContentBrowser: Native class hierarchy populated in 0.0095 seconds. Added 2252 classes and 459 folders.
[2021.10.17-02.00.47:258][408]Display: HotReload took  0.6s.
[2021.10.17-02.16.59:360][591]LogHotReload: New module detected: UE4Editor-Pong-5291.dll
[2021.10.17-02.17.00:057][594]LogHotReload: Starting Hot-Reload from IDE
[2021.10.17-02.17.00:237][594]LogClass: Could not find existing class PongGameMode in package /Script/Pong for HotReload, assuming new class
[2021.10.17-02.17.00:237][594]LogClass: Function SumTest is new.
[2021.10.17-02.17.00:242][594]LogHotReload: Re-instancing PongGameMode after hot-reload.
[2021.10.17-02.17.00:584][594]LogContentBrowser: Native class hierarchy updated for 'Pong' in 0.0010 seconds. Added 5 classes and 2 folders.
[2021.10.17-02.17.00:587][594]Display: HotReload successful (0 functions remapped  0 scriptstructs remapped)
[2021.10.17-02.17.00:829][594]LogContentBrowser: Native class hierarchy populated in 0.0088 seconds. Added 2252 classes and 459 folders.
[2021.10.17-02.17.00:833][594]Display: HotReload took  0.8s.
[2021.10.17-02.17.11:247][625]LogFileHelpers: Editor autosave (incl. sublevels) for '/Game/Maps/Main' took 0.045
[2021.10.17-02.17.11:249][625]OBJ SavePackage: Generating thumbnails for [0] asset(s) in package [/Game/Blueprints/BP_PongGameMode] ([1] browsable assets)...
[2021.10.17-02.17.11:249][625]OBJ SavePackage: Finished generating thumbnails for package [/Game/Blueprints/BP_PongGameMode]
[2021.10.17-02.17.11:256][625]LogSavePackage: Save=6.22ms
[2021.10.17-02.17.11:256][625]LogSavePackage: Moving 'D:/The Tech Academy - Game Developer Boot Camp/C++ And Unreal Engine Course/Blueprint and C++ Integration in Unreal Engine 4/02-project-setup/Pong/Saved/BP_PongGameMode_Auto21B4487404DC89C3F507EE49EC74E5F80.tmp' to 'D:/The Tech Academy - Game Developer Boot Camp/C++ And Unreal Engine Course/Blueprint and C++ Integration in Unreal Engine 4/02-project-setup/Pong/Saved/Autosaves/Game/Blueprints/BP_PongGameMode_Auto2.uasset'
[2021.10.17-02.17.11:258][625]LogSavePackage:Display: Finished SavePackage D:/The Tech Academy - Game Developer Boot Camp/C++ And Unreal Engine Course/Blueprint and C++ Integration in Unreal Engine 4/02-project-setup/Pong/Saved/Autosaves/Game/Blueprints/BP_PongGameMode_Auto2.uasset
[2021.10.17-02.17.11:258][625]LogFileHelpers: Auto-saving content packages took 0.009
[2021.10.17-02.25.04:868][880]LogSlate: Took 0.007995 seconds to synchronously load lazily loaded font '../../../Engine/Content/Editor/Slate/Fonts/Roboto-Italic.ttf' (157K)
[2021.10.17-02.35.34:659][661]PIE:Warning: Warning Invalid Simulate Options: Body (BP_Ball_C_1.Collision) is set to simulate physics but Collision Enabled is incompatible
[2021.10.17-02.35.34:659][661]PIE:Warning: Warning Invalid Simulate Options: Body (BP_Ball_C_1.Collision) is set to simulate physics but Collision Enabled is incompatible
[2021.10.17-02.35.34:659][661]PIE:Warning: Warning Invalid Simulate Options: Body (BP_Ball_C_1.Collision) is set to simulate physics but Collision Enabled is incompatible
[2021.10.17-02.35.34:659][661]PIE:Warning: Warning Invalid Simulate Options: Body (BP_Ball_C_1.Collision) is set to simulate physics but Collision Enabled is incompatible
[2021.10.17-02.35.34:660][661]PIE:Warning: Warning Invalid Simulate Options: Body (BP_Ball_C_1.Collision) is set to simulate physics but Collision Enabled is incompatible
[2021.10.17-02.35.34:660][661]PIE:Warning: Warning Invalid Simulate Options: Body (BP_Ball_C_1.Collision) is set to simulate physics but Collision Enabled is incompatible
[2021.10.17-02.35.34:665][661]PIE:Warning: Warning Invalid Simulate Options: Body (BP_Ball_C_1.Collision) is set to simulate physics but Collision Enabled is incompatible
[2021.10.17-02.35.34:665][661]PIE:Warning: Warning Invalid Simulate Options: Body (BP_Ball_C_1.Collision) is set to simulate physics but Collision Enabled is incompatible
[2021.10.17-02.35.37:564][832]PIE:Warning: Warning Invalid Simulate Options: Body (BP_Ball_C_1.Collision) is set to simulate physics but Collision Enabled is incompatible
[2021.10.17-02.35.37:564][832]PIE:Warning: Warning Invalid Simulate Options: Body (BP_Ball_C_1.Collision) is set to simulate physics but Collision Enabled is incompatible
[2021.10.17-02.35.37:564][832]PIE:Warning: Warning Invalid Simulate Options: Body (BP_Ball_C_1.Collision) is set to simulate physics but Collision Enabled is incompatible
[2021.10.17-02.35.37:564][832]PIE:Warning: Warning Invalid Simulate Options: Body (BP_Ball_C_1.Collision) is set to simulate physics but Collision Enabled is incompatible
[2021.10.17-02.35.37:564][832]PIE:Warning: Warning Invalid Simulate Options: Body (BP_Ball_C_1.Collision) is set to simulate physics but Collision Enabled is incompatible
[2021.10.17-02.35.37:564][832]PIE:Warning: Warning Invalid Simulate Options: Body (BP_Ball_C_1.Collision) is set to simulate physics but Collision Enabled is incompatible
[2021.10.17-02.35.37:581][832]PIE:Warning: Warning Invalid Simulate Options: Body (BP_Ball_C_1.Collision) is set to simulate physics but Collision Enabled is incompatible
[2021.10.17-02.35.37:581][832]PIE:Warning: Warning Invalid Simulate Options: Body (BP_Ball_C_1.Collision) is set to simulate physics but Collision Enabled is incompatible
[2021.10.17-02.35.46:661][377]PIE:Warning: Warning Invalid Simulate Options: Body (BP_Ball_C_1.Collision) is set to simulate physics but Collision Enabled is incompatible
[2021.10.17-02.35.46:661][377]PIE:Warning: Warning Invalid Simulate Options: Body (BP_Ball_C_1.Collision) is set to simulate physics but Collision Enabled is incompatible
[2021.10.17-02.35.46:661][377]PIE:Warning: Warning Invalid Simulate Options: Body (BP_Ball_C_1.Collision) is set to simulate physics but Collision Enabled is incompatible
[2021.10.17-02.35.46:661][377]PIE:Warning: Warning Invalid Simulate Options: Body (BP_Ball_C_1.Collision) is set to simulate physics but Collision Enabled is incompatible
[2021.10.17-02.35.46:661][377]PIE:Warning: Warning Invalid Simulate Options: Body (BP_Ball_C_1.Collision) is set to simulate physics but Collision Enabled is incompatible
[2021.10.17-02.35.46:661][377]PIE:Warning: Warning Invalid Simulate Options: Body (BP_Ball_C_1.Collision) is set to simulate physics but Collision Enabled is incompatible
[2021.10.17-02.35.46:680][377]PIE:Warning: Warning Invalid Simulate Options: Body (BP_Ball_C_1.Collision) is set to simulate physics but Collision Enabled is incompatible
[2021.10.17-02.35.46:680][377]PIE:Warning: Warning Invalid Simulate Options: Body (BP_Ball_C_1.Collision) is set to simulate physics but Collision Enabled is incompatible
[2021.10.17-02.35.49:516][548]PIE:Warning: Warning Invalid Simulate Options: Body (BP_Ball_C_1.Collision) is set to simulate physics but Collision Enabled is incompatible
[2021.10.17-02.35.49:516][548]PIE:Warning: Warning Invalid Simulate Options: Body (BP_Ball_C_1.Collision) is set to simulate physics but Collision Enabled is incompatible
[2021.10.17-02.35.49:517][548]PIE:Warning: Warning Invalid Simulate Options: Body (BP_Ball_C_1.Collision) is set to simulate physics but Collision Enabled is incompatible
[2021.10.17-02.35.49:517][548]PIE:Warning: Warning Invalid Simulate Options: Body (BP_Ball_C_1.Collision) is set to simulate physics but Collision Enabled is incompatible
[2021.10.17-02.35.49:517][548]PIE:Warning: Warning Invalid Simulate Options: Body (BP_Ball_C_1.Collision) is set to simulate physics but Collision Enabled is incompatible
[2021.10.17-02.35.49:517][548]PIE:Warning: Warning Invalid Simulate Options: Body (BP_Ball_C_1.Collision) is set to simulate physics but Collision Enabled is incompatible
[2021.10.17-02.35.49:533][548]PIE:Warning: Warning Invalid Simulate Options: Body (BP_Ball_C_1.Collision) is set to simulate physics but Collision Enabled is incompatible
[2021.10.17-02.35.49:533][548]PIE:Warning: Warning Invalid Simulate Options: Body (BP_Ball_C_1.Collision) is set to simulate physics but Collision Enabled is incompatible
[2021.10.17-02.35.55:057][880]PIE:Warning: Warning Invalid Simulate Options: Body (BP_Ball_C_1.Collision) is set to simulate physics but Collision Enabled is incompatible
[2021.10.17-02.35.55:057][880]PIE:Warning: Warning Invalid Simulate Options: Body (BP_Ball_C_1.Collision) is set to simulate physics but Collision Enabled is incompatible
[2021.10.17-02.35.55:057][880]PIE:Warning: Warning Invalid Simulate Options: Body (BP_Ball_C_1.Collision) is set to simulate physics but Collision Enabled is incompatible
[2021.10.17-02.35.55:057][880]PIE:Warning: Warning Invalid Simulate Options: Body (BP_Ball_C_1.Collision) is set to simulate physics but Collision Enabled is incompatible
[2021.10.17-02.35.55:057][880]PIE:Warning: Warning Invalid Simulate Options: Body (BP_Ball_C_1.Collision) is set to simulate physics but Collision Enabled is incompatible
[2021.10.17-02.35.55:057][880]PIE:Warning: Warning Invalid Simulate Options: Body (BP_Ball_C_1.Collision) is set to simulate physics but Collision Enabled is incompatible
[2021.10.17-02.35.55:064][880]PIE:Warning: Warning Invalid Simulate Options: Body (BP_Ball_C_1.Collision) is set to simulate physics but Collision Enabled is incompatible
[2021.10.17-02.35.55:064][880]PIE:Warning: Warning Invalid Simulate Options: Body (BP_Ball_C_1.Collision) is set to simulate physics but Collision Enabled is incompatible
[2021.10.17-02.36.06:825][582]PIE:Warning: Warning Invalid Simulate Options: Body (BP_Ball_C_1.Collision) is set to simulate physics but Collision Enabled is incompatible
[2021.10.17-02.36.06:825][582]PIE:Warning: Warning Invalid Simulate Options: Body (BP_Ball_C_1.Collision) is set to simulate physics but Collision Enabled is incompatible
[2021.10.17-02.36.06:825][582]PIE:Warning: Warning Invalid Simulate Options: Body (BP_Ball_C_1.Collision) is set to simulate physics but Collision Enabled is incompatible
[2021.10.17-02.36.06:825][582]PIE:Warning: Warning Invalid Simulate Options: Body (BP_Ball_C_1.Collision) is set to simulate physics but Collision Enabled is incompatible
[2021.10.17-02.36.06:825][582]PIE:Warning: Warning Invalid Simulate Options: Body (BP_Ball_C_1.Collision) is set to simulate physics but Collision Enabled is incompatible
[2021.10.17-02.36.06:825][582]PIE:Warning: Warning Invalid Simulate Options: Body (BP_Ball_C_1.Collision) is set to simulate physics but Collision Enabled is incompatible
[2021.10.17-02.36.06:829][582]PIE:Warning: Warning Invalid Simulate Options: Body (BP_Ball_C_1.Collision) is set to simulate physics but Collision Enabled is incompatible
[2021.10.17-02.36.06:829][582]PIE:Warning: Warning Invalid Simulate Options: Body (BP_Ball_C_1.Collision) is set to simulate physics but Collision Enabled is incompatible
[2021.10.17-02.36.16:380][151]PIE:Warning: Warning Invalid Simulate Options: Body (BP_Ball_C_1.Collision) is set to simulate physics but Collision Enabled is incompatible
[2021.10.17-02.36.16:380][151]PIE:Warning: Warning Invalid Simulate Options: Body (BP_Ball_C_1.Collision) is set to simulate physics but Collision Enabled is incompatible
[2021.10.17-02.36.16:380][151]PIE:Warning: Warning Invalid Simulate Options: Body (BP_Ball_C_1.Collision) is set to simulate physics but Collision Enabled is incompatible
[2021.10.17-02.36.16:380][151]PIE:Warning: Warning Invalid Simulate Options: Body (BP_Ball_C_1.Collision) is set to simulate physics but Collision Enabled is incompatible
[2021.10.17-02.36.16:380][151]PIE:Warning: Warning Invalid Simulate Options: Body (BP_Ball_C_1.Collision) is set to simulate physics but Collision Enabled is incompatible
[2021.10.17-02.36.16:380][151]PIE:Warning: Warning Invalid Simulate Options: Body (BP_Ball_C_1.Collision) is set to simulate physics but Collision Enabled is incompatible
[2021.10.17-02.36.16:389][151]PIE:Warning: Warning Invalid Simulate Options: Body (BP_Ball_C_1.Collision) is set to simulate physics but Collision Enabled is incompatible
[2021.10.17-02.36.16:389][151]PIE:Warning: Warning Invalid Simulate Options: Body (BP_Ball_C_1.Collision) is set to simulate physics but Collision Enabled is incompatible
[2021.10.17-02.36.22:315][506]LogActorComponent: ReregisterComponent: (/Engine/Transient.World_5:PersistentLevel.BP_Ball_C_1.Collision) Not currently registered. Aborting.
[2021.10.17-02.36.22:315][506]PIE:Warning: Warning Invalid Simulate Options: Body (BP_Ball_C_1.Collision) is set to simulate physics but Collision Enabled is incompatible
[2021.10.17-02.36.22:315][506]PIE:Warning: Warning Invalid Simulate Options: Body (BP_Ball_C_1.Collision) is set to simulate physics but Collision Enabled is incompatible
[2021.10.17-02.36.22:315][506]PIE:Warning: Warning Invalid Simulate Options: Body (BP_Ball_C_1.Collision) is set to simulate physics but Collision Enabled is incompatible
[2021.10.17-02.36.22:315][506]PIE:Warning: Warning Invalid Simulate Options: Body (BP_Ball_C_1.Collision) is set to simulate physics but Collision Enabled is incompatible
[2021.10.17-02.36.22:316][506]PIE:Warning: Warning Invalid Simulate Options: Body (BP_Ball_C_1.Collision) is set to simulate physics but Collision Enabled is incompatible
[2021.10.17-02.36.22:316][506]PIE:Warning: Warning Invalid Simulate Options: Body (BP_Ball_C_1.Collision) is set to simulate physics but Collision Enabled is incompatible
[2021.10.17-02.36.22:334][506]PIE:Warning: Warning Invalid Simulate Options: Body (BP_Ball_C_1.Collision) is set to simulate physics but Collision Enabled is incompatible
[2021.10.17-02.36.22:334][506]PIE:Warning: Warning Invalid Simulate Options: Body (BP_Ball_C_1.Collision) is set to simulate physics but Collision Enabled is incompatible
[2021.10.17-02.36.23:138][555]LogActorComponent: ReregisterComponent: (/Engine/Transient.World_5:PersistentLevel.BP_Ball_C_1.Collision) Not currently registered. Aborting.
[2021.10.17-02.36.23:139][555]PIE:Warning: Warning Invalid Simulate Options: Body (BP_Ball_C_1.Collision) is set to simulate physics but Collision Enabled is incompatible
[2021.10.17-02.36.23:139][555]PIE:Warning: Warning Invalid Simulate Options: Body (BP_Ball_C_1.Collision) is set to simulate physics but Collision Enabled is incompatible
[2021.10.17-02.36.23:139][555]PIE:Warning: Warning Invalid Simulate Options: Body (BP_Ball_C_1.Collision) is set to simulate physics but Collision Enabled is incompatible
[2021.10.17-02.36.23:139][555]PIE:Warning: Warning Invalid Simulate Options: Body (BP_Ball_C_1.Collision) is set to simulate physics but Collision Enabled is incompatible
[2021.10.17-02.36.23:139][555]PIE:Warning: Warning Invalid Simulate Options: Body (BP_Ball_C_1.Collision) is set to simulate physics but Collision Enabled is incompatible
[2021.10.17-02.36.23:139][555]PIE:Warning: Warning Invalid Simulate Options: Body (BP_Ball_C_1.Collision) is set to simulate physics but Collision Enabled is incompatible
[2021.10.17-02.36.23:155][555]PIE:Warning: Warning Invalid Simulate Options: Body (BP_Ball_C_1.Collision) is set to simulate physics but Collision Enabled is incompatible
[2021.10.17-02.36.23:155][555]PIE:Warning: Warning Invalid Simulate Options: Body (BP_Ball_C_1.Collision) is set to simulate physics but Collision Enabled is incompatible
[2021.10.17-02.36.52:194][292]LogActorComponent: ReregisterComponent: (/Engine/Transient.World_5:PersistentLevel.BP_Ball_C_1.Sprite) Not currently registered. Aborting.
[2021.10.17-02.37.24:736][585]LogFileHelpers: Editor autosave (incl. sublevels) for '/Game/Maps/Main' took 0.050
[2021.10.17-02.37.24:737][585]OBJ SavePackage: Generating thumbnails for [0] asset(s) in package [/Game/Blueprints/BP_Ball] ([1] browsable assets)...
[2021.10.17-02.37.24:737][585]OBJ SavePackage: Finished generating thumbnails for package [/Game/Blueprints/BP_Ball]
[2021.10.17-02.37.24:888][585]LogSavePackage: Save=9.57ms
[2021.10.17-02.37.24:888][585]LogSavePackage: Moving 'D:/The Tech Academy - Game Developer Boot Camp/C++ And Unreal Engine Course/Blueprint and C++ Integration in Unreal Engine 4/02-project-setup/Pong/Saved/BP_Ball_Auto34EA7A6554F1F52AAB7D1B7A4F0C0A5C8.tmp' to 'D:/The Tech Academy - Game Developer Boot Camp/C++ And Unreal Engine Course/Blueprint and C++ Integration in Unreal Engine 4/02-project-setup/Pong/Saved/Autosaves/Game/Blueprints/BP_Ball_Auto3.uasset'
[2021.10.17-02.37.24:889][585]LogSavePackage:Display: Finished SavePackage D:/The Tech Academy - Game Developer Boot Camp/C++ And Unreal Engine Course/Blueprint and C++ Integration in Unreal Engine 4/02-project-setup/Pong/Saved/Autosaves/Game/Blueprints/BP_Ball_Auto3.uasset
[2021.10.17-02.37.24:889][585]LogFileHelpers: Auto-saving content packages took 0.152
[2021.10.17-02.39.45:748][891]BlueprintLog: New page: Compile BP_Ball
[2021.10.17-02.39.46:776][938]LogSavePackage: Save=6.85ms
[2021.10.17-02.39.46:776][938]LogSavePackage: Moving 'D:/The Tech Academy - Game Developer Boot Camp/C++ And Unreal Engine Course/Blueprint and C++ Integration in Unreal Engine 4/02-project-setup/Pong/Saved/BP_Ball9C6C573E4024B509047315A1262B1CFD.tmp' to 'D:/The Tech Academy - Game Developer Boot Camp/C++ And Unreal Engine Course/Blueprint and C++ Integration in Unreal Engine 4/02-project-setup/Pong/Content/Blueprints/BP_Ball.uasset'
[2021.10.17-02.39.46:778][938]LogSavePackage:Display: Finished SavePackage D:/The Tech Academy - Game Developer Boot Camp/C++ And Unreal Engine Course/Blueprint and C++ Integration in Unreal Engine 4/02-project-setup/Pong/Content/Blueprints/BP_Ball.uasset
[2021.10.17-02.40.01:837][570]LogActorComponent: ReregisterComponent: (/Engine/Transient.World_0:PersistentLevel.BP_Boundary_C_0.Bounds) Not currently registered. Aborting.
[2021.10.17-02.40.06:006][649]BlueprintLog: New page: Compile BP_Boundary
[2021.10.17-02.40.29:829][ 59]LogSavePackage: Save=7.86ms
[2021.10.17-02.40.29:829][ 59]LogSavePackage: Moving 'D:/The Tech Academy - Game Developer Boot Camp/C++ And Unreal Engine Course/Blueprint and C++ Integration in Unreal Engine 4/02-project-setup/Pong/Saved/BP_Boundary299745AB4EE2C1B630FD80B1F797F89C.tmp' to 'D:/The Tech Academy - Game Developer Boot Camp/C++ And Unreal Engine Course/Blueprint and C++ Integration in Unreal Engine 4/02-project-setup/Pong/Content/Blueprints/BP_Boundary.uasset'
[2021.10.17-02.40.29:829][ 59]LogSavePackage:Display: Finished SavePackage D:/The Tech Academy - Game Developer Boot Camp/C++ And Unreal Engine Course/Blueprint and C++ Integration in Unreal Engine 4/02-project-setup/Pong/Content/Blueprints/BP_Boundary.uasset
[2021.10.17-02.45.18:301][996]LogEditorViewport: Clicking Background
[2021.10.17-02.47.59:447][921]Cmd: TRANSACTION UNDO
[2021.10.17-02.47.59:447][921]LogEditorTransaction: Undo Scale Actors
[2021.10.17-02.47.59:712][936]Cmd: TRANSACTION UNDO
[2021.10.17-02.47.59:712][936]LogEditorTransaction: Undo Move Actors
[2021.10.17-02.47.59:890][945]Cmd: TRANSACTION UNDO
[2021.10.17-02.47.59:890][945]LogEditorTransaction: Undo Rotate Actors
[2021.10.17-02.48.00:053][954]Cmd: TRANSACTION UNDO
[2021.10.17-02.48.00:053][954]LogEditorTransaction: Undo Move Actors
[2021.10.17-02.48.00:569][985]Cmd: TRANSACTION UNDO
[2021.10.17-02.48.00:569][985]LogEditorTransaction: Undo Edit Is Left Goal
[2021.10.17-02.48.29:853][618]LogEditorViewport: Clicking on Actor (LMB): PaperSpriteActor (BG_Sprite)
[2021.10.17-02.48.32:264][760]LogEditorViewport: Clicking on Actor (LMB): BP_Boundary_C (BP_Boundary3)
[2021.10.17-02.48.35:968][980]Cmd: TRANSACTION UNDO
[2021.10.17-02.48.35:968][980]LogEditorTransaction: Undo Scale Actors
[2021.10.17-02.48.46:760][627]LogEditorViewport: Clicking Background
[2021.10.17-02.48.48:264][717]LogEditorViewport: Clicking on Actor (LMB): BP_Boundary_C (BP_Boundary3)
[2021.10.17-02.49.25:870][393]LogEditorViewport: Clicking on Actor (LMB): BP_Boundary_C (BP_Boundary3)
[2021.10.17-02.49.31:642][732]LogEditorViewport: Clicking on Actor (LMB): BP_Boundary_C (BP_Boundary4)
[2021.10.17-02.50.08:836][613]LogEditorViewport: Clicking on Actor (LMB): PaperSpriteActor (BG_Sprite)
[2021.10.17-02.50.16:055][ 33]LogEditorViewport: Clicking on Actor (LMB): PaperSpriteActor (BG_Sprite)
[2021.10.17-02.50.21:786][364]LogSavePackage: Save=17.56ms
[2021.10.17-02.50.21:786][364]LogSavePackage: Moving 'D:/The Tech Academy - Game Developer Boot Camp/C++ And Unreal Engine Course/Blueprint and C++ Integration in Unreal Engine 4/02-project-setup/Pong/Saved/Main9D97F4A84217C1AF391E65832D074278.tmp' to 'D:/The Tech Academy - Game Developer Boot Camp/C++ And Unreal Engine Course/Blueprint and C++ Integration in Unreal Engine 4/02-project-setup/Pong/Content/Maps/Main.umap'
[2021.10.17-02.50.21:787][364]LogSavePackage:Display: Finished SavePackage D:/The Tech Academy - Game Developer Boot Camp/C++ And Unreal Engine Course/Blueprint and C++ Integration in Unreal Engine 4/02-project-setup/Pong/Content/Maps/Main.umap
[2021.10.17-02.58.25:460][137]LogTexture:Display: Building textures: Player (BGRA8, 54X316) - 110 MB total VRAM
[2021.10.17-02.59.25:954][835]LogActorComponent: ReregisterComponent: (/Engine/Transient.World_7:PersistentLevel.BP_PaddleAI_C_14.Collision) Not currently registered. Aborting.
[2021.10.17-02.59.41:073][741]BlueprintLog: New page: Compile BP_PaddleAI
[2021.10.17-02.59.42:108][788]LogSavePackage: Save=9.35ms
[2021.10.17-02.59.42:108][788]LogSavePackage: Moving 'D:/The Tech Academy - Game Developer Boot Camp/C++ And Unreal Engine Course/Blueprint and C++ Integration in Unreal Engine 4/02-project-setup/Pong/Saved/BP_PaddleAI9348700E4A2700C5FEFC6689BC1C8CA2.tmp' to 'D:/The Tech Academy - Game Developer Boot Camp/C++ And Unreal Engine Course/Blueprint and C++ Integration in Unreal Engine 4/02-project-setup/Pong/Content/Blueprints/BP_PaddleAI.uasset'
[2021.10.17-02.59.42:110][788]LogSavePackage:Display: Finished SavePackage D:/The Tech Academy - Game Developer Boot Camp/C++ And Unreal Engine Course/Blueprint and C++ Integration in Unreal Engine 4/02-project-setup/Pong/Content/Blueprints/BP_PaddleAI.uasset
[2021.10.17-03.00.15:968][795]PIE:Warning: Warning Invalid Simulate Options: Body (BP_Paddle_C_0.Collision) is set to simulate physics but Collision Enabled is incompatible
[2021.10.17-03.00.15:968][795]PIE:Warning: Warning Invalid Simulate Options: Body (BP_Paddle_C_0.Collision) is set to simulate physics but Collision Enabled is incompatible
[2021.10.17-03.00.15:968][795]PIE:Warning: Warning Invalid Simulate Options: Body (BP_Paddle_C_0.Collision) is set to simulate physics but Collision Enabled is incompatible
[2021.10.17-03.00.15:968][795]PIE:Warning: Warning Invalid Simulate Options: Body (BP_Paddle_C_0.Collision) is set to simulate physics but Collision Enabled is incompatible
[2021.10.17-03.00.15:969][795]PIE:Warning: Warning Invalid Simulate Options: Body (BP_Paddle_C_0.Collision) is set to simulate physics but Collision Enabled is incompatible
[2021.10.17-03.00.15:969][795]PIE:Warning: Warning Invalid Simulate Options: Body (BP_Paddle_C_0.Collision) is set to simulate physics but Collision Enabled is incompatible
[2021.10.17-03.00.15:972][795]PIE:Warning: Warning Invalid Simulate Options: Body (BP_Paddle_C_0.Collision) is set to simulate physics but Collision Enabled is incompatible
[2021.10.17-03.00.15:973][795]PIE:Warning: Warning Invalid Simulate Options: Body (BP_Paddle_C_0.Collision) is set to simulate physics but Collision Enabled is incompatible
[2021.10.17-03.00.24:406][205]PIE:Warning: Warning Invalid Simulate Options: Body (BP_Paddle_C_0.Collision) is set to simulate physics but Collision Enabled is incompatible
[2021.10.17-03.00.24:406][205]PIE:Warning: Warning Invalid Simulate Options: Body (BP_Paddle_C_0.Collision) is set to simulate physics but Collision Enabled is incompatible
[2021.10.17-03.00.24:406][205]PIE:Warning: Warning Invalid Simulate Options: Body (BP_Paddle_C_0.Collision) is set to simulate physics but Collision Enabled is incompatible
[2021.10.17-03.00.24:406][205]PIE:Warning: Warning Invalid Simulate Options: Body (BP_Paddle_C_0.Collision) is set to simulate physics but Collision Enabled is incompatible
[2021.10.17-03.00.24:406][205]PIE:Warning: Warning Invalid Simulate Options: Body (BP_Paddle_C_0.Collision) is set to simulate physics but Collision Enabled is incompatible
[2021.10.17-03.00.24:406][205]PIE:Warning: Warning Invalid Simulate Options: Body (BP_Paddle_C_0.Collision) is set to simulate physics but Collision Enabled is incompatible
[2021.10.17-03.00.24:426][205]PIE:Warning: Warning Invalid Simulate Options: Body (BP_Paddle_C_0.Collision) is set to simulate physics but Collision Enabled is incompatible
[2021.10.17-03.00.24:426][205]PIE:Warning: Warning Invalid Simulate Options: Body (BP_Paddle_C_0.Collision) is set to simulate physics but Collision Enabled is incompatible
[2021.10.17-03.00.27:721][403]PIE:Warning: Warning Invalid Simulate Options: Body (BP_Paddle_C_0.Collision) is set to simulate physics but Collision Enabled is incompatible
[2021.10.17-03.00.27:721][403]PIE:Warning: Warning Invalid Simulate Options: Body (BP_Paddle_C_0.Collision) is set to simulate physics but Collision Enabled is incompatible
[2021.10.17-03.00.27:721][403]PIE:Warning: Warning Invalid Simulate Options: Body (BP_Paddle_C_0.Collision) is set to simulate physics but Collision Enabled is incompatible
[2021.10.17-03.00.27:721][403]PIE:Warning: Warning Invalid Simulate Options: Body (BP_Paddle_C_0.Collision) is set to simulate physics but Collision Enabled is incompatible
[2021.10.17-03.00.27:721][403]PIE:Warning: Warning Invalid Simulate Options: Body (BP_Paddle_C_0.Collision) is set to simulate physics but Collision Enabled is incompatible
[2021.10.17-03.00.27:721][403]PIE:Warning: Warning Invalid Simulate Options: Body (BP_Paddle_C_0.Collision) is set to simulate physics but Collision Enabled is incompatible
[2021.10.17-03.00.27:728][403]PIE:Warning: Warning Invalid Simulate Options: Body (BP_Paddle_C_0.Collision) is set to simulate physics but Collision Enabled is incompatible
[2021.10.17-03.00.27:728][403]PIE:Warning: Warning Invalid Simulate Options: Body (BP_Paddle_C_0.Collision) is set to simulate physics but Collision Enabled is incompatible
[2021.10.17-03.00.41:599][796]PIE:Warning: Warning Invalid Simulate Options: Body (BP_Paddle_C_0.Collision) is set to simulate physics but Collision Enabled is incompatible
[2021.10.17-03.00.41:599][796]PIE:Warning: Warning Invalid Simulate Options: Body (BP_Paddle_C_0.Collision) is set to simulate physics but Collision Enabled is incompatible
[2021.10.17-03.00.41:599][796]PIE:Warning: Warning Invalid Simulate Options: Body (BP_Paddle_C_0.Collision) is set to simulate physics but Collision Enabled is incompatible
[2021.10.17-03.00.41:599][796]PIE:Warning: Warning Invalid Simulate Options: Body (BP_Paddle_C_0.Collision) is set to simulate physics but Collision Enabled is incompatible
[2021.10.17-03.00.41:600][796]PIE:Warning: Warning Invalid Simulate Options: Body (BP_Paddle_C_0.Collision) is set to simulate physics but Collision Enabled is incompatible
[2021.10.17-03.00.41:600][796]PIE:Warning: Warning Invalid Simulate Options: Body (BP_Paddle_C_0.Collision) is set to simulate physics but Collision Enabled is incompatible
[2021.10.17-03.00.41:610][796]PIE:Warning: Warning Invalid Simulate Options: Body (BP_Paddle_C_0.Collision) is set to simulate physics but Collision Enabled is incompatible
[2021.10.17-03.00.41:610][796]PIE:Warning: Warning Invalid Simulate Options: Body (BP_Paddle_C_0.Collision) is set to simulate physics but Collision Enabled is incompatible
[2021.10.17-03.00.48:331][ 86]PIE:Warning: Warning Invalid Simulate Options: Body (BP_Paddle_C_0.Collision) is set to simulate physics but Collision Enabled is incompatible
[2021.10.17-03.00.48:331][ 86]PIE:Warning: Warning Invalid Simulate Options: Body (BP_Paddle_C_0.Collision) is set to simulate physics but Collision Enabled is incompatible
[2021.10.17-03.00.48:331][ 86]PIE:Warning: Warning Invalid Simulate Options: Body (BP_Paddle_C_0.Collision) is set to simulate physics but Collision Enabled is incompatible
[2021.10.17-03.00.48:331][ 86]PIE:Warning: Warning Invalid Simulate Options: Body (BP_Paddle_C_0.Collision) is set to simulate physics but Collision Enabled is incompatible
[2021.10.17-03.00.48:331][ 86]PIE:Warning: Warning Invalid Simulate Options: Body (BP_Paddle_C_0.Collision) is set to simulate physics but Collision Enabled is incompatible
[2021.10.17-03.00.48:331][ 86]PIE:Warning: Warning Invalid Simulate Options: Body (BP_Paddle_C_0.Collision) is set to simulate physics but Collision Enabled is incompatible
[2021.10.17-03.00.48:334][ 86]PIE:Warning: Warning Invalid Simulate Options: Body (BP_Paddle_C_0.Collision) is set to simulate physics but Collision Enabled is incompatible
[2021.10.17-03.00.48:334][ 86]PIE:Warning: Warning Invalid Simulate Options: Body (BP_Paddle_C_0.Collision) is set to simulate physics but Collision Enabled is incompatible
[2021.10.17-03.00.49:614][163]PIE:Warning: Warning Invalid Simulate Options: Body (BP_Paddle_C_0.Collision) is set to simulate physics but Collision Enabled is incompatible
[2021.10.17-03.00.49:614][163]PIE:Warning: Warning Invalid Simulate Options: Body (BP_Paddle_C_0.Collision) is set to simulate physics but Collision Enabled is incompatible
[2021.10.17-03.00.49:614][163]PIE:Warning: Warning Invalid Simulate Options: Body (BP_Paddle_C_0.Collision) is set to simulate physics but Collision Enabled is incompatible
[2021.10.17-03.00.49:614][163]PIE:Warning: Warning Invalid Simulate Options: Body (BP_Paddle_C_0.Collision) is set to simulate physics but Collision Enabled is incompatible
[2021.10.17-03.00.49:615][163]PIE:Warning: Warning Invalid Simulate Options: Body (BP_Paddle_C_0.Collision) is set to simulate physics but Collision Enabled is incompatible
[2021.10.17-03.00.49:615][163]PIE:Warning: Warning Invalid Simulate Options: Body (BP_Paddle_C_0.Collision) is set to simulate physics but Collision Enabled is incompatible
[2021.10.17-03.00.49:618][163]PIE:Warning: Warning Invalid Simulate Options: Body (BP_Paddle_C_0.Collision) is set to simulate physics but Collision Enabled is incompatible
[2021.10.17-03.00.49:618][163]PIE:Warning: Warning Invalid Simulate Options: Body (BP_Paddle_C_0.Collision) is set to simulate physics but Collision Enabled is incompatible
[2021.10.17-03.00.50:481][215]PIE:Warning: Warning Invalid Simulate Options: Body (BP_Paddle_C_0.Collision) is set to simulate physics but Collision Enabled is incompatible
[2021.10.17-03.00.50:481][215]PIE:Warning: Warning Invalid Simulate Options: Body (BP_Paddle_C_0.Collision) is set to simulate physics but Collision Enabled is incompatible
[2021.10.17-03.00.50:481][215]PIE:Warning: Warning Invalid Simulate Options: Body (BP_Paddle_C_0.Collision) is set to simulate physics but Collision Enabled is incompatible
[2021.10.17-03.00.50:481][215]PIE:Warning: Warning Invalid Simulate Options: Body (BP_Paddle_C_0.Collision) is set to simulate physics but Collision Enabled is incompatible
[2021.10.17-03.00.50:481][215]PIE:Warning: Warning Invalid Simulate Options: Body (BP_Paddle_C_0.Collision) is set to simulate physics but Collision Enabled is incompatible
[2021.10.17-03.00.50:481][215]PIE:Warning: Warning Invalid Simulate Options: Body (BP_Paddle_C_0.Collision) is set to simulate physics but Collision Enabled is incompatible
[2021.10.17-03.00.50:485][215]PIE:Warning: Warning Invalid Simulate Options: Body (BP_Paddle_C_0.Collision) is set to simulate physics but Collision Enabled is incompatible
[2021.10.17-03.00.50:485][215]PIE:Warning: Warning Invalid Simulate Options: Body (BP_Paddle_C_0.Collision) is set to simulate physics but Collision Enabled is incompatible
[2021.10.17-03.01.08:528][383]PIE:Warning: Warning Invalid Simulate Options: Body (BP_Paddle_C_0.Collision) is set to simulate physics but Collision Enabled is incompatible
[2021.10.17-03.01.08:528][383]PIE:Warning: Warning Invalid Simulate Options: Body (BP_Paddle_C_0.Collision) is set to simulate physics but Collision Enabled is incompatible
[2021.10.17-03.01.08:529][383]PIE:Warning: Warning Invalid Simulate Options: Body (BP_Paddle_C_0.Collision) is set to simulate physics but Collision Enabled is incompatible
[2021.10.17-03.01.08:529][383]PIE:Warning: Warning Invalid Simulate Options: Body (BP_Paddle_C_0.Collision) is set to simulate physics but Collision Enabled is incompatible
[2021.10.17-03.01.08:529][383]PIE:Warning: Warning Invalid Simulate Options: Body (BP_Paddle_C_0.Collision) is set to simulate physics but Collision Enabled is incompatible
[2021.10.17-03.01.08:529][383]PIE:Warning: Warning Invalid Simulate Options: Body (BP_Paddle_C_0.Collision) is set to simulate physics but Collision Enabled is incompatible
[2021.10.17-03.01.08:539][383]PIE:Warning: Warning Invalid Simulate Options: Body (BP_Paddle_C_0.Collision) is set to simulate physics but Collision Enabled is incompatible
[2021.10.17-03.01.08:539][383]PIE:Warning: Warning Invalid Simulate Options: Body (BP_Paddle_C_0.Collision) is set to simulate physics but Collision Enabled is incompatible
[2021.10.17-03.01.13:352][672]LogActorComponent: ReregisterComponent: (/Engine/Transient.World_1:PersistentLevel.BP_Paddle_C_0.Collision) Not currently registered. Aborting.
[2021.10.17-03.01.13:353][672]PIE:Warning: Warning Invalid Simulate Options: Body (BP_Paddle_C_0.Collision) is set to simulate physics but Collision Enabled is incompatible
[2021.10.17-03.01.13:353][672]PIE:Warning: Warning Invalid Simulate Options: Body (BP_Paddle_C_0.Collision) is set to simulate physics but Collision Enabled is incompatible
[2021.10.17-03.01.13:353][672]PIE:Warning: Warning Invalid Simulate Options: Body (BP_Paddle_C_0.Collision) is set to simulate physics but Collision Enabled is incompatible
[2021.10.17-03.01.13:353][672]PIE:Warning: Warning Invalid Simulate Options: Body (BP_Paddle_C_0.Collision) is set to simulate physics but Collision Enabled is incompatible
[2021.10.17-03.01.13:353][672]PIE:Warning: Warning Invalid Simulate Options: Body (BP_Paddle_C_0.Collision) is set to simulate physics but Collision Enabled is incompatible
[2021.10.17-03.01.13:353][672]PIE:Warning: Warning Invalid Simulate Options: Body (BP_Paddle_C_0.Collision) is set to simulate physics but Collision Enabled is incompatible
[2021.10.17-03.01.13:377][672]PIE:Warning: Warning Invalid Simulate Options: Body (BP_Paddle_C_0.Collision) is set to simulate physics but Collision Enabled is incompatible
[2021.10.17-03.01.13:377][672]PIE:Warning: Warning Invalid Simulate Options: Body (BP_Paddle_C_0.Collision) is set to simulate physics but Collision Enabled is incompatible
[2021.10.17-03.01.57:035][424]LogActorComponent: ReregisterComponent: (/Engine/Transient.World_1:PersistentLevel.BP_Paddle_C_0.Sprite) Not currently registered. Aborting.
[2021.10.17-03.02.11:058][579]LogSavePackage: Save=7.05ms
[2021.10.17-03.02.11:058][579]LogSavePackage: Moving 'D:/The Tech Academy - Game Developer Boot Camp/C++ And Unreal Engine Course/Blueprint and C++ Integration in Unreal Engine 4/02-project-setup/Pong/Saved/BP_PaddlePlayer5DCE9CD844625183EF5BF9932A50A264.tmp' to 'D:/The Tech Academy - Game Developer Boot Camp/C++ And Unreal Engine Course/Blueprint and C++ Integration in Unreal Engine 4/02-project-setup/Pong/Content/Blueprints/BP_PaddlePlayer.uasset'
[2021.10.17-03.02.11:059][579]LogSavePackage:Display: Finished SavePackage D:/The Tech Academy - Game Developer Boot Camp/C++ And Unreal Engine Course/Blueprint and C++ Integration in Unreal Engine 4/02-project-setup/Pong/Content/Blueprints/BP_PaddlePlayer.uasset
[2021.10.17-03.02.20:175][124]LogActorComponent: ReregisterComponent: (/Engine/Transient.World_7:PersistentLevel.BP_PaddleAI_C_14.Sprite) Not currently registered. Aborting.
[2021.10.17-03.02.21:964][231]BlueprintLog: New page: Compile BP_PaddleAI
[2021.10.17-03.02.22:808][269]LogSavePackage: Save=6.54ms
[2021.10.17-03.02.22:808][269]LogSavePackage: Moving 'D:/The Tech Academy - Game Developer Boot Camp/C++ And Unreal Engine Course/Blueprint and C++ Integration in Unreal Engine 4/02-project-setup/Pong/Saved/BP_PaddleAI3783AF99434EDBB334BC0A81864C97B9.tmp' to 'D:/The Tech Academy - Game Developer Boot Camp/C++ And Unreal Engine Course/Blueprint and C++ Integration in Unreal Engine 4/02-project-setup/Pong/Content/Blueprints/BP_PaddleAI.uasset'
[2021.10.17-03.02.22:809][269]LogSavePackage:Display: Finished SavePackage D:/The Tech Academy - Game Developer Boot Camp/C++ And Unreal Engine Course/Blueprint and C++ Integration in Unreal Engine 4/02-project-setup/Pong/Content/Blueprints/BP_PaddleAI.uasset
[2021.10.17-03.03.40:533][653]LogTemp: Repeting last play command: Selected Viewport
[2021.10.17-03.03.40:551][653]LogPlayLevel: PlayLevel: No blueprints needed recompiling
[2021.10.17-03.03.40:553][653]PIE: New page: PIE session: Main (Oct 16, 2021, 7:03:40 PM)
[2021.10.17-03.03.40:553][653]LogPlayLevel: Creating play world package: /Game/Maps/UEDPIE_0_Main
[2021.10.17-03.03.40:555][653]LogPlayLevel: PIE: StaticDuplicateObject took: (0.001258s)
[2021.10.17-03.03.40:555][653]LogAIModule: Creating AISystem for world Main
[2021.10.17-03.03.40:555][653]LogPlayLevel: PIE: World Init took: (0.000640s)
[2021.10.17-03.03.40:555][653]LogPlayLevel: PIE: Created PIE world by copying editor world from /Game/Maps/Main.Main to /Game/Maps/UEDPIE_0_Main.Main (0.002281s)
[2021.10.17-03.03.40:597][653]LogInit: XAudio2 using 'Headset (Hesh 2 Wireless Hands-Free AG Audio)' : 1 channels at 16 kHz using 16 bits per sample (channel mask 0x4)
[2021.10.17-03.03.40:602][653]LogAudio:Error: CreateSubmixVoice (Reverb) error: XAPO Creation Failed
[2021.10.17-03.03.40:602][653]LogInit: FAudioDevice initialized.
[2021.10.17-03.03.40:658][653]LogLoad: Game class is 'GameModeBase'
[2021.10.17-03.03.40:661][653]LogWorld: Bringing World /Game/Maps/UEDPIE_0_Main.Main up for play (max tick rate 60) at 2021.10.16-23.03.40
[2021.10.17-03.03.40:662][653]LogWorld: Bringing up level for play took: 0.001743
[2021.10.17-03.03.40:725][653]LogContentBrowser: Native class hierarchy updated for 'MovieSceneCapture' in 0.0012 seconds. Added 11 classes and 0 folders.
[2021.10.17-03.03.40:727][653]PIE: Info Play in editor start time for /Game/Maps/UEDPIE_0_Main -0.443
[2021.10.17-03.04.09:800][229]LogEditorViewport: Clicking on Actor (LMB): BP_PaddlePlayer_C (BP_PaddlePlayer)
[2021.10.17-03.04.13:892][459]LogSavePackage: Save=19.98ms
[2021.10.17-03.04.13:892][459]LogSavePackage: Moving 'D:/The Tech Academy - Game Developer Boot Camp/C++ And Unreal Engine Course/Blueprint and C++ Integration in Unreal Engine 4/02-project-setup/Pong/Saved/Main_Auto4FDEEA0B046F5A3F015576792BC8E35F4.tmp' to 'D:/The Tech Academy - Game Developer Boot Camp/C++ And Unreal Engine Course/Blueprint and C++ Integration in Unreal Engine 4/02-project-setup/Pong/Saved/Autosaves/Game/Maps/Main_Auto4.umap'
[2021.10.17-03.04.13:892][459]LogSavePackage:Display: Finished SavePackage D:/The Tech Academy - Game Developer Boot Camp/C++ And Unreal Engine Course/Blueprint and C++ Integration in Unreal Engine 4/02-project-setup/Pong/Saved/Autosaves/Game/Maps/Main_Auto4.umap
[2021.10.17-03.04.13:894][459]LogFileHelpers: Editor autosave (incl. sublevels) for '/Game/Maps/Main' took 0.051
[2021.10.17-03.04.13:894][459]LogFileHelpers: Editor autosave (incl. sublevels) for all levels took 0.051
[2021.10.17-03.04.51:516][135]LogEditorViewport: Clicking on Actor (LMB): BP_PaddleAI_C (BP_PaddleAI)
[2021.10.17-03.05.10:438][248]LogSavePackage: Save=19.61ms
[2021.10.17-03.05.10:438][248]LogSavePackage: Moving 'D:/The Tech Academy - Game Developer Boot Camp/C++ And Unreal Engine Course/Blueprint and C++ Integration in Unreal Engine 4/02-project-setup/Pong/Saved/Main0943AF25408185D46EC17792D0520937.tmp' to 'D:/The Tech Academy - Game Developer Boot Camp/C++ And Unreal Engine Course/Blueprint and C++ Integration in Unreal Engine 4/02-project-setup/Pong/Content/Maps/Main.umap'
[2021.10.17-03.05.10:439][248]LogSavePackage:Display: Finished SavePackage D:/The Tech Academy - Game Developer Boot Camp/C++ And Unreal Engine Course/Blueprint and C++ Integration in Unreal Engine 4/02-project-setup/Pong/Content/Maps/Main.umap
[2021.10.17-03.05.44:293][127]BlueprintLog: New page: Compile BP_PaddleAI
[2021.10.17-03.05.44:298][127]LogUObjectGlobals:Warning: Guid referenced by BoxComponent /Game/Maps/Main.Main:PersistentLevel.BP_PaddleAI_2.Collision is already used by BoxComponent /Game/Maps/Main.Main:PersistentLevel.REINST_BP_PaddleAI_C_0.Collision, which should never happen in the editor but could happen at runtime with duplicate level loading or PIE
[2021.10.17-03.05.44:298][127]LogUObjectGlobals:Warning: Guid referenced by PaperSpriteComponent /Game/Maps/Main.Main:PersistentLevel.BP_PaddleAI_2.Sprite is already used by PaperSpriteComponent /Game/Maps/Main.Main:PersistentLevel.REINST_BP_PaddleAI_C_0.Sprite, which should never happen in the editor but could happen at runtime with duplicate level loading or PIE
[2021.10.17-03.05.44:878][139]BlueprintLog: New page: Compile BP_PaddleAI
[2021.10.17-03.07.38:900][357]BlueprintLog: New page: Compile BP_PaddlePlayer
[2021.10.17-03.07.38:941][357]LogUObjectGlobals:Warning: Guid referenced by BoxComponent /Game/Maps/Main.Main:PersistentLevel.BP_PaddlePlayer_2.Collision is already used by BoxComponent /Game/Maps/Main.Main:PersistentLevel.REINST_BP_PaddlePlayer_C_0.Collision, which should never happen in the editor but could happen at runtime with duplicate level loading or PIE
[2021.10.17-03.07.38:941][357]LogUObjectGlobals:Warning: Guid referenced by PaperSpriteComponent /Game/Maps/Main.Main:PersistentLevel.BP_PaddlePlayer_2.Sprite is already used by PaperSpriteComponent /Game/Maps/Main.Main:PersistentLevel.REINST_BP_PaddlePlayer_C_0.Sprite, which should never happen in the editor but could happen at runtime with duplicate level loading or PIE
[2021.10.17-03.13.52:698][524]LogEditorViewport: Clicking Background
[2021.10.17-03.15.20:188][527]LogSavePackage: Save=21.16ms
[2021.10.17-03.15.20:188][527]LogSavePackage: Moving 'D:/The Tech Academy - Game Developer Boot Camp/C++ And Unreal Engine Course/Blueprint and C++ Integration in Unreal Engine 4/02-project-setup/Pong/Saved/Main_Auto58C76F33E4176AB934D2AAC884FB46FFD.tmp' to 'D:/The Tech Academy - Game Developer Boot Camp/C++ And Unreal Engine Course/Blueprint and C++ Integration in Unreal Engine 4/02-project-setup/Pong/Saved/Autosaves/Game/Maps/Main_Auto5.umap'
[2021.10.17-03.15.20:188][527]LogSavePackage:Display: Finished SavePackage D:/The Tech Academy - Game Developer Boot Camp/C++ And Unreal Engine Course/Blueprint and C++ Integration in Unreal Engine 4/02-project-setup/Pong/Saved/Autosaves/Game/Maps/Main_Auto5.umap
[2021.10.17-03.15.20:190][527]LogFileHelpers: Editor autosave (incl. sublevels) for '/Game/Maps/Main' took 0.056
[2021.10.17-03.15.20:190][527]LogFileHelpers: Editor autosave (incl. sublevels) for all levels took 0.056
[2021.10.17-03.15.20:193][527]OBJ SavePackage: Generating thumbnails for [0] asset(s) in package [/Game/Blueprints/BP_PaddleAI] ([1] browsable assets)...
[2021.10.17-03.15.20:193][527]OBJ SavePackage: Finished generating thumbnails for package [/Game/Blueprints/BP_PaddleAI]
[2021.10.17-03.15.20:204][527]LogSavePackage: Save=8.90ms
[2021.10.17-03.15.20:204][527]LogSavePackage: Moving 'D:/The Tech Academy - Game Developer Boot Camp/C++ And Unreal Engine Course/Blueprint and C++ Integration in Unreal Engine 4/02-project-setup/Pong/Saved/BP_PaddleAI_Auto57AC6335F425322B05D269CAE5FF25276.tmp' to 'D:/The Tech Academy - Game Developer Boot Camp/C++ And Unreal Engine Course/Blueprint and C++ Integration in Unreal Engine 4/02-project-setup/Pong/Saved/Autosaves/Game/Blueprints/BP_PaddleAI_Auto5.uasset'
[2021.10.17-03.15.20:205][527]LogSavePackage:Display: Finished SavePackage D:/The Tech Academy - Game Developer Boot Camp/C++ And Unreal Engine Course/Blueprint and C++ Integration in Unreal Engine 4/02-project-setup/Pong/Saved/Autosaves/Game/Blueprints/BP_PaddleAI_Auto5.uasset
[2021.10.17-03.15.20:205][527]LogFileHelpers: Auto-saving content packages took 0.013
[2021.10.17-03.16.36:835][761]LogD3D11RHI:Error: Result failed 
 at D:\Build\++UE4+Release-4.15+Compile\Sync\Engine\Source\Runtime\Windows\D3D11RHI\Private\D3D11Viewport.cpp:289 
 with error 887A0022
[2021.10.17-03.16.36:841][761]LogWindows: Windows GetLastError: The operation completed successfully. (0)
[2021.10.17-03.16.37:538][761]LogCrashTracker: 


[2021.10.17-03.16.37:545][761]LogWindows: Windows GetLastError: The operation completed successfully. (0)
[2021.10.17-03.16.37:545][761]LogCrashTracker: 


[2021.10.17-03.16.37:545][761]LogWindows:Error: === Critical error: ===
[2021.10.17-03.16.37:545][761]LogWindows:Error: 
[2021.10.17-03.16.37:545][761]LogWindows:Error: Fatal error: [File:D:\Build\++UE4+Release-4.15+Compile\Sync\Engine\Source\Runtime\RenderCore\Private\RenderingThread.cpp] [Line: 796] 
[2021.10.17-03.16.37:545][761]LogWindows:Error: Rendering thread exception:
[2021.10.17-03.16.37:545][761]LogWindows:Error: Fatal error: [File:D:\Build\++UE4+Release-4.15+Compile\Sync\Engine\Source\Runtime\Windows\D3D11RHI\Private\D3D11Util.cpp] [Line: 232] 
[2021.10.17-03.16.37:545][761]LogWindows:Error: Result failed 
[2021.10.17-03.16.37:545][761]LogWindows:Error:  at D:\Build\++UE4+Release-4.15+Compile\Sync\Engine\Source\Runtime\Windows\D3D11RHI\Private\D3D11Viewport.cpp:289 
[2021.10.17-03.16.37:545][761]LogWindows:Error:  with error 887A0022
[2021.10.17-03.16.37:545][761]LogWindows:Error: 
[2021.10.17-03.16.37:545][761]LogWindows:Error: 
[2021.10.17-03.16.37:545][761]LogWindows:Error: KERNELBASE.dll!0x00000000E0304F99
[2021.10.17-03.16.37:545][761]LogWindows:Error: UE4Editor-Core.dll!0x000000002C9664EE
[2021.10.17-03.16.37:545][761]LogWindows:Error: UE4Editor-Core.dll!0x000000002C78CEEE
[2021.10.17-03.16.37:545][761]LogWindows:Error: UE4Editor-Core.dll!0x000000002C712729
[2021.10.17-03.16.37:545][761]LogWindows:Error: UE4Editor-D3D11RHI.dll!0x0000000020B6C756
[2021.10.17-03.16.37:545][761]LogWindows:Error: UE4Editor-D3D11RHI.dll!0x0000000020B4C1A3
[2021.10.17-03.16.37:545][761]LogWindows:Error: UE4Editor-D3D11RHI.dll!0x0000000020B4C0F1
[2021.10.17-03.16.37:545][761]LogWindows:Error: UE4Editor-D3D11RHI.dll!0x0000000020B5941E
[2021.10.17-03.16.37:545][761]LogWindows:Error: UE4Editor-RHI.dll!0x000000004DE535F6
[2021.10.17-03.16.37:545][761]LogWindows:Error: UE4Editor-SlateRHIRenderer.dll!0x000000002093A667
[2021.10.17-03.16.37:545][761]LogWindows:Error: UE4Editor-SlateRHIRenderer.dll!0x0000000020942098
[2021.10.17-03.16.37:545][761]LogWindows:Error: UE4Editor-Core.dll!0x000000002C5ED84D
[2021.10.17-03.16.37:545][761]LogWindows:Error: UE4Editor-Core.dll!0x000000002C5EDC6D
[2021.10.17-03.16.37:545][761]LogWindows:Error: UE4Editor-RenderCore.dll!0x00000000AB2D0397
[2021.10.17-03.16.37:545][761]LogWindows:Error: UE4Editor-RenderCore.dll!0x00000000AB2D1486
[2021.10.17-03.16.37:545][761]LogWindows:Error: UE4Editor-Core.dll!0x000000002C97A3D8
[2021.10.17-03.16.37:545][761]LogWindows:Error: UE4Editor-Core.dll!0x000000002C974C79
[2021.10.17-03.16.37:545][761]LogWindows:Error: KERNEL32.DLL!0x00000000E2907034
[2021.10.17-03.16.37:545][761]LogWindows:Error: ntdll.dll!0x00000000E2A42651
[2021.10.17-03.16.37:545][761]LogWindows:Error: ntdll.dll!0x00000000E2A42651
[2021.10.17-03.16.37:545][761]LogWindows:Error: 
[2021.10.17-03.16.37:545][761]LogWindows:Error: 
[2021.10.17-03.16.37:545][761]LogWindows:Error: 
[2021.10.17-03.16.37:545][761]LogWindows:Error: 
[2021.10.17-03.16.37:579][761]LogExit: Executing StaticShutdownAfterError
[2021.10.17-03.16.37:594][761]LogWindows: FPlatformMisc::RequestExit(1)
[2021.10.17-03.16.37:594][761]Log file closed, 10/16/21 23:16:37
