Log file open, 10/16/21 01:21:03
LogInit:Display: Running engine for game: Pong
LogPlatformFile: Not using cached read wrapper
LogInit:Display: RandInit(1329730686) SRandInit(1329730686).
LogTaskGraph: Started task graph with 5 named threads and 10 total threads with 1 sets of task threads.
LogStats: Stats thread started at 0.122187
LogInit: Using libcurl 7.47.1
LogInit:  - built for x86_64-pc-win32
LogInit:  - supports SSL with OpenSSL/1.0.2g
LogInit:  - supports HTTP deflate (compression) using libz 1.2.8
LogInit:  - other features:
LogInit:      CURL_VERSION_SSL
LogInit:      CURL_VERSION_LIBZ
LogInit:      CURL_VERSION_IPV6
LogInit:      CURL_VERSION_ASYNCHDNS
LogInit:      CURL_VERSION_LARGEFILE
LogInit:      CURL_VERSION_IDN
LogInit:  CurlRequestOptions (configurable via config and command line):
LogInit:  - bVerifyPeer = false  - Libcurl will NOT verify peer certificate
LogInit:  - bUseHttpProxy = false  - Libcurl will NOT use HTTP proxy
LogInit:  - bDontReuseConnections = false  - Libcurl will reuse connections
LogInit:  - CertBundlePath = nullptr  - Libcurl will use whatever was configured at build time.
LogInit: Build: ++UE4+Release-4.15-CL-3450819
LogInit: Engine Version: 4.15.3-3450819+++UE4+Release-4.15
LogInit: Compatible Engine Version: 4.15.0-3299760+++UE4+Release-4.15
LogInit: Net CL: 3299760
LogDevObjectVersion: Number of dev versions registered: 14
LogDevObjectVersion:   Dev-Blueprints (B0D832E4-1F89-4F0D-ACCF-7EB736FD4AA2): 8
LogDevObjectVersion:   Dev-Build (E1C64328-A22C-4D53-A36C-8E866417BD8C): 0
LogDevObjectVersion:   Dev-Core (375EC13C-06E4-48FB-B500-84F0262A717E): 2
LogDevObjectVersion:   Dev-Editor (E4B068ED-F494-42E9-A231-DA0B2E46BB41): 14
LogDevObjectVersion:   Dev-Framework (CFFC743F-43B0-4480-9391-14DF171D2073): 22
LogDevObjectVersion:   Dev-Mobile (B02B49B5-BB20-44E9-A304-32B752E40360): 0
LogDevObjectVersion:   Dev-Networking (A4E4105C-59A1-49B5-A7C5-40C4547EDFEE): 0
LogDevObjectVersion:   Dev-Online (39C831C9-5AE6-47DC-9A44-9C173E1C8E7C): 0
LogDevObjectVersion:   Dev-Physics (78F01B33-EBEA-4F98-B9B4-84EACCB95AA2): 0
LogDevObjectVersion:   Dev-Platform (6631380F-2D4D-43E0-8009-CF276956A95A): 0
LogDevObjectVersion:   Dev-Rendering (12F88B9F-8875-4AFC-A67C-D90C383ABD29): 12
LogDevObjectVersion:   Dev-Sequencer (7B5AE74C-D270-4C10-A958-57980B212A5A): 3
LogDevObjectVersion:   Dev-VR (D7296918-1DD6-4BDD-9DE2-64A83CC13884): 0
LogDevObjectVersion:   Dev-LoadTimes (C2A15278-BFE7-4AFE-6C17-90FF531DF755): 1
LogInit: Compiled (64-bit): May 21 2017 11:02:34
LogInit: Compiled with Visual C++: 19.00.23026.00
LogInit: Build Configuration: Development
LogInit: Branch Name: ++UE4+Release-4.15
LogInit: Command line:  
LogInit: Base directory: C:/Program Files/Epic Games/UE_4.15/Engine/Binaries/Win64/
LogInit: Installed Engine Build: 1
LogInit: Presizing for max 8388607 objects, including 0 objects not considered by GC, pre-allocating 0 bytes for permanent pool.
LogInit: Object subsystem initialized
[2021.10.16-05.21.04:377][  0]LogInit: Selected Device Profile: [Windows]
[2021.10.16-05.21.04:377][  0]LogInit: Applying CVar settings loaded from the selected device profile: [Windows]
[2021.10.16-05.21.04:385][  0]LogInit: Computer: JADAMS2CH17
[2021.10.16-05.21.04:385][  0]LogInit: User: jadams
[2021.10.16-05.21.04:385][  0]LogInit: CPU Page size=65536, Cores=6
[2021.10.16-05.21.04:385][  0]LogInit: High frequency timer resolution =10.000000 MHz
[2021.10.16-05.21.04:385][  0]LogMemory: Memory total: Physical=31.8GB (32GB approx)
[2021.10.16-05.21.04:385][  0]LogMemory: Platform Memory Stats for Windows
[2021.10.16-05.21.04:385][  0]LogMemory: Process Physical Memory: 266.89 MB used, 266.89 MB peak
[2021.10.16-05.21.04:385][  0]LogMemory: Process Virtual Memory: 260.20 MB used, 260.20 MB peak
[2021.10.16-05.21.04:385][  0]LogMemory: Physical Memory: 15877.45 MB used,  16652.24 MB free, 32529.69 MB total
[2021.10.16-05.21.04:385][  0]LogMemory: Virtual Memory: 4764.54 MB used,  16652.24 MB free, 134217728.00 MB total
[2021.10.16-05.21.04:678][  0]LogTextLocalizationManager: No specific translations for ('en-US') exist, so ('en') translations will be used.
[2021.10.16-05.21.05:231][  0]LogD3D11RHI: D3D11 adapters:
[2021.10.16-05.21.05:333][  0]LogD3D11RHI:    0. 'NVIDIA GeForce RTX 2070' (Feature Level 11_0)
[2021.10.16-05.21.05:333][  0]LogD3D11RHI:       8031/0/16264 MB DedicatedVideo/DedicatedSystem/SharedSystem, Outputs:3, VendorId:0x10de
[2021.10.16-05.21.05:355][  0]LogD3D11RHI:    1. 'Intel(R) UHD Graphics' (Feature Level 11_0)
[2021.10.16-05.21.05:355][  0]LogD3D11RHI:       128/0/16264 MB DedicatedVideo/DedicatedSystem/SharedSystem, Outputs:0, VendorId:0x8086
[2021.10.16-05.21.05:375][  0]LogD3D11RHI:    2. 'Intel(R) UHD Graphics' (Feature Level 11_0)
[2021.10.16-05.21.05:375][  0]LogD3D11RHI:       128/0/16264 MB DedicatedVideo/DedicatedSystem/SharedSystem, Outputs:0, VendorId:0x8086
[2021.10.16-05.21.05:395][  0]LogD3D11RHI:    3. 'Intel(R) UHD Graphics' (Feature Level 11_0)
[2021.10.16-05.21.05:395][  0]LogD3D11RHI:       128/0/16264 MB DedicatedVideo/DedicatedSystem/SharedSystem, Outputs:0, VendorId:0x8086
[2021.10.16-05.21.05:396][  0]LogD3D11RHI:    4. 'Microsoft Basic Render Driver' (Feature Level 11_0)
[2021.10.16-05.21.05:396][  0]LogD3D11RHI:       0/0/16264 MB DedicatedVideo/DedicatedSystem/SharedSystem, Outputs:0, VendorId:0x1414
[2021.10.16-05.21.05:396][  0]LogD3D11RHI: Chosen D3D11 Adapter: 0
[2021.10.16-05.21.05:402][  0]LogD3D11RHI: Creating new Direct3DDevice
[2021.10.16-05.21.05:402][  0]LogD3D11RHI:     GPU DeviceId: 0x1f14 (for the marketing name, search the web for "GPU Device Id")
[2021.10.16-05.21.05:402][  0]LogWindows: EnumDisplayDevices:
[2021.10.16-05.21.05:402][  0]LogWindows:    0. 'Intel(R) UHD Graphics' (P:1 D:1)
[2021.10.16-05.21.05:402][  0]LogWindows:    1. 'Intel(R) UHD Graphics' (P:0 D:0)
[2021.10.16-05.21.05:402][  0]LogWindows:    2. 'Intel(R) UHD Graphics' (P:0 D:0)
[2021.10.16-05.21.05:402][  0]LogWindows:    3. 'NVIDIA GeForce RTX 2070' (P:0 D:0)
[2021.10.16-05.21.05:403][  0]LogWindows:    4. 'NVIDIA GeForce RTX 2070' (P:0 D:0)
[2021.10.16-05.21.05:403][  0]LogWindows:    5. 'NVIDIA GeForce RTX 2070' (P:0 D:0)
[2021.10.16-05.21.05:403][  0]LogWindows:    6. 'NVIDIA GeForce RTX 2070' (P:0 D:0)
[2021.10.16-05.21.05:403][  0]LogWindows:    7. 'DisplayLink USB Device' (P:0 D:0)
[2021.10.16-05.21.05:403][  0]LogWindows:    8. 'DisplayLink USB Device' (P:0 D:1)
[2021.10.16-05.21.05:403][  0]LogWindows:    9. 'DisplayLink USB Device' (P:0 D:1)
[2021.10.16-05.21.05:403][  0]LogWindows: DebugString: GetVideoDriverDetailsInvalid PrimaryIsNotTheChoosenAdapter GetVideoDriverDetailsInvalid PrimaryIsNotTheChoosenAdapter GetVideoDriverDetailsInvalid PrimaryIsNotTheChoosenAdapter GetVideoDriverDetailsInvalid PrimaryIsNotTheChoosenAdapter GetVideoDriverDetailsInvalid PrimaryIsNotTheChoosenAdapter GetVideoDriverDetailsInvalid PrimaryIsNotTheChoosenAdapter GetVideoDriverDetailsInvalid PrimaryIsNotTheChoosenAdapter GetVideoDriverDetailsInvalid PrimaryIsNotTheChoosenAdapter GetVideoDriverDetailsInvalid PrimaryIsNotTheChoosenAdapter GetVideoDriverDetailsInvalid PrimaryIsNotTheChoosenAdapter FoundDriverCount:0 
[2021.10.16-05.21.05:403][  0]LogD3D11RHI:     Adapter Name: NVIDIA GeForce RTX 2070
[2021.10.16-05.21.05:403][  0]LogD3D11RHI:   Driver Version: Unknown (internal:Unknown, unified:Unknown)
[2021.10.16-05.21.05:403][  0]LogD3D11RHI:      Driver Date: Unknown
[2021.10.16-05.21.05:403][  0]LogRHI: Texture pool is 1361 MB (70% of 1945 MB)
[2021.10.16-05.21.05:476][  0]LogD3D11RHI: Async texture creation enabled
[2021.10.16-05.21.05:490][  0]LogD3D11RHI: GPU Timing Frequency: 1000.000000 (Debug: 2 1)
[2021.10.16-05.21.05:492][  0]LogShaderCompilers: Guid format shader working directory is -100 characters bigger than the processId version (D:/The Tech Academy - Game Developer Boot Camp/C++ And Unreal Engine Course/Blueprint and C++ Integration in Unreal Engine 4/02-project-setup/Pong/Intermediate/Shaders/WorkingDirectory/24408/).
[2021.10.16-05.21.05:492][  0]LogShaderCompilers: Cleaned the shader compiler working directory 'C:/Users/jadams/AppData/Local/Temp/UnrealShaderWorkingDir/62F908D84E4840828494219827BE8B8A/'.
[2021.10.16-05.21.05:492][  0]LogShaderCompilers:Display: Using Local Shader Compiler.
[2021.10.16-05.21.06:412][  0]LogTemp:Display: Loaded TP AllDesktopTargetPlatform
[2021.10.16-05.21.06:478][  0]LogTemp:Display: Loaded TP MacClientTargetPlatform
[2021.10.16-05.21.06:543][  0]LogTemp:Display: Loaded TP MacNoEditorTargetPlatform
[2021.10.16-05.21.06:608][  0]LogTemp:Display: Loaded TP MacServerTargetPlatform
[2021.10.16-05.21.06:672][  0]LogTemp:Display: Loaded TP MacTargetPlatform
[2021.10.16-05.21.06:737][  0]LogTemp:Display: Loaded TP WindowsClientTargetPlatform
[2021.10.16-05.21.06:802][  0]LogTemp:Display: Loaded TP WindowsNoEditorTargetPlatform
[2021.10.16-05.21.06:868][  0]LogTemp:Display: Loaded TP WindowsServerTargetPlatform
[2021.10.16-05.21.06:926][  0]LogTemp:Display: Loaded TP WindowsTargetPlatform
[2021.10.16-05.21.06:988][  0]LogTemp:Display: Loaded TP AndroidTargetPlatform
[2021.10.16-05.21.07:052][  0]LogTemp:Display: Loaded TP Android_ASTCTargetPlatform
[2021.10.16-05.21.07:116][  0]LogTemp:Display: Loaded TP Android_ATCTargetPlatform
[2021.10.16-05.21.07:179][  0]LogTemp:Display: Loaded TP Android_DXTTargetPlatform
[2021.10.16-05.21.07:242][  0]LogTemp:Display: Loaded TP Android_ETC1TargetPlatform
[2021.10.16-05.21.07:307][  0]LogTemp:Display: Loaded TP Android_ETC2TargetPlatform
[2021.10.16-05.21.07:434][  0]LogTemp:Display: Loaded TP Android_MultiTargetPlatform
[2021.10.16-05.21.07:434][  0]LogTemp:Display: Loaded TP Android_PVRTCTargetPlatform
[2021.10.16-05.21.07:485][  0]LogTemp:Display: Loaded TP HTML5TargetPlatform
[2021.10.16-05.21.07:605][  0]LogTemp:Display: Loaded TP IOSTargetPlatform
[2021.10.16-05.21.07:648][  0]LogTemp:Display: Loaded TP TVOSTargetPlatform
[2021.10.16-05.21.07:709][  0]LogTemp:Display: Loaded TP LinuxClientTargetPlatform
[2021.10.16-05.21.07:769][  0]LogTemp:Display: Loaded TP LinuxNoEditorTargetPlatform
[2021.10.16-05.21.07:830][  0]LogTemp:Display: Loaded TP LinuxServerTargetPlatform
[2021.10.16-05.21.07:890][  0]LogTemp:Display: Loaded TP LinuxTargetPlatform
[2021.10.16-05.21.07:890][  0]LogTargetPlatformManager:Display: Building Assets For Windows
[2021.10.16-05.21.08:496][  0]LogDerivedDataCache:Display: Max Cache Size: 512 MB
[2021.10.16-05.21.08:529][  0]LogDerivedDataCache: Loaded boot cache 0.03s 50MB C:/Users/jadams/AppData/Local/UnrealEngine/4.15/DerivedDataCache/Boot.ddc.
[2021.10.16-05.21.08:529][  0]LogDerivedDataCache:Display: Loaded Boot cache: C:/Users/jadams/AppData/Local/UnrealEngine/4.15/DerivedDataCache/Boot.ddc
[2021.10.16-05.21.08:529][  0]LogDerivedDataCache: FDerivedDataBackendGraph:  Pak pak cache file D:/The Tech Academy - Game Developer Boot Camp/C++ And Unreal Engine Course/Blueprint and C++ Integration in Unreal Engine 4/02-project-setup/Pong/DerivedDataCache/DDC.ddp not found, will not use a pak cache.
[2021.10.16-05.21.08:529][  0]LogDerivedDataCache: Unable to find inner node Pak for hierarchical cache Hierarchy.
[2021.10.16-05.21.08:529][  0]LogDerivedDataCache: FDerivedDataBackendGraph:  CompressedPak pak cache file D:/The Tech Academy - Game Developer Boot Camp/C++ And Unreal Engine Course/Blueprint and C++ Integration in Unreal Engine 4/02-project-setup/Pong/DerivedDataCache/Compressed.ddp not found, will not use a pak cache.
[2021.10.16-05.21.08:529][  0]LogDerivedDataCache: Unable to find inner node CompressedPak for hierarchical cache Hierarchy.
[2021.10.16-05.21.08:543][  0]LogDerivedDataCache:Display: Pak cache opened for reading ../../../Engine/DerivedDataCache/Compressed.ddp.
[2021.10.16-05.21.08:555][  0]LogDerivedDataCache: Using Local data cache path C:/Users/jadams/AppData/Local/UnrealEngine/Common/DerivedDataCache: Writable
[2021.10.16-05.21.08:562][  0]LogSlate: Using Freetype 2.6.0
[2021.10.16-05.21.08:562][  0]LogSlate: SlateFontCache - WITH_FREETYPE: 1, WITH_HARFBUZZ: 1
[2021.10.16-05.21.08:562][  0]LogSlate: SlateFontCache - WITH_FREETYPE: 1, WITH_HARFBUZZ: 1
[2021.10.16-05.21.08:767][  0]LogInit: Selected Device Profile: [Windows]
[2021.10.16-05.21.08:769][  0]LogContentStreaming: Texture pool size is 0.00 MB
[2021.10.16-05.21.09:018][  0]LogMeshUtilities: Using QuadricMeshReduction for automatic static mesh reduction
[2021.10.16-05.21.09:074][  0]LogSimplygon: Simplygon DLL not present - disabling.
[2021.10.16-05.21.09:131][  0]LogMeshUtilities: Using SimplygonSwarm for distributed automatic mesh merging
[2021.10.16-05.21.09:131][  0]LogMeshUtilities: No automatic skeletal mesh reduction module available
[2021.10.16-05.21.09:132][  0]LogMeshUtilities: No automatic mesh merging module available
[2021.10.16-05.21.09:603][  0]LogNetVersion: GetLocalNetworkVersion: CL: 3299760, ProjectName: pong, ProjectVersion: , EngineNetworkVersion: 2, GameNetworkVersion: 0, NetworkChecksum: 207199129
[2021.10.16-05.21.09:658][  0]LogAssetRegistry: FAssetRegistry took 0.0221 seconds to start up
[2021.10.16-05.21.09:698][  0]LogPackageLocalizationCache: Processed 2 localized package path(s) for 2 prioritized culture(s) in 0.009992 seconds
[2021.10.16-05.21.09:702][  0]LogUObjectArray: 32493 objects as part of root set at end of initial load.
[2021.10.16-05.21.09:702][  0]LogUObjectAllocator: 7077032 out of 0 bytes used by permanent object pool.
[2021.10.16-05.21.09:702][  0]LogUObjectArray: CloseDisregardForGC: 0/0 objects in disregard for GC pool
[2021.10.16-05.21.09:791][  0]LogInit: WinSock: version 1.1 (2.2), MaxSocks=32767, MaxUdp=65467
[2021.10.16-05.21.11:487][  0]LogTcpMessaging: Initializing TcpMessaging bridge
[2021.10.16-05.21.11:535][  0]LogUdpMessaging: Initializing bridge on interface 0.0.0.0:0 to multicast group 230.0.0.1:6666.
[2021.10.16-05.21.11:980][  0]SourceControl: Info Source control is disabled
[2021.10.16-05.21.12:018][  0]SourceControl: Info Source control is disabled
[2021.10.16-05.21.12:077][  0]SourceControl: Info Source control is disabled
[2021.10.16-05.21.12:136][  0]SourceControl: Info Source control is disabled
[2021.10.16-05.21.13:762][  0]LogEngine: Initializing Engine...
[2021.10.16-05.21.13:763][  0]LogHMD: Failed to initialize OpenVR with code 110
[2021.10.16-05.21.13:842][  0]LogStats: UGameplayTagsManager::ConstructGameplayTagTree: Construct from data asset -  0.000 s
[2021.10.16-05.21.13:842][  0]LogStats: UGameplayTagsManager::ConstructGameplayTagTree: GameplayTagTreeChangedEvent.Broadcast -  0.000 s
[2021.10.16-05.21.13:990][  0]LogAIModule: Creating AISystem for world Untitled
[2021.10.16-05.21.14:086][  0]LogInit: XAudio2 using 'Headset (Hesh 2 Wireless Hands-Free AG Audio)' : 1 channels at 16 kHz using 16 bits per sample (channel mask 0x4)
[2021.10.16-05.21.14:827][  0]LogAudio:Error: CreateSubmixVoice (Reverb) error: XAPO Creation Failed
[2021.10.16-05.21.14:827][  0]LogInit: FAudioDevice initialized.
[2021.10.16-05.21.14:846][  0]LogDerivedDataCache: Saved boot cache 0.02s 50MB C:/Users/jadams/AppData/Local/UnrealEngine/4.15/DerivedDataCache/Boot.ddc.
[2021.10.16-05.21.14:849][  0]LogInit: Texture streaming: Enabled
[2021.10.16-05.21.14:863][  0]LogMaterial: Uniform references updated for custom material expression Custom.
[2021.10.16-05.21.15:050][  0]LogEngineSessionManager: EngineSessionManager initialized
[2021.10.16-05.21.15:156][  0]LogInit: Transaction tracking system initialized
[2021.10.16-05.21.15:756][  0]BlueprintLog: New page: Editor Load
[2021.10.16-05.21.16:901][  0]LocalizationService: Info Localization service is disabled
[2021.10.16-05.21.17:749][  0]LogConsoleResponse:Display: 
[2021.10.16-05.21.17:860][  0]LogCook:Display: Max memory allowance for cook 16384mb min free memory 0mb
[2021.10.16-05.21.17:860][  0]LogCook:Display: Mobile HDR setting 1
[2021.10.16-05.21.19:106][  0]LogFileCache: Scanning file cache for directory 'D:/The Tech Academy - Game Developer Boot Camp/C++ And Unreal Engine Course/Blueprint and C++ Integration in Unreal Engine 4/02-project-setup/Pong/Content/' took 0.01s
[2021.10.16-05.21.19:159][  0]SourceControl: Info Source control is disabled
[2021.10.16-05.21.19:160][  0]LightingResults: New page: Lighting Build
[2021.10.16-05.21.19:210][  0]MapCheck: New page: Map Check
[2021.10.16-05.21.19:210][  0]LightingResults: New page: Lighting Build
[2021.10.16-05.21.19:217][  0]LogLinker:Warning: Package D:/The Tech Academy - Game Developer Boot Camp/C++ And Unreal Engine Course/Blueprint and C++ Integration in Unreal Engine 4/02-project-setup/Pong/Content/Maps/Main.umap was saved with a custom integration that is not present. Tag 11310AED2E554D61AF679AA3C5A1082C  Version 17
[2021.10.16-05.21.19:218][  0]LogLinker:Warning: Can't find file '/Script/Paper2D'
[2021.10.16-05.21.19:218][  0]LogLinker:Warning: Can't find file for asset '/Script/Paper2D' while loading D:/The Tech Academy - Game Developer Boot Camp/C++ And Unreal Engine Course/Blueprint and C++ Integration in Unreal Engine 4/02-project-setup/Pong/Content/Maps/Main.umap.
[2021.10.16-05.21.19:218][  0]LoadErrors:Error: Error /Game/Maps/Main : Can't find file for asset. /Script/Paper2D
[2021.10.16-05.21.19:218][  0]LogLinker:Warning: Can't find file '/Script/Paper2D'
[2021.10.16-05.21.19:218][  0]LogLinker:Warning: Can't find file for asset '/Script/Paper2D' while loading D:/The Tech Academy - Game Developer Boot Camp/C++ And Unreal Engine Course/Blueprint and C++ Integration in Unreal Engine 4/02-project-setup/Pong/Content/Maps/Main.umap.
[2021.10.16-05.21.19:218][  0]LoadErrors:Error: Error /Game/Maps/Main : Can't find file for asset. /Script/Paper2D
[2021.10.16-05.21.19:218][  0]LogLinker:Warning: Package D:/The Tech Academy - Game Developer Boot Camp/C++ And Unreal Engine Course/Blueprint and C++ Integration in Unreal Engine 4/02-project-setup/Pong/Content/Assets/Sprites/BG_Sprite.uasset was saved with a custom integration that is not present. Tag 11310AED2E554D61AF679AA3C5A1082C  Version 17
[2021.10.16-05.21.19:218][  0]LogLinker:Warning: Can't find file '/Script/Paper2D'
[2021.10.16-05.21.19:218][  0]LogLinker:Warning: Can't find file for asset '/Script/Paper2D' while loading D:/The Tech Academy - Game Developer Boot Camp/C++ And Unreal Engine Course/Blueprint and C++ Integration in Unreal Engine 4/02-project-setup/Pong/Content/Assets/Sprites/BG_Sprite.uasset.
[2021.10.16-05.21.19:218][  0]LoadErrors:Error: Error /Game/Assets/Sprites/BG_Sprite : Can't find file for asset. /Script/Paper2D
[2021.10.16-05.21.19:219][  0]LogLinker:Warning: Can't find file '/Script/Paper2D'
[2021.10.16-05.21.19:219][  0]LogLinker:Warning: Can't find file for asset '/Script/Paper2D' while loading D:/The Tech Academy - Game Developer Boot Camp/C++ And Unreal Engine Course/Blueprint and C++ Integration in Unreal Engine 4/02-project-setup/Pong/Content/Assets/Sprites/BG_Sprite.uasset.
[2021.10.16-05.21.19:219][  0]LoadErrors:Error: Error /Game/Assets/Sprites/BG_Sprite : Can't find file for asset. /Script/Paper2D
[2021.10.16-05.21.19:219][  0]LogLinker:Warning: Can't find file '/Script/Paper2D'
[2021.10.16-05.21.19:219][  0]LogLinker:Warning: Can't find file for asset '/Script/Paper2D' while loading D:/The Tech Academy - Game Developer Boot Camp/C++ And Unreal Engine Course/Blueprint and C++ Integration in Unreal Engine 4/02-project-setup/Pong/Content/Maps/Main.umap.
[2021.10.16-05.21.19:219][  0]LoadErrors:Error: Error /Game/Maps/Main : Can't find file for asset. /Script/Paper2D
[2021.10.16-05.21.19:219][  0]LogLinker:Warning: Can't find file '/Script/Paper2D'
[2021.10.16-05.21.19:220][  0]LogLinker:Warning: Can't find file for asset '/Script/Paper2D' while loading D:/The Tech Academy - Game Developer Boot Camp/C++ And Unreal Engine Course/Blueprint and C++ Integration in Unreal Engine 4/02-project-setup/Pong/Content/Maps/Main.umap.
[2021.10.16-05.21.19:220][  0]LoadErrors:Error: Error /Game/Maps/Main : Can't find file for asset. /Script/Paper2D
[2021.10.16-05.21.19:220][  0]LogLinker:Warning: Can't find file '/Script/Paper2D'
[2021.10.16-05.21.19:220][  0]LogLinker:Warning: Can't find file for asset '/Script/Paper2D' while loading D:/The Tech Academy - Game Developer Boot Camp/C++ And Unreal Engine Course/Blueprint and C++ Integration in Unreal Engine 4/02-project-setup/Pong/Content/Maps/Main.umap.
[2021.10.16-05.21.19:220][  0]LoadErrors:Error: Error /Game/Maps/Main : Can't find file for asset. /Script/Paper2D
[2021.10.16-05.21.19:220][  0]LogLinker:Warning: Can't find file '/Script/Paper2D'
[2021.10.16-05.21.19:220][  0]LogLinker:Warning: Can't find file for asset '/Script/Paper2D' while loading D:/The Tech Academy - Game Developer Boot Camp/C++ And Unreal Engine Course/Blueprint and C++ Integration in Unreal Engine 4/02-project-setup/Pong/Content/Maps/Main.umap.
[2021.10.16-05.21.19:220][  0]LoadErrors:Error: Error /Game/Maps/Main : Can't find file for asset. /Script/Paper2D
[2021.10.16-05.21.19:220][  0]LogLinker:Warning: Can't find file '/Script/Paper2D'
[2021.10.16-05.21.19:220][  0]LogLinker:Warning: Can't find file for asset '/Script/Paper2D' while loading D:/The Tech Academy - Game Developer Boot Camp/C++ And Unreal Engine Course/Blueprint and C++ Integration in Unreal Engine 4/02-project-setup/Pong/Content/Maps/Main.umap.
[2021.10.16-05.21.19:220][  0]LoadErrors:Error: Error /Game/Maps/Main : Can't find file for asset. /Script/Paper2D
[2021.10.16-05.21.19:220][  0]LogLinker:Warning: Can't find file '/Script/Paper2D'
[2021.10.16-05.21.19:220][  0]LogLinker:Warning: Can't find file for asset '/Script/Paper2D' while loading D:/The Tech Academy - Game Developer Boot Camp/C++ And Unreal Engine Course/Blueprint and C++ Integration in Unreal Engine 4/02-project-setup/Pong/Content/Maps/Main.umap.
[2021.10.16-05.21.19:220][  0]LoadErrors:Error: Error /Game/Maps/Main : Can't find file for asset. /Script/Paper2D
[2021.10.16-05.21.19:220][  0]LogLinker:Warning: Can't find file '/Script/Paper2D'
[2021.10.16-05.21.19:220][  0]LogLinker:Warning: Can't find file for asset '/Script/Paper2D' while loading D:/The Tech Academy - Game Developer Boot Camp/C++ And Unreal Engine Course/Blueprint and C++ Integration in Unreal Engine 4/02-project-setup/Pong/Content/Maps/Main.umap.
[2021.10.16-05.21.19:220][  0]LoadErrors:Error: Error /Game/Maps/Main : Can't find file for asset. /Script/Paper2D
[2021.10.16-05.21.19:221][  0]LogLinker:Warning: Can't find file '/Script/Paper2D'
[2021.10.16-05.21.19:221][  0]LogLinker:Warning: Can't find file for asset '/Script/Paper2D' while loading NULL.
[2021.10.16-05.21.19:221][  0]LogLinker:Warning: Can't find file '/Script/Paper2D'
[2021.10.16-05.21.19:221][  0]LogLinker:Warning: Can't find file for asset '/Script/Paper2D' while loading NULL.
[2021.10.16-05.21.19:221][  0]LogLinker:Warning: Can't find file '/Script/Paper2D'
[2021.10.16-05.21.19:221][  0]LogLinker:Warning: Can't find file for asset '/Script/Paper2D' while loading NULL.
[2021.10.16-05.21.19:221][  0]LogLinker:Warning: Can't find file '/Script/Paper2D'
[2021.10.16-05.21.19:221][  0]LogLinker:Warning: Can't find file for asset '/Script/Paper2D' while loading NULL.
[2021.10.16-05.21.19:221][  0]LogLinker:Warning: Can't find file '/Script/Paper2D'
[2021.10.16-05.21.19:221][  0]LogLinker:Warning: Can't find file for asset '/Script/Paper2D' while loading NULL.
[2021.10.16-05.21.19:221][  0]LogLinker:Warning: Can't find file '/Script/Paper2D'
[2021.10.16-05.21.19:221][  0]LoadErrors: Info Failed to load /Script/Paper2D.PaperSpriteActor Referenced by PersistentLevel
[2021.10.16-05.21.19:221][  0]LogLinker:Warning: Can't find file for asset '/Script/Paper2D' while loading NULL.
[2021.10.16-05.21.19:221][  0]LoadErrors: Info Failed to load /Script/Paper2D.PaperSpriteActor Referenced by PersistentLevel
[2021.10.16-05.21.19:244][  0]LogAIModule: Creating AISystem for world Main
[2021.10.16-05.21.19:261][  0]LogEditorServer: Finished looking for orphan Actors (0.000 secs)
[2021.10.16-05.21.19:261][  0]Cmd: MAP CHECKDEP NOCLEARLOG
[2021.10.16-05.21.19:292][  0]MapCheck: Info Map check complete: 0 Error(s), 0 Warning(s), took 30.373ms to complete.
[2021.10.16-05.21.19:292][  0]LogFileHelpers: Loading map 'Main' took 0.132
[2021.10.16-05.21.19:464][  0]LogCollectionManager: Loaded 0 collections in 0.001234 seconds
[2021.10.16-05.21.19:552][  0]LogFileCache: Scanning file cache for directory 'D:/The Tech Academy - Game Developer Boot Camp/C++ And Unreal Engine Course/Blueprint and C++ Integration in Unreal Engine 4/02-project-setup/Pong/Saved/Collections/' took 0.01s
[2021.10.16-05.21.19:552][  0]LogFileCache: Scanning file cache for directory 'D:/The Tech Academy - Game Developer Boot Camp/C++ And Unreal Engine Course/Blueprint and C++ Integration in Unreal Engine 4/02-project-setup/Pong/Content/Developers/jadams/Collections/' took 0.01s
[2021.10.16-05.21.19:552][  0]LogFileCache: Scanning file cache for directory 'D:/The Tech Academy - Game Developer Boot Camp/C++ And Unreal Engine Course/Blueprint and C++ Integration in Unreal Engine 4/02-project-setup/Pong/Content/Collections/' took 0.01s
[2021.10.16-05.21.19:552][  0]LogCollectionManager: Rebuilt the GUID cache for 0 collections in 0.000001 seconds
[2021.10.16-05.21.19:559][  0]LogContentBrowser: Native class hierarchy populated in 0.0069 seconds. Added 2202 classes and 438 folders.
[2021.10.16-05.21.19:642][  0]LogContentBrowser: Native class hierarchy updated for 'WidgetCarousel' in 0.0009 seconds. Added 0 classes and 0 folders.
[2021.10.16-05.21.19:676][  0]LogContentBrowser: Native class hierarchy updated for 'AddContentDialog' in 0.0009 seconds. Added 0 classes and 0 folders.
[2021.10.16-05.21.19:729][  0]LogContentBrowser: Native class hierarchy updated for 'SceneOutliner' in 0.0009 seconds. Added 1 classes and 2 folders.
[2021.10.16-05.21.19:816][  0]LogCrashTracker: Crashtracker disabled due to settings.
[2021.10.16-05.21.19:830][  0]LogDirectoryWatcher:Warning: Failed to begin reading directory changes for D:/The Tech Academy - Game Developer Boot Camp/C++ And Unreal Engine Course/Blueprint and C++ Integration in Unreal Engine 4/02-project-setup/Pong/Plugins/. Error: The system cannot find the file specified. (0x00000002)
[2021.10.16-05.21.19:838][  0]LogUObjectGlobals:Warning: Failed to find object 'Class None.'
[2021.10.16-05.21.19:924][  0]LogContentBrowser: Native class hierarchy updated for 'HierarchicalLODOutliner' in 0.0010 seconds. Added 1 classes and 2 folders.
[2021.10.16-05.21.19:924][  0]LogLoad: (Engine Initialization) Total time: 17.57 seconds
[2021.10.16-05.21.19:924][  0]LogLoad: (Engine Initialization) Total Blueprint compile time: 0.05 seconds
[2021.10.16-05.21.19:924][  0]LogExternalProfiler: No external profilers were discovered.  External profiling features will not be available.
[2021.10.16-05.21.19:942][  0]LogOcInput: OculusInput pre-init called
[2021.10.16-05.21.19:942][  0]LoadErrors:Warning: Warning CreateExport: Failed to load Outer for resource 'BodySetup_0': PaperSprite /Game/Assets/Sprites/BG_Sprite.BG_Sprite
[2021.10.16-05.21.19:958][  0]LogAssetRegistry: Asset discovery search completed in 10.3225 seconds
[2021.10.16-05.21.19:958][  0]LogCollectionManager: Rebuilt the object cache for 0 collections in 0.000004 seconds (found 0 objects)
[2021.10.16-05.21.19:958][  0]LogCollectionManager: Fixed up redirectors for 0 collections in 0.000016 seconds (updated 0 objects)
[2021.10.16-05.21.19:962][  0]LogContentStreaming: Texture pool size now 1000 MB
[2021.10.16-05.21.19:971][  0]LogSlate: Took 0.000340 seconds to synchronously load lazily loaded font '../../../Engine/Content/Slate/Fonts/Roboto-Regular.ttf' (155K)
[2021.10.16-05.21.19:974][  0]LogSlate: Took 0.000188 seconds to synchronously load lazily loaded font '../../../Engine/Content/Slate/Fonts/Roboto-Bold.ttf' (160K)
[2021.10.16-05.21.37:363][524]Cmd: CLOSE_SLATE_MAINFRAME
[2021.10.16-05.21.37:404][524]LogDirectoryWatcher: A directory notification for '../../../Engine/Plugins/' was aborted.
[2021.10.16-05.21.37:694][524]LogStats: FPlatformStackWalk::StackWalkAndDump -  0.245 s
[2021.10.16-05.21.37:694][524]LogOutputDevice:Error: === Handled ensure: ===
[2021.10.16-05.21.37:694][524]LogOutputDevice:Error: 
[2021.10.16-05.21.37:694][524]LogOutputDevice:Error: Ensure condition failed: TextureRHI [File:D:\Build\++UE4+Release-4.15+Compile\Sync\Engine\Source\Runtime\Windows\D3D11RHI\Private\D3D11RenderTarget.cpp] [Line: 927]
[2021.10.16-05.21.37:694][524]LogOutputDevice:Error: 
[2021.10.16-05.21.37:694][524]LogOutputDevice:Error: Stack: 
[2021.10.16-05.21.37:694][524]LogOutputDevice:Error: UE4Editor-Core.dll!0x00000000F97595E6
[2021.10.16-05.21.37:694][524]LogOutputDevice:Error: UE4Editor-Core.dll!0x00000000F9509B82
[2021.10.16-05.21.37:694][524]LogOutputDevice:Error: UE4Editor-Core.dll!0x00000000F951B666
[2021.10.16-05.21.37:694][524]LogOutputDevice:Error: UE4Editor-D3D11RHI.dll!0x00000000D058BC65
[2021.10.16-05.21.37:694][524]LogOutputDevice:Error: UE4Editor-RHI.dll!0x00000000F91F25B5
[2021.10.16-05.21.37:694][524]LogOutputDevice:Error: UE4Editor-Engine.dll!0x00000000D3DABBB5
[2021.10.16-05.21.37:694][524]LogOutputDevice:Error: UE4Editor-Core.dll!0x00000000F93DD84D
[2021.10.16-05.21.37:694][524]LogOutputDevice:Error: UE4Editor-Core.dll!0x00000000F93DDC6D
[2021.10.16-05.21.37:694][524]LogOutputDevice:Error: UE4Editor-RenderCore.dll!0x00000000F9290397
[2021.10.16-05.21.37:694][524]LogOutputDevice:Error: UE4Editor-RenderCore.dll!0x00000000F9291486
[2021.10.16-05.21.37:694][524]LogOutputDevice:Error: UE4Editor-Core.dll!0x00000000F976A3D8
[2021.10.16-05.21.37:694][524]LogOutputDevice:Error: UE4Editor-Core.dll!0x00000000F9764C79
[2021.10.16-05.21.37:694][524]LogOutputDevice:Error: KERNEL32.DLL!0x0000000091887034
[2021.10.16-05.21.37:694][524]LogOutputDevice:Error: ntdll.dll!0x0000000091EA2651
[2021.10.16-05.21.37:694][524]LogOutputDevice:Error: 
[2021.10.16-05.21.37:694][524]LogStats:                SubmitErrorReport -  0.000 s
[2021.10.16-05.21.38:108][524]LogStats:                    SendNewReport -  0.415 s
[2021.10.16-05.21.38:108][524]LogStats:             FDebug::EnsureFailed -  0.660 s
[2021.10.16-05.21.38:225][525]Cmd: QUIT_EDITOR
[2021.10.16-05.21.38:289][525]LogWindowsTextInputMethodSystem:Display: IME system now deactivated.
[2021.10.16-05.21.38:314][525]LogExit: Preparing to exit.
[2021.10.16-05.21.38:687][525]LogExit: Editor shut down
[2021.10.16-05.21.38:688][525]LogExit: Transaction tracking system shut down
[2021.10.16-05.21.38:726][525]LogObj: Freed 0b from 0 cluster array pools.
[2021.10.16-05.21.38:726][525]LogExit: Object subsystem successfully closed.
[2021.10.16-05.21.38:790][525]LogD3D11RHI: Shutdown
[2021.10.16-05.21.38:790][525]LogD3D11RHI: CleanupD3DDevice
[2021.10.16-05.21.38:799][525]LogD3D11RHI: ~FD3D11DynamicRHI
[2021.10.16-05.21.38:817][525]LogModuleManager: Shutting down and abandoning module HierarchicalLODOutliner (490)
[2021.10.16-05.21.38:817][525]LogModuleManager: Shutting down and abandoning module CrashTracker (488)
[2021.10.16-05.21.38:817][525]LogModuleManager: Shutting down and abandoning module SceneOutliner (486)
[2021.10.16-05.21.38:817][525]LogModuleManager: Shutting down and abandoning module AddContentDialog (484)
[2021.10.16-05.21.38:817][525]LogDirectoryWatcher: A directory notification for 'C:/Program Files/Epic Games/UE_4.15/FeaturePacks/' was aborted.
[2021.10.16-05.21.38:817][525]LogModuleManager: Shutting down and abandoning module WidgetCarousel (483)
[2021.10.16-05.21.38:817][525]LogModuleManager: Shutting down and abandoning module EditorWidgets (480)
[2021.10.16-05.21.38:817][525]LogModuleManager: Shutting down and abandoning module CollectionManager (478)
[2021.10.16-05.21.38:817][525]LogDirectoryWatcher: A directory notification for 'D:/The Tech Academy - Game Developer Boot Camp/C++ And Unreal Engine Course/Blueprint and C++ Integration in Unreal Engine 4/02-project-setup/Pong/Content/Collections/' was aborted.
[2021.10.16-05.21.38:818][525]LogDirectoryWatcher: A directory notification for 'D:/The Tech Academy - Game Developer Boot Camp/C++ And Unreal Engine Course/Blueprint and C++ Integration in Unreal Engine 4/02-project-setup/Pong/Content/Developers/jadams/Collections/' was aborted.
[2021.10.16-05.21.38:818][525]LogDirectoryWatcher: A directory notification for 'D:/The Tech Academy - Game Developer Boot Camp/C++ And Unreal Engine Course/Blueprint and C++ Integration in Unreal Engine 4/02-project-setup/Pong/Saved/Collections/' was aborted.
[2021.10.16-05.21.38:818][525]LogModuleManager: Shutting down and abandoning module StatsViewer (476)
[2021.10.16-05.21.38:818][525]LogModuleManager: Shutting down and abandoning module FoliageEdit (474)
[2021.10.16-05.21.38:818][525]LogModuleManager: Shutting down and abandoning module LandscapeEditor (472)
[2021.10.16-05.21.38:818][525]LogModuleManager: Shutting down and abandoning module MeshPaint (470)
[2021.10.16-05.21.38:818][525]LogModuleManager: Shutting down and abandoning module SceneDepthPickerMode (468)
[2021.10.16-05.21.38:818][525]LogModuleManager: Shutting down and abandoning module ActorPickerMode (466)
[2021.10.16-05.21.38:818][525]LogModuleManager: Shutting down and abandoning module GeometryMode (464)
[2021.10.16-05.21.38:818][525]LogModuleManager: Shutting down and abandoning module TextureAlignMode (462)
[2021.10.16-05.21.38:818][525]LogModuleManager: Shutting down and abandoning module BspMode (460)
[2021.10.16-05.21.38:818][525]LogModuleManager: Shutting down and abandoning module HardwareSurvey (458)
[2021.10.16-05.21.38:818][525]LogModuleManager: Shutting down and abandoning module SequenceRecorderSections (456)
[2021.10.16-05.21.38:818][525]LogModuleManager: Shutting down and abandoning module AutomationWorker (454)
[2021.10.16-05.21.38:818][525]LogModuleManager: Shutting down and abandoning module MatineeToLevelSequence (452)
[2021.10.16-05.21.38:818][525]LogModuleManager: Shutting down and abandoning module LevelSequenceEditor (450)
[2021.10.16-05.21.38:818][525]LogModuleManager: Shutting down and abandoning module PlacementMode (449)
[2021.10.16-05.21.38:818][525]LogModuleManager: Shutting down and abandoning module WmfMediaFactory (446)
[2021.10.16-05.21.38:818][525]LogModuleManager: Shutting down and abandoning module WmfMediaEditor (444)
[2021.10.16-05.21.38:818][525]LogModuleManager: Shutting down and abandoning module MfMediaFactory (442)
[2021.10.16-05.21.38:818][525]LogModuleManager: Shutting down and abandoning module MfMediaEditor (440)
[2021.10.16-05.21.38:818][525]LogModuleManager: Shutting down and abandoning module AvfMediaFactory (438)
[2021.10.16-05.21.38:818][525]LogModuleManager: Shutting down and abandoning module AvfMediaEditor (436)
[2021.10.16-05.21.38:818][525]LogModuleManager: Shutting down and abandoning module AndroidMediaFactory (434)
[2021.10.16-05.21.38:818][525]LogModuleManager: Shutting down and abandoning module Media (433)
[2021.10.16-05.21.38:818][525]LogModuleManager: Shutting down and abandoning module AndroidMediaEditor (430)
[2021.10.16-05.21.38:818][525]LogModuleManager: Shutting down and abandoning module CharacterAI (428)
[2021.10.16-05.21.38:818][525]LogModuleManager: Shutting down and abandoning module AudioCapture (426)
[2021.10.16-05.21.38:818][525]LogModuleManager: Shutting down and abandoning module SequenceRecorder (425)
[2021.10.16-05.21.38:818][525]LogModuleManager: Shutting down and abandoning module SessionServices (422)
[2021.10.16-05.21.38:818][525]LogModuleManager: Shutting down and abandoning module ViewportSnapping (420)
[2021.10.16-05.21.38:818][525]LogModuleManager: Shutting down and abandoning module ViewportInteraction (418)
[2021.10.16-05.21.38:818][525]LogModuleManager: Shutting down and abandoning module LogVisualizer (416)
[2021.10.16-05.21.38:818][525]LogModuleManager: Shutting down and abandoning module IntroTutorials (414)
[2021.10.16-05.21.38:819][525]LogModuleManager: Shutting down and abandoning module GameProjectGeneration (413)
[2021.10.16-05.21.38:819][525]LogModuleManager: Shutting down and abandoning module EditorLiveStreaming (410)
[2021.10.16-05.21.38:819][525]LogModuleManager: Shutting down and abandoning module IOSPlatformEditor (408)
[2021.10.16-05.21.38:819][525]LogModuleManager: Shutting down and abandoning module HTML5PlatformEditor (406)
[2021.10.16-05.21.38:819][525]LogModuleManager: Shutting down and abandoning module AndroidPlatformEditor (404)
[2021.10.16-05.21.38:819][525]LogModuleManager: Shutting down and abandoning module AndroidDeviceDetection (403)
[2021.10.16-05.21.39:390][525]LogModuleManager: Shutting down and abandoning module IOSRuntimeSettings (400)
[2021.10.16-05.21.39:390][525]LogModuleManager: Shutting down and abandoning module AndroidRuntimeSettings (398)
[2021.10.16-05.21.39:390][525]LogModuleManager: Shutting down and abandoning module InputBindingEditor (396)
[2021.10.16-05.21.39:390][525]LogModuleManager: Shutting down and abandoning module NiagaraEditor (394)
[2021.10.16-05.21.39:390][525]LogModuleManager: Shutting down and abandoning module MergeActors (392)
[2021.10.16-05.21.39:390][525]LogModuleManager: Shutting down and abandoning module SizeMap (390)
[2021.10.16-05.21.39:390][525]LogModuleManager: Shutting down and abandoning module TreeMap (388)
[2021.10.16-05.21.39:390][525]LogModuleManager: Shutting down and abandoning module ReferenceViewer (386)
[2021.10.16-05.21.39:390][525]LogModuleManager: Shutting down and abandoning module LocalizationDashboard (384)
[2021.10.16-05.21.39:390][525]LogModuleManager: Shutting down and abandoning module LocalizationService (383)
[2021.10.16-05.21.39:390][525]LogModuleManager: Shutting down and abandoning module HardwareTargeting (380)
[2021.10.16-05.21.39:390][525]LogModuleManager: Shutting down and abandoning module DeviceProfileEditor (378)
[2021.10.16-05.21.39:390][525]LogModuleManager: Shutting down and abandoning module UndoHistory (376)
[2021.10.16-05.21.39:390][525]LogModuleManager: Shutting down and abandoning module UserFeedback (374)
[2021.10.16-05.21.39:390][525]LogModuleManager: Shutting down and abandoning module XmlParser (372)
[2021.10.16-05.21.39:390][525]LogModuleManager: Shutting down and abandoning module Blutility (370)
[2021.10.16-05.21.39:390][525]LogModuleManager: Shutting down and abandoning module ProjectSettingsViewer (368)
[2021.10.16-05.21.39:390][525]LogModuleManager: Shutting down and abandoning module ProjectTargetPlatformEditor (367)
[2021.10.16-05.21.39:391][525]LogModuleManager: Shutting down and abandoning module EditorSettingsViewer (364)
[2021.10.16-05.21.39:391][525]LogModuleManager: Shutting down and abandoning module SettingsEditor (362)
[2021.10.16-05.21.39:391][525]LogModuleManager: Shutting down and abandoning module ProjectLauncher (360)
[2021.10.16-05.21.39:391][525]LogModuleManager: Shutting down and abandoning module SessionFrontend (358)
[2021.10.16-05.21.39:391][525]LogModuleManager: Shutting down and abandoning module ProfilerClient (356)
[2021.10.16-05.21.39:391][525]LogModuleManager: Shutting down and abandoning module DeviceManager (354)
[2021.10.16-05.21.39:391][525]LogModuleManager: Shutting down and abandoning module TargetDeviceServices (353)
[2021.10.16-05.21.39:435][525]LogModuleManager: Shutting down and abandoning module AutomationController (350)
[2021.10.16-05.21.39:435][525]LogModuleManager: Shutting down and abandoning module AutomationWindow (348)
[2021.10.16-05.21.39:435][525]LogModuleManager: Shutting down and abandoning module Layers (346)
[2021.10.16-05.21.39:435][525]LogModuleManager: Shutting down and abandoning module ComponentVisualizers (344)
[2021.10.16-05.21.39:435][525]LogModuleManager: Shutting down and abandoning module DetailCustomizations (342)
[2021.10.16-05.21.39:435][525]LogModuleManager: Shutting down and abandoning module PackagesDialog (340)
[2021.10.16-05.21.39:435][525]LogModuleManager: Shutting down and abandoning module Persona (338)
[2021.10.16-05.21.39:435][525]LogModuleManager: Shutting down and abandoning module AnimGraph (337)
[2021.10.16-05.21.39:435][525]LogModuleManager: Shutting down and abandoning module Kismet (334)
[2021.10.16-05.21.39:435][525]LogModuleManager: Shutting down and abandoning module LevelEditor (333)
[2021.10.16-05.21.39:435][525]LogModuleManager: Shutting down and abandoning module PixelInspectorModule (332)
[2021.10.16-05.21.39:435][525]LogModuleManager: Shutting down and abandoning module GraphEditor (328)
[2021.10.16-05.21.39:435][525]LogModuleManager: Shutting down and abandoning module ContentBrowser (326)
[2021.10.16-05.21.39:436][525]LogModuleManager: Shutting down and abandoning module ClassViewer (324)
[2021.10.16-05.21.39:436][525]LogModuleManager: Shutting down and abandoning module Toolbox (322)
[2021.10.16-05.21.39:436][525]LogModuleManager: Shutting down and abandoning module ModuleUI (320)
[2021.10.16-05.21.39:436][525]LogModuleManager: Shutting down and abandoning module MovieSceneTools (318)
[2021.10.16-05.21.39:436][525]LogModuleManager: Shutting down and abandoning module OutputLog (316)
[2021.10.16-05.21.39:436][525]LogModuleManager: Shutting down and abandoning module GammaUI (314)
[2021.10.16-05.21.39:436][525]LogModuleManager: Shutting down and abandoning module Documentation (312)
[2021.10.16-05.21.39:436][525]LogModuleManager: Shutting down and abandoning module Niagara (310)
[2021.10.16-05.21.39:436][525]LogModuleManager: Shutting down and abandoning module StreamingPauseRendering (308)
[2021.10.16-05.21.39:436][525]LogModuleManager: Shutting down and abandoning module AnalyticsET (306)
[2021.10.16-05.21.39:436][525]LogModuleManager: Shutting down and abandoning module PortalServices (304)
[2021.10.16-05.21.39:436][525]LogModuleManager: Shutting down and abandoning module PortalRpc (302)
[2021.10.16-05.21.39:436][525]LogModuleManager: Shutting down and abandoning module MessagingRpc (300)
[2021.10.16-05.21.39:436][525]LogModuleManager: Shutting down and abandoning module AIModule (298)
[2021.10.16-05.21.39:436][525]LogModuleManager: Shutting down and abandoning module GameplayDebugger (297)
[2021.10.16-05.21.39:436][525]LogModuleManager: Shutting down and abandoning module AITestSuite (295)
[2021.10.16-05.21.39:436][525]LogModuleManager: Shutting down and abandoning module ProfilerService (292)
[2021.10.16-05.21.39:604][525]LogModuleManager: Shutting down and abandoning module TaskGraph (290)
[2021.10.16-05.21.39:604][525]LogModuleManager: Shutting down and abandoning module SteamVRController (288)
[2021.10.16-05.21.39:604][525]LogModuleManager: Shutting down and abandoning module SteamVR (286)
[2021.10.16-05.21.39:604][525]LogModuleManager: Shutting down and abandoning module ProceduralMeshComponentEditor (284)
[2021.10.16-05.21.39:604][525]LogModuleManager: Shutting down and abandoning module ProceduralMeshComponent (282)
[2021.10.16-05.21.39:604][525]LogModuleManager: Shutting down and abandoning module OculusLibrary (280)
[2021.10.16-05.21.39:604][525]LogModuleManager: Shutting down and abandoning module OculusInput (278)
[2021.10.16-05.21.39:604][525]LogModuleManager: Shutting down and abandoning module MobilePatchingUtils (276)
[2021.10.16-05.21.39:604][525]LogModuleManager: Shutting down and abandoning module CustomMeshComponent (274)
[2021.10.16-05.21.39:604][525]LogModuleManager: Shutting down and abandoning module CableComponent (272)
[2021.10.16-05.21.39:604][525]LogModuleManager: Shutting down and abandoning module ArchVisCharacter (270)
[2021.10.16-05.21.39:604][525]LogModuleManager: Shutting down and abandoning module MediaPlayerEditor (266)
[2021.10.16-05.21.39:604][525]LogModuleManager: Shutting down and abandoning module HTML5Networking (264)
[2021.10.16-05.21.39:604][525]LogModuleManager: Shutting down and abandoning module AlembicImporter (262)
[2021.10.16-05.21.39:604][525]LogModuleManager: Shutting down and abandoning module AlembicLibrary (261)
[2021.10.16-05.21.39:604][525]LogModuleManager: Shutting down and abandoning module GeometryCache (260)
[2021.10.16-05.21.39:604][525]LogModuleManager: Shutting down and abandoning module GeometryCacheEd (259)
[2021.10.16-05.21.39:604][525]LogModuleManager: Shutting down and abandoning module SuperSearchEditor (254)
[2021.10.16-05.21.39:604][525]LogModuleManager: Shutting down and abandoning module SuperSearch (253)
[2021.10.16-05.21.39:604][525]LogModuleManager: Shutting down and abandoning module SpeedTreeImporter (250)
[2021.10.16-05.21.39:604][525]LogModuleManager: Shutting down and abandoning module PluginBrowser (248)
[2021.10.16-05.21.39:604][525]LogModuleManager: Shutting down and abandoning module MobileLauncherProfileWizard (246)
[2021.10.16-05.21.39:604][525]LogModuleManager: Shutting down and abandoning module EpicSurvey (244)
[2021.10.16-05.21.39:604][525]LogModuleManager: Shutting down and abandoning module MainFrame (243)
[2021.10.16-05.21.39:604][525]LogModuleManager: Shutting down and abandoning module VisualStudioSourceCodeAccess (240)
[2021.10.16-05.21.39:604][525]LogModuleManager: Shutting down and abandoning module DesktopPlatform (239)
[2021.10.16-05.21.39:604][525]LogModuleManager: Shutting down and abandoning module HotReload (237)
[2021.10.16-05.21.39:604][525]LogDirectoryWatcher: A directory notification for 'D:/The Tech Academy - Game Developer Boot Camp/C++ And Unreal Engine Course/Blueprint and C++ Integration in Unreal Engine 4/02-project-setup/Pong/Binaries/Win64' was aborted.
[2021.10.16-05.21.39:605][525]LogModuleManager: Shutting down and abandoning module UObjectPlugin (234)
[2021.10.16-05.21.39:605][525]LogModuleManager: Shutting down and abandoning module SubversionSourceControl (232)
[2021.10.16-05.21.39:605][525]LogModuleManager: Shutting down and abandoning module PerforceSourceControl (230)
[2021.10.16-05.21.39:605][525]LogModuleManager: Shutting down and abandoning module GitSourceControl (228)
[2021.10.16-05.21.39:605][525]LogModuleManager: Shutting down and abandoning module SourceControl (227)
[2021.10.16-05.21.39:605][525]LogModuleManager: Shutting down and abandoning module LightPropagationVolumeEditor (224)
[2021.10.16-05.21.39:605][525]LogModuleManager: Shutting down and abandoning module Pong (222)
[2021.10.16-05.21.39:605][525]LogModuleManager: Shutting down and abandoning module PhysXVehiclesEditor (220)
[2021.10.16-05.21.39:605][525]LogModuleManager: Shutting down and abandoning module PhysXVehicles (218)
[2021.10.16-05.21.39:605][525]LogModuleManager: Shutting down and abandoning module LocationServicesBPLibrary (216)
[2021.10.16-05.21.39:605][525]LogModuleManager: Shutting down and abandoning module UdpMessaging (214)
[2021.10.16-05.21.39:706][525]LogModuleManager: Shutting down and abandoning module TcpMessaging (212)
[2021.10.16-05.21.39:806][525]LogModuleManager: Shutting down and abandoning module GameplayTagsEditor (210)
[2021.10.16-05.21.39:806][525]LogModuleManager: Shutting down and abandoning module FacialAnimationEditor (208)
[2021.10.16-05.21.39:806][525]LogModuleManager: Shutting down and abandoning module FacialAnimation (206)
[2021.10.16-05.21.39:806][525]LogModuleManager: Shutting down and abandoning module LightPropagationVolumeRuntime (204)
[2021.10.16-05.21.39:806][525]LogModuleManager: Shutting down and abandoning module WindowsMoviePlayer (202)
[2021.10.16-05.21.39:806][525]LogModuleManager: Shutting down and abandoning module WmfMedia (200)
[2021.10.16-05.21.39:807][525]LogModuleManager: Shutting down and abandoning module MfMedia (198)
[2021.10.16-05.21.39:807][525]LogModuleManager: Shutting down and abandoning module MediaAssets (196)
[2021.10.16-05.21.39:807][525]LogModuleManager: Shutting down and abandoning module GameLiveStreaming (194)
[2021.10.16-05.21.39:807][525]LogModuleManager: Shutting down and abandoning module VREditor (192)
[2021.10.16-05.21.39:807][525]LogModuleManager: Shutting down and abandoning module GameplayTasksEditor (190)
[2021.10.16-05.21.39:807][525]LogModuleManager: Shutting down and abandoning module BehaviorTreeEditor (188)
[2021.10.16-05.21.39:807][525]LogModuleManager: Shutting down and abandoning module FunctionalTesting (186)
[2021.10.16-05.21.39:807][525]LogModuleManager: Shutting down and abandoning module CollisionAnalyzer (184)
[2021.10.16-05.21.39:807][525]LogModuleManager: Shutting down and abandoning module UMG (182)
[2021.10.16-05.21.39:807][525]LogModuleManager: Shutting down and abandoning module UMGEditor (181)
[2021.10.16-05.21.39:807][525]LogModuleManager: Shutting down and abandoning module Sequencer (180)
[2021.10.16-05.21.39:807][525]LogModuleManager: Shutting down and abandoning module AssetTools (178)
[2021.10.16-05.21.39:807][525]LogModuleManager: Shutting down and abandoning module MessageLog (177)
[2021.10.16-05.21.39:807][525]LogModuleManager: Shutting down and abandoning module WorkspaceMenuStructure (176)
[2021.10.16-05.21.39:807][525]LogModuleManager: Shutting down and abandoning module SlateReflector (170)
[2021.10.16-05.21.39:807][525]LogModuleManager: Shutting down and abandoning module Slate (168)
[2021.10.16-05.21.39:807][525]LogModuleManager: Shutting down and abandoning module EditorStyle (166)
[2021.10.16-05.21.39:809][525]LogModuleManager: Shutting down and abandoning module SourceCodeAccess (164)
[2021.10.16-05.21.39:809][525]LogModuleManager: Shutting down and abandoning module HeadMountedDisplay (162)
[2021.10.16-05.21.39:809][525]LogModuleManager: Shutting down and abandoning module XAudio2 (160)
[2021.10.16-05.21.39:809][525]LogModuleManager: Shutting down and abandoning module Networking (158)
[2021.10.16-05.21.39:809][525]LogModuleManager: Shutting down and abandoning module Core (154)
[2021.10.16-05.21.39:809][525]LogModuleManager: Shutting down and abandoning module AssetRegistry (152)
[2021.10.16-05.21.39:928][525]LogDirectoryWatcher: A directory notification for '../../../Engine/Content/' was aborted.
[2021.10.16-05.21.39:928][525]LogDirectoryWatcher: A directory notification for 'D:/The Tech Academy - Game Developer Boot Camp/C++ And Unreal Engine Course/Blueprint and C++ Integration in Unreal Engine 4/02-project-setup/Pong/Content/' was aborted.
[2021.10.16-05.21.39:928][525]LogModuleManager: Shutting down and abandoning module DirectoryWatcher (151)
[2021.10.16-05.21.39:928][525]LogModuleManager: Shutting down and abandoning module KismetCompiler (148)
[2021.10.16-05.21.39:928][525]LogModuleManager: Shutting down and abandoning module PhysXFormats (146)
[2021.10.16-05.21.39:928][525]LogModuleManager: Shutting down and abandoning module MeshUtilities (144)
[2021.10.16-05.21.39:928][525]LogModuleManager: Shutting down and abandoning module SimplygonSwarm (143)
[2021.10.16-05.21.39:928][525]LogModuleManager: Shutting down and abandoning module SimplygonMeshReduction (141)
[2021.10.16-05.21.39:928][525]LogModuleManager: Shutting down and abandoning module QuadricMeshReduction (139)
[2021.10.16-05.21.39:928][525]LogModuleManager: Shutting down and abandoning module PropertyEditor (137)
[2021.10.16-05.21.39:928][525]LogModuleManager: Shutting down and abandoning module DerivedDataCache (134)
[2021.10.16-05.21.40:104][525]LogDerivedDataCache: Shutdown
[2021.10.16-05.21.40:104][525]LogModuleManager: Shutting down and abandoning module TargetPlatform (132)
[2021.10.16-05.21.40:104][525]LogModuleManager: Shutting down and abandoning module VulkanShaderFormat (131)
[2021.10.16-05.21.40:104][525]LogModuleManager: Shutting down and abandoning module ShaderFormatOpenGL (129)
[2021.10.16-05.21.40:104][525]LogModuleManager: Shutting down and abandoning module ShaderFormatD3D (127)
[2021.10.16-05.21.40:104][525]LogModuleManager: Shutting down and abandoning module MetalShaderFormat (125)
[2021.10.16-05.21.40:104][525]LogModuleManager: Shutting down and abandoning module TextureFormatUncompressed (123)
[2021.10.16-05.21.40:104][525]LogModuleManager: Shutting down and abandoning module TextureFormatPVR (121)
[2021.10.16-05.21.40:104][525]LogModuleManager: Shutting down and abandoning module TextureFormatDXT (119)
[2021.10.16-05.21.40:104][525]LogModuleManager: Shutting down and abandoning module TextureFormatIntelISPCTexComp (117)
[2021.10.16-05.21.40:104][525]LogModuleManager: Shutting down and abandoning module TextureFormatASTC (115)
[2021.10.16-05.21.40:104][525]LogModuleManager: Shutting down and abandoning module ImageWrapper (114)
[2021.10.16-05.21.40:104][525]LogModuleManager: Shutting down and abandoning module TextureFormatAndroid (111)
[2021.10.16-05.21.40:104][525]LogModuleManager: Shutting down and abandoning module AudioFormatOpus (109)
[2021.10.16-05.21.40:104][525]LogModuleManager: Shutting down and abandoning module AudioFormatOgg (107)
[2021.10.16-05.21.40:105][525]LogModuleManager: Shutting down and abandoning module AudioFormatADPCM (105)
[2021.10.16-05.21.40:105][525]LogModuleManager: Shutting down and abandoning module LinuxTargetPlatform (103)
[2021.10.16-05.21.40:105][525]LogModuleManager: Shutting down and abandoning module LinuxServerTargetPlatform (101)
[2021.10.16-05.21.40:105][525]LogModuleManager: Shutting down and abandoning module LinuxNoEditorTargetPlatform (99)
[2021.10.16-05.21.40:105][525]LogModuleManager: Shutting down and abandoning module LinuxClientTargetPlatform (97)
[2021.10.16-05.21.40:105][525]LogModuleManager: Shutting down and abandoning module TVOSTargetPlatform (95)
[2021.10.16-05.21.40:105][525]LogModuleManager: Shutting down and abandoning module Messaging (93)
[2021.10.16-05.21.40:105][525]LogModuleManager: Shutting down and abandoning module IOSTargetPlatform (91)
[2021.10.16-05.21.40:105][525]LogModuleManager: Shutting down and abandoning module HTML5TargetPlatform (89)
[2021.10.16-05.21.40:105][525]LogModuleManager: Shutting down and abandoning module Android_PVRTCTargetPlatform (87)
[2021.10.16-05.21.40:105][525]LogModuleManager: Shutting down and abandoning module Android_MultiTargetPlatform (85)
[2021.10.16-05.21.40:105][525]LogModuleManager: Shutting down and abandoning module Android_ETC2TargetPlatform (83)
[2021.10.16-05.21.40:105][525]LogModuleManager: Shutting down and abandoning module Android_ETC1TargetPlatform (81)
[2021.10.16-05.21.40:105][525]LogModuleManager: Shutting down and abandoning module Android_DXTTargetPlatform (79)
[2021.10.16-05.21.40:105][525]LogModuleManager: Shutting down and abandoning module Android_ATCTargetPlatform (77)
[2021.10.16-05.21.40:105][525]LogModuleManager: Shutting down and abandoning module Android_ASTCTargetPlatform (75)
[2021.10.16-05.21.40:105][525]LogModuleManager: Shutting down and abandoning module AndroidTargetPlatform (73)
[2021.10.16-05.21.40:105][525]LogModuleManager: Shutting down and abandoning module WindowsTargetPlatform (71)
[2021.10.16-05.21.40:105][525]LogModuleManager: Shutting down and abandoning module WindowsServerTargetPlatform (69)
[2021.10.16-05.21.40:105][525]LogModuleManager: Shutting down and abandoning module WindowsNoEditorTargetPlatform (67)
[2021.10.16-05.21.40:105][525]LogModuleManager: Shutting down and abandoning module WindowsClientTargetPlatform (65)
[2021.10.16-05.21.40:105][525]LogModuleManager: Shutting down and abandoning module MacTargetPlatform (63)
[2021.10.16-05.21.40:105][525]LogModuleManager: Shutting down and abandoning module MacServerTargetPlatform (61)
[2021.10.16-05.21.40:105][525]LogModuleManager: Shutting down and abandoning module MacNoEditorTargetPlatform (59)
[2021.10.16-05.21.40:105][525]LogModuleManager: Shutting down and abandoning module MacClientTargetPlatform (57)
[2021.10.16-05.21.40:105][525]LogModuleManager: Shutting down and abandoning module AllDesktopTargetPlatform (55)
[2021.10.16-05.21.40:105][525]LogModuleManager: Shutting down and abandoning module InputCore (52)
[2021.10.16-05.21.40:105][525]LogModuleManager: Shutting down and abandoning module Settings (50)
[2021.10.16-05.21.40:105][525]LogModuleManager: Shutting down and abandoning module OculusRift (48)
[2021.10.16-05.21.40:105][525]LogModuleManager: Shutting down and abandoning module GearVR (46)
[2021.10.16-05.21.40:105][525]LogModuleManager: Shutting down and abandoning module ExampleDeviceProfileSelector (44)
[2021.10.16-05.21.40:105][525]LogModuleManager: Shutting down and abandoning module OnlineBlueprintSupport (42)
[2021.10.16-05.21.40:105][525]LogModuleManager: Shutting down and abandoning module OnlineSubsystem (38)
[2021.10.16-05.21.40:105][525]LogOnline:Display: Unloading online subsystem: NULL
[2021.10.16-05.21.40:105][525]LogModuleManager: Shutting down and abandoning module XMPP (37)
[2021.10.16-05.21.40:105][525]LogModuleManager: Shutting down and abandoning module HTTP (35)
[2021.10.16-05.21.40:105][525]LogHttp:Display: Http module shutting down, but needs to wait on 1 outstanding Http requests:
[2021.10.16-05.21.40:105][525]LogHttp:Display: 	verb=[POST] url=[https://datarouter.ol.epicgames.com/datarouter/api/v1/public/data?SessionID=%7B88DE8D4B-4748-41CB-0524-57ADBB7740E5%7D&AppID=UEEditor.Rocket.Release&AppVersion=4.15.3-3450819%2B%2B%2BUE4%2BRelease-4.15&UserID=9dfc063a4c2e1cb4d4e673b1f5f33a02%7Ce895bde522544ff595ce735efd50711f%7C1057565e-951b-47bf-806e-30fe4b0a0ed1&AppEnvironment=datacollector-binary&UploadType=eteventstream] status=Processing
[2021.10.16-05.21.40:107][525]LogModuleManager: Shutting down and abandoning module SSL (34)
[2021.10.16-05.21.40:108][525]LogModuleManager: Shutting down and abandoning module AudioEditor (30)
[2021.10.16-05.21.40:108][525]LogModuleManager: Shutting down and abandoning module TextureCompressor (28)
[2021.10.16-05.21.40:108][525]LogModuleManager: Shutting down and abandoning module ShaderCore (26)
[2021.10.16-05.21.40:108][525]LogModuleManager: Shutting down and abandoning module Landscape (24)
[2021.10.16-05.21.40:108][525]LogModuleManager: Shutting down and abandoning module SlateRHIRenderer (22)
[2021.10.16-05.21.40:108][525]LogModuleManager: Shutting down and abandoning module OpenGLDrv (20)
[2021.10.16-05.21.40:108][525]LogModuleManager: Shutting down and abandoning module D3D11RHI (18)
[2021.10.16-05.21.40:108][525]LogModuleManager: Shutting down and abandoning module AnimGraphRuntime (16)
[2021.10.16-05.21.40:108][525]LogModuleManager: Shutting down and abandoning module Renderer (14)
[2021.10.16-05.21.40:109][525]LogModuleManager: Shutting down and abandoning module Engine (12)
[2021.10.16-05.21.40:109][525]LogModuleManager: Shutting down and abandoning module CoreUObject (10)
[2021.10.16-05.21.40:109][525]LogModuleManager: Shutting down and abandoning module NetworkFile (8)
[2021.10.16-05.21.40:109][525]LogModuleManager: Shutting down and abandoning module StreamingFile (6)
[2021.10.16-05.21.40:109][525]LogModuleManager: Shutting down and abandoning module SandboxFile (4)
[2021.10.16-05.21.40:109][525]LogModuleManager: Shutting down and abandoning module PakFile (2)
[2021.10.16-05.21.40:110][525]LogExit: Exiting.
[2021.10.16-05.21.40:111][525]Log file closed, 10/16/21 01:21:40
