Log file open, 10/13/21 22:33:48
LogInit:Display: Running engine for game: Pong
LogPlatformFile: Not using cached read wrapper
LogInit:Display: RandInit(-1934389522) SRandInit(-1934389522).
LogTaskGraph: Started task graph with 5 named threads and 10 total threads with 1 sets of task threads.
LogStats: Stats thread started at 0.630598
LogInit: Using libcurl 7.47.1
LogInit:  - built for x86_64-pc-win32
LogInit:  - supports SSL with OpenSSL/1.0.2g
LogInit:  - supports HTTP deflate (compression) using libz 1.2.8
LogInit:  - other features:
LogInit:      CURL_VERSION_SSL
LogInit:      CURL_VERSION_LIBZ
LogInit:      CURL_VERSION_IPV6
LogInit:      CURL_VERSION_ASYNCHDNS
LogInit:      CURL_VERSION_LARGEFILE
LogInit:      CURL_VERSION_IDN
LogInit:  CurlRequestOptions (configurable via config and command line):
LogInit:  - bVerifyPeer = false  - Libcurl will NOT verify peer certificate
LogInit:  - bUseHttpProxy = false  - Libcurl will NOT use HTTP proxy
LogInit:  - bDontReuseConnections = false  - Libcurl will reuse connections
LogInit:  - CertBundlePath = nullptr  - Libcurl will use whatever was configured at build time.
LogInit: Build: ++UE4+Release-4.15-CL-3450819
LogInit: Engine Version: 4.15.3-3450819+++UE4+Release-4.15
LogInit: Compatible Engine Version: 4.15.0-3299760+++UE4+Release-4.15
LogInit: Net CL: 3299760
LogDevObjectVersion: Number of dev versions registered: 14
LogDevObjectVersion:   Dev-Blueprints (B0D832E4-1F89-4F0D-ACCF-7EB736FD4AA2): 8
LogDevObjectVersion:   Dev-Build (E1C64328-A22C-4D53-A36C-8E866417BD8C): 0
LogDevObjectVersion:   Dev-Core (375EC13C-06E4-48FB-B500-84F0262A717E): 2
LogDevObjectVersion:   Dev-Editor (E4B068ED-F494-42E9-A231-DA0B2E46BB41): 14
LogDevObjectVersion:   Dev-Framework (CFFC743F-43B0-4480-9391-14DF171D2073): 22
LogDevObjectVersion:   Dev-Mobile (B02B49B5-BB20-44E9-A304-32B752E40360): 0
LogDevObjectVersion:   Dev-Networking (A4E4105C-59A1-49B5-A7C5-40C4547EDFEE): 0
LogDevObjectVersion:   Dev-Online (39C831C9-5AE6-47DC-9A44-9C173E1C8E7C): 0
LogDevObjectVersion:   Dev-Physics (78F01B33-EBEA-4F98-B9B4-84EACCB95AA2): 0
LogDevObjectVersion:   Dev-Platform (6631380F-2D4D-43E0-8009-CF276956A95A): 0
LogDevObjectVersion:   Dev-Rendering (12F88B9F-8875-4AFC-A67C-D90C383ABD29): 12
LogDevObjectVersion:   Dev-Sequencer (7B5AE74C-D270-4C10-A958-57980B212A5A): 3
LogDevObjectVersion:   Dev-VR (D7296918-1DD6-4BDD-9DE2-64A83CC13884): 0
LogDevObjectVersion:   Dev-LoadTimes (C2A15278-BFE7-4AFE-6C17-90FF531DF755): 1
LogInit: Compiled (64-bit): May 21 2017 11:02:34
LogInit: Compiled with Visual C++: 19.00.23026.00
LogInit: Build Configuration: Development
LogInit: Branch Name: ++UE4+Release-4.15
LogInit: Command line:  
LogInit: Base directory: C:/Program Files/Epic Games/UE_4.15/Engine/Binaries/Win64/
LogInit: Installed Engine Build: 1
LogInit: Presizing for max 8388607 objects, including 0 objects not considered by GC, pre-allocating 0 bytes for permanent pool.
LogInit: Object subsystem initialized
[2021.10.14-02.33.49:312][  0]LogInit: Selected Device Profile: [Windows]
[2021.10.14-02.33.49:312][  0]LogInit: Applying CVar settings loaded from the selected device profile: [Windows]
[2021.10.14-02.33.49:320][  0]LogInit: Computer: JADAMS2CH17
[2021.10.14-02.33.49:320][  0]LogInit: User: jadams
[2021.10.14-02.33.49:320][  0]LogInit: CPU Page size=65536, Cores=6
[2021.10.14-02.33.49:320][  0]LogInit: High frequency timer resolution =10.000000 MHz
[2021.10.14-02.33.49:321][  0]LogMemory: Memory total: Physical=31.8GB (32GB approx)
[2021.10.14-02.33.49:321][  0]LogMemory: Platform Memory Stats for Windows
[2021.10.14-02.33.49:321][  0]LogMemory: Process Physical Memory: 266.17 MB used, 266.17 MB peak
[2021.10.14-02.33.49:321][  0]LogMemory: Process Virtual Memory: 260.11 MB used, 260.11 MB peak
[2021.10.14-02.33.49:321][  0]LogMemory: Physical Memory: 11979.57 MB used,  20550.12 MB free, 32529.69 MB total
[2021.10.14-02.33.49:321][  0]LogMemory: Virtual Memory: 4764.54 MB used,  20550.12 MB free, 134217728.00 MB total
[2021.10.14-02.33.49:850][  0]LogTextLocalizationManager: No specific translations for ('en-US') exist, so ('en') translations will be used.
[2021.10.14-02.33.51:982][  0]LogD3D11RHI: D3D11 adapters:
[2021.10.14-02.33.52:094][  0]LogD3D11RHI:    0. 'NVIDIA GeForce RTX 2070' (Feature Level 11_0)
[2021.10.14-02.33.52:094][  0]LogD3D11RHI:       8031/0/16264 MB DedicatedVideo/DedicatedSystem/SharedSystem, Outputs:3, VendorId:0x10de
[2021.10.14-02.33.52:130][  0]LogD3D11RHI:    1. 'Intel(R) UHD Graphics' (Feature Level 11_0)
[2021.10.14-02.33.52:130][  0]LogD3D11RHI:       128/0/16264 MB DedicatedVideo/DedicatedSystem/SharedSystem, Outputs:0, VendorId:0x8086
[2021.10.14-02.33.52:150][  0]LogD3D11RHI:    2. 'Intel(R) UHD Graphics' (Feature Level 11_0)
[2021.10.14-02.33.52:150][  0]LogD3D11RHI:       128/0/16264 MB DedicatedVideo/DedicatedSystem/SharedSystem, Outputs:0, VendorId:0x8086
[2021.10.14-02.33.52:170][  0]LogD3D11RHI:    3. 'Intel(R) UHD Graphics' (Feature Level 11_0)
[2021.10.14-02.33.52:170][  0]LogD3D11RHI:       128/0/16264 MB DedicatedVideo/DedicatedSystem/SharedSystem, Outputs:0, VendorId:0x8086
[2021.10.14-02.33.52:172][  0]LogD3D11RHI:    4. 'Microsoft Basic Render Driver' (Feature Level 11_0)
[2021.10.14-02.33.52:172][  0]LogD3D11RHI:       0/0/16264 MB DedicatedVideo/DedicatedSystem/SharedSystem, Outputs:0, VendorId:0x1414
[2021.10.14-02.33.52:172][  0]LogD3D11RHI: Chosen D3D11 Adapter: 0
[2021.10.14-02.33.52:179][  0]LogD3D11RHI: Creating new Direct3DDevice
[2021.10.14-02.33.52:179][  0]LogD3D11RHI:     GPU DeviceId: 0x1f14 (for the marketing name, search the web for "GPU Device Id")
[2021.10.14-02.33.52:179][  0]LogWindows: EnumDisplayDevices:
[2021.10.14-02.33.52:179][  0]LogWindows:    0. 'Intel(R) UHD Graphics' (P:1 D:1)
[2021.10.14-02.33.52:179][  0]LogWindows:    1. 'Intel(R) UHD Graphics' (P:0 D:0)
[2021.10.14-02.33.52:179][  0]LogWindows:    2. 'Intel(R) UHD Graphics' (P:0 D:0)
[2021.10.14-02.33.52:179][  0]LogWindows:    3. 'NVIDIA GeForce RTX 2070' (P:0 D:0)
[2021.10.14-02.33.52:179][  0]LogWindows:    4. 'NVIDIA GeForce RTX 2070' (P:0 D:0)
[2021.10.14-02.33.52:179][  0]LogWindows:    5. 'NVIDIA GeForce RTX 2070' (P:0 D:0)
[2021.10.14-02.33.52:180][  0]LogWindows:    6. 'NVIDIA GeForce RTX 2070' (P:0 D:0)
[2021.10.14-02.33.52:180][  0]LogWindows:    7. 'DisplayLink USB Device' (P:0 D:0)
[2021.10.14-02.33.52:180][  0]LogWindows:    8. 'DisplayLink USB Device' (P:0 D:1)
[2021.10.14-02.33.52:180][  0]LogWindows:    9. 'DisplayLink USB Device' (P:0 D:1)
[2021.10.14-02.33.52:180][  0]LogWindows: DebugString: GetVideoDriverDetailsInvalid PrimaryIsNotTheChoosenAdapter GetVideoDriverDetailsInvalid PrimaryIsNotTheChoosenAdapter GetVideoDriverDetailsInvalid PrimaryIsNotTheChoosenAdapter GetVideoDriverDetailsInvalid PrimaryIsNotTheChoosenAdapter GetVideoDriverDetailsInvalid PrimaryIsNotTheChoosenAdapter GetVideoDriverDetailsInvalid PrimaryIsNotTheChoosenAdapter GetVideoDriverDetailsInvalid PrimaryIsNotTheChoosenAdapter GetVideoDriverDetailsInvalid PrimaryIsNotTheChoosenAdapter GetVideoDriverDetailsInvalid PrimaryIsNotTheChoosenAdapter GetVideoDriverDetailsInvalid PrimaryIsNotTheChoosenAdapter FoundDriverCount:0 
[2021.10.14-02.33.52:180][  0]LogD3D11RHI:     Adapter Name: NVIDIA GeForce RTX 2070
[2021.10.14-02.33.52:180][  0]LogD3D11RHI:   Driver Version: Unknown (internal:Unknown, unified:Unknown)
[2021.10.14-02.33.52:180][  0]LogD3D11RHI:      Driver Date: Unknown
[2021.10.14-02.33.52:180][  0]LogRHI: Texture pool is 1361 MB (70% of 1945 MB)
[2021.10.14-02.33.52:252][  0]LogD3D11RHI: Async texture creation enabled
[2021.10.14-02.33.52:298][  0]LogD3D11RHI: GPU Timing Frequency: 1000.000000 (Debug: 2 1)
[2021.10.14-02.33.52:306][  0]LogShaderCompilers: Guid format shader working directory is -99 characters bigger than the processId version (D:/The Tech Academy - Game Developer Boot Camp/C++ And Unreal Engine Course/Blueprint and C++ Integration in Unreal Engine 4/02-project-setup/Pong/Intermediate/Shaders/WorkingDirectory/2668/).
[2021.10.14-02.33.52:306][  0]LogShaderCompilers: Cleaned the shader compiler working directory 'C:/Users/jadams/AppData/Local/Temp/UnrealShaderWorkingDir/09BAE0E842EDCD22FCBCBDB22534EAB8/'.
[2021.10.14-02.33.52:307][  0]LogShaderCompilers:Display: Using Local Shader Compiler.
[2021.10.14-02.33.54:369][  0]LogTemp:Display: Loaded TP AllDesktopTargetPlatform
[2021.10.14-02.33.54:428][  0]LogTemp:Display: Loaded TP MacClientTargetPlatform
[2021.10.14-02.33.54:487][  0]LogTemp:Display: Loaded TP MacNoEditorTargetPlatform
[2021.10.14-02.33.54:547][  0]LogTemp:Display: Loaded TP MacServerTargetPlatform
[2021.10.14-02.33.54:612][  0]LogTemp:Display: Loaded TP MacTargetPlatform
[2021.10.14-02.33.54:675][  0]LogTemp:Display: Loaded TP WindowsClientTargetPlatform
[2021.10.14-02.33.54:738][  0]LogTemp:Display: Loaded TP WindowsNoEditorTargetPlatform
[2021.10.14-02.33.54:800][  0]LogTemp:Display: Loaded TP WindowsServerTargetPlatform
[2021.10.14-02.33.54:856][  0]LogTemp:Display: Loaded TP WindowsTargetPlatform
[2021.10.14-02.33.54:918][  0]LogTemp:Display: Loaded TP AndroidTargetPlatform
[2021.10.14-02.33.54:980][  0]LogTemp:Display: Loaded TP Android_ASTCTargetPlatform
[2021.10.14-02.33.55:042][  0]LogTemp:Display: Loaded TP Android_ATCTargetPlatform
[2021.10.14-02.33.55:106][  0]LogTemp:Display: Loaded TP Android_DXTTargetPlatform
[2021.10.14-02.33.55:169][  0]LogTemp:Display: Loaded TP Android_ETC1TargetPlatform
[2021.10.14-02.33.55:230][  0]LogTemp:Display: Loaded TP Android_ETC2TargetPlatform
[2021.10.14-02.33.55:352][  0]LogTemp:Display: Loaded TP Android_MultiTargetPlatform
[2021.10.14-02.33.55:352][  0]LogTemp:Display: Loaded TP Android_PVRTCTargetPlatform
[2021.10.14-02.33.55:399][  0]LogTemp:Display: Loaded TP HTML5TargetPlatform
[2021.10.14-02.33.55:522][  0]LogTemp:Display: Loaded TP IOSTargetPlatform
[2021.10.14-02.33.55:563][  0]LogTemp:Display: Loaded TP TVOSTargetPlatform
[2021.10.14-02.33.55:626][  0]LogTemp:Display: Loaded TP LinuxClientTargetPlatform
[2021.10.14-02.33.55:686][  0]LogTemp:Display: Loaded TP LinuxNoEditorTargetPlatform
[2021.10.14-02.33.55:745][  0]LogTemp:Display: Loaded TP LinuxServerTargetPlatform
[2021.10.14-02.33.55:806][  0]LogTemp:Display: Loaded TP LinuxTargetPlatform
[2021.10.14-02.33.55:806][  0]LogTargetPlatformManager:Display: Building Assets For Windows
[2021.10.14-02.33.56:517][  0]LogDerivedDataCache:Display: Max Cache Size: 512 MB
[2021.10.14-02.33.56:714][  0]LogDerivedDataCache: Loaded boot cache 0.20s 50MB C:/Users/jadams/AppData/Local/UnrealEngine/4.15/DerivedDataCache/Boot.ddc.
[2021.10.14-02.33.56:714][  0]LogDerivedDataCache:Display: Loaded Boot cache: C:/Users/jadams/AppData/Local/UnrealEngine/4.15/DerivedDataCache/Boot.ddc
[2021.10.14-02.33.56:714][  0]LogDerivedDataCache: FDerivedDataBackendGraph:  Pak pak cache file D:/The Tech Academy - Game Developer Boot Camp/C++ And Unreal Engine Course/Blueprint and C++ Integration in Unreal Engine 4/02-project-setup/Pong/DerivedDataCache/DDC.ddp not found, will not use a pak cache.
[2021.10.14-02.33.56:714][  0]LogDerivedDataCache: Unable to find inner node Pak for hierarchical cache Hierarchy.
[2021.10.14-02.33.56:714][  0]LogDerivedDataCache: FDerivedDataBackendGraph:  CompressedPak pak cache file D:/The Tech Academy - Game Developer Boot Camp/C++ And Unreal Engine Course/Blueprint and C++ Integration in Unreal Engine 4/02-project-setup/Pong/DerivedDataCache/Compressed.ddp not found, will not use a pak cache.
[2021.10.14-02.33.56:714][  0]LogDerivedDataCache: Unable to find inner node CompressedPak for hierarchical cache Hierarchy.
[2021.10.14-02.33.56:736][  0]LogDerivedDataCache:Display: Pak cache opened for reading ../../../Engine/DerivedDataCache/Compressed.ddp.
[2021.10.14-02.33.56:748][  0]LogDerivedDataCache: Using Local data cache path C:/Users/jadams/AppData/Local/UnrealEngine/Common/DerivedDataCache: Writable
[2021.10.14-02.33.56:774][  0]LogSlate: Using Freetype 2.6.0
[2021.10.14-02.33.56:793][  0]LogSlate: SlateFontCache - WITH_FREETYPE: 1, WITH_HARFBUZZ: 1
[2021.10.14-02.33.56:793][  0]LogSlate: SlateFontCache - WITH_FREETYPE: 1, WITH_HARFBUZZ: 1
[2021.10.14-02.33.57:710][  0]LogInit: Selected Device Profile: [Windows]
[2021.10.14-02.33.57:720][  0]LogContentStreaming: Texture pool size is 0.00 MB
[2021.10.14-02.33.58:009][  0]LogMeshUtilities: Using QuadricMeshReduction for automatic static mesh reduction
[2021.10.14-02.33.58:067][  0]LogSimplygon: Simplygon DLL not present - disabling.
[2021.10.14-02.33.58:126][  0]LogMeshUtilities: Using SimplygonSwarm for distributed automatic mesh merging
[2021.10.14-02.33.58:126][  0]LogMeshUtilities: No automatic skeletal mesh reduction module available
[2021.10.14-02.33.58:126][  0]LogMeshUtilities: No automatic mesh merging module available
[2021.10.14-02.33.59:502][  0]LogNetVersion: GetLocalNetworkVersion: CL: 3299760, ProjectName: pong, ProjectVersion: , EngineNetworkVersion: 2, GameNetworkVersion: 0, NetworkChecksum: 207199129
[2021.10.14-02.33.59:570][  0]LogAssetRegistry: FAssetRegistry took 0.0252 seconds to start up
[2021.10.14-02.33.59:620][  0]LogPackageLocalizationCache: Processed 3 localized package path(s) for 2 prioritized culture(s) in 0.017626 seconds
[2021.10.14-02.33.59:624][  0]LogUObjectArray: 32493 objects as part of root set at end of initial load.
[2021.10.14-02.33.59:624][  0]LogUObjectAllocator: 7077032 out of 0 bytes used by permanent object pool.
[2021.10.14-02.33.59:624][  0]LogUObjectArray: CloseDisregardForGC: 0/0 objects in disregard for GC pool
[2021.10.14-02.33.59:717][  0]LogInit: WinSock: version 1.1 (2.2), MaxSocks=32767, MaxUdp=65467
[2021.10.14-02.34.02:492][  0]LogTcpMessaging: Initializing TcpMessaging bridge
[2021.10.14-02.34.02:545][  0]LogUdpMessaging: Initializing bridge on interface 0.0.0.0:0 to multicast group 230.0.0.1:6666.
[2021.10.14-02.34.03:174][  0]LogMaterial: Uniform references updated for custom material expression Custom.
[2021.10.14-02.34.03:645][  0]SourceControl: Info Source control is disabled
[2021.10.14-02.34.03:703][  0]SourceControl: Info Source control is disabled
[2021.10.14-02.34.03:772][  0]SourceControl: Info Source control is disabled
[2021.10.14-02.34.03:836][  0]SourceControl: Info Source control is disabled
[2021.10.14-02.34.05:498][  0]LogEngine: Initializing Engine...
[2021.10.14-02.34.05:499][  0]LogHMD: Failed to initialize OpenVR with code 110
[2021.10.14-02.34.05:585][  0]LogStats: UGameplayTagsManager::ConstructGameplayTagTree: Construct from data asset -  0.000 s
[2021.10.14-02.34.05:586][  0]LogStats: UGameplayTagsManager::ConstructGameplayTagTree: GameplayTagTreeChangedEvent.Broadcast -  0.000 s
[2021.10.14-02.34.05:773][  0]LogAIModule: Creating AISystem for world Untitled
[2021.10.14-02.34.05:868][  0]LogInit: XAudio2 using 'Speakers (Dell USB Audio)' : 2 channels at 48 kHz using 16 bits per sample (channel mask 0x3)
[2021.10.14-02.34.05:922][  0]LogInit: FAudioDevice initialized.
[2021.10.14-02.34.05:940][  0]LogDerivedDataCache: Saved boot cache 0.02s 50MB C:/Users/jadams/AppData/Local/UnrealEngine/4.15/DerivedDataCache/Boot.ddc.
[2021.10.14-02.34.05:944][  0]LogInit: Texture streaming: Enabled
[2021.10.14-02.34.06:093][  0]LogEngineSessionManager: EngineSessionManager initialized
[2021.10.14-02.34.06:093][  0]LogEngineSessionManager: EngineSessionManager sent abnormal shutdown report. Type=Debugger, SessionId={C3C275B5-4C7A-2076-3866-A7BD3DCB16BA}
[2021.10.14-02.34.06:093][  0]LogEngineSessionManager: EngineSessionManager sent abnormal shutdown report. Type=Debugger, SessionId={17FEA8CB-4E62-BDC7-0A51-18B081747E77}
[2021.10.14-02.34.06:222][  0]LogInit: Transaction tracking system initialized
[2021.10.14-02.34.06:699][  0]BlueprintLog: New page: Editor Load
[2021.10.14-02.34.07:940][  0]LocalizationService: Info Localization service is disabled
[2021.10.14-02.34.08:877][  0]LogConsoleResponse:Display: 
[2021.10.14-02.34.09:027][  0]LogFileCache: Scanning file cache for directory 'D:/The Tech Academy - Game Developer Boot Camp/C++ And Unreal Engine Course/Blueprint and C++ Integration in Unreal Engine 4/02-project-setup/Pong/Content/' took 0.01s
[2021.10.14-02.34.09:027][  0]LogCook:Display: Max memory allowance for cook 16384mb min free memory 0mb
[2021.10.14-02.34.09:027][  0]LogCook:Display: Mobile HDR setting 1
[2021.10.14-02.34.10:373][  0]SourceControl: Info Source control is disabled
[2021.10.14-02.34.10:381][  0]LightingResults: New page: Lighting Build
[2021.10.14-02.34.10:440][  0]MapCheck: New page: Map Check
[2021.10.14-02.34.10:441][  0]LightingResults: New page: Lighting Build
[2021.10.14-02.34.10:507][  0]LogTexture:Display: Building textures: BG (BGRA8, 2400X1350) - 45 MB total VRAM
[2021.10.14-02.34.10:712][  0]LogAIModule: Creating AISystem for world Main
[2021.10.14-02.34.10:743][  0]LogEditorServer: Finished looking for orphan Actors (0.000 secs)
[2021.10.14-02.34.10:747][  0]Cmd: MAP CHECKDEP NOCLEARLOG
[2021.10.14-02.34.10:778][  0]MapCheck: Info Map check complete: 0 Error(s), 0 Warning(s), took 31.846ms to complete.
[2021.10.14-02.34.10:778][  0]LogFileHelpers: Loading map 'Main' took 0.403
[2021.10.14-02.34.11:038][  0]LogCollectionManager: Loaded 0 collections in 0.001152 seconds
[2021.10.14-02.34.11:147][  0]LogFileCache: Scanning file cache for directory 'D:/The Tech Academy - Game Developer Boot Camp/C++ And Unreal Engine Course/Blueprint and C++ Integration in Unreal Engine 4/02-project-setup/Pong/Saved/Collections/' took 0.01s
[2021.10.14-02.34.11:147][  0]LogFileCache: Scanning file cache for directory 'D:/The Tech Academy - Game Developer Boot Camp/C++ And Unreal Engine Course/Blueprint and C++ Integration in Unreal Engine 4/02-project-setup/Pong/Content/Developers/jadams/Collections/' took 0.01s
[2021.10.14-02.34.11:147][  0]LogFileCache: Scanning file cache for directory 'D:/The Tech Academy - Game Developer Boot Camp/C++ And Unreal Engine Course/Blueprint and C++ Integration in Unreal Engine 4/02-project-setup/Pong/Content/Collections/' took 0.01s
[2021.10.14-02.34.11:147][  0]LogCollectionManager: Rebuilt the GUID cache for 0 collections in 0.000002 seconds
[2021.10.14-02.34.11:157][  0]LogContentBrowser: Native class hierarchy populated in 0.0076 seconds. Added 2245 classes and 453 folders.
[2021.10.14-02.34.11:247][  0]LogContentBrowser: Native class hierarchy updated for 'WidgetCarousel' in 0.0005 seconds. Added 0 classes and 0 folders.
[2021.10.14-02.34.11:520][  0]LogContentBrowser: Native class hierarchy updated for 'AddContentDialog' in 0.0004 seconds. Added 0 classes and 0 folders.
[2021.10.14-02.34.11:581][  0]LogContentBrowser: Native class hierarchy updated for 'SceneOutliner' in 0.0004 seconds. Added 1 classes and 2 folders.
[2021.10.14-02.34.11:760][  0]LogCrashTracker: Crashtracker disabled due to settings.
[2021.10.14-02.34.11:780][  0]LogUObjectGlobals:Warning: Failed to find object 'Class None.'
[2021.10.14-02.34.11:877][  0]LogContentBrowser: Native class hierarchy updated for 'HierarchicalLODOutliner' in 0.0005 seconds. Added 1 classes and 2 folders.
[2021.10.14-02.34.11:878][  0]LogLoad: (Engine Initialization) Total time: 25.82 seconds
[2021.10.14-02.34.11:878][  0]LogLoad: (Engine Initialization) Total Blueprint compile time: 0.09 seconds
[2021.10.14-02.34.11:878][  0]LogExternalProfiler: No external profilers were discovered.  External profiling features will not be available.
[2021.10.14-02.34.11:896][  0]LogOcInput: OculusInput pre-init called
[2021.10.14-02.34.11:923][  0]LogContentStreaming: Texture pool size now 1000 MB
[2021.10.14-02.34.11:936][  0]LogSlate: Took 0.008453 seconds to synchronously load lazily loaded font '../../../Engine/Content/Slate/Fonts/Roboto-Regular.ttf' (155K)
[2021.10.14-02.34.11:945][  0]LogSlate: Took 0.006409 seconds to synchronously load lazily loaded font '../../../Engine/Content/Slate/Fonts/Roboto-Bold.ttf' (160K)
[2021.10.14-02.34.11:960][  0]LogSlate: Took 0.008654 seconds to synchronously load lazily loaded font '../../../Engine/Content/Editor/Slate/Fonts/FontAwesome.ttf' (139K)
[2021.10.14-02.34.12:134][  0]LogSlate: Took 0.004977 seconds to synchronously load lazily loaded font '../../../Engine/Content/Slate/Fonts/Roboto-Light.ttf' (159K)
[2021.10.14-02.34.12:179][  0]LogRenderer: Reallocating scene render targets to support 964x660 NumSamples 1 (Frame:2).
[2021.10.14-02.34.12:273][  1]LogAssetRegistry: Asset discovery search completed in 12.7261 seconds
[2021.10.14-02.34.12:273][  1]LogCollectionManager: Rebuilt the object cache for 0 collections in 0.000005 seconds (found 0 objects)
[2021.10.14-02.34.12:273][  1]LogCollectionManager: Fixed up redirectors for 0 collections in 0.000016 seconds (updated 0 objects)
[2021.10.14-02.38.38:612][861]LogTemp: Repeting last play command: Selected Viewport
[2021.10.14-02.38.38:621][861]LogPlayLevel: PlayLevel: No blueprints needed recompiling
[2021.10.14-02.38.38:622][861]PIE: New page: PIE session: Main (Oct 13, 2021, 6:38:38 PM)
[2021.10.14-02.38.38:622][861]LogPlayLevel: Creating play world package: /Game/Maps/UEDPIE_0_Main
[2021.10.14-02.38.38:625][861]LogPlayLevel: PIE: StaticDuplicateObject took: (0.002298s)
[2021.10.14-02.38.38:626][861]LogAIModule: Creating AISystem for world Main
[2021.10.14-02.38.38:626][861]LogPlayLevel: PIE: World Init took: (0.001075s)
[2021.10.14-02.38.38:626][861]LogPlayLevel: PIE: Created PIE world by copying editor world from /Game/Maps/Main.Main to /Game/Maps/UEDPIE_0_Main.Main (0.003915s)
[2021.10.14-02.38.38:650][861]LogInit: XAudio2 using 'Speakers (Dell USB Audio)' : 2 channels at 48 kHz using 16 bits per sample (channel mask 0x3)
[2021.10.14-02.38.38:659][861]LogInit: FAudioDevice initialized.
[2021.10.14-02.38.38:706][861]LogLoad: Game class is 'GameModeBase'
[2021.10.14-02.38.38:709][861]LogWorld: Bringing World /Game/Maps/UEDPIE_0_Main.Main up for play (max tick rate 60) at 2021.10.13-22.38.38
[2021.10.14-02.38.38:710][861]LogWorld: Bringing up level for play took: 0.001194
[2021.10.14-02.38.38:771][861]LogContentBrowser: Native class hierarchy updated for 'MovieSceneCapture' in 0.0005 seconds. Added 11 classes and 0 folders.
[2021.10.14-02.38.38:774][861]PIE: Info Play in editor start time for /Game/Maps/UEDPIE_0_Main -0.396
[2021.10.14-02.38.53:961][756]LogEditorViewport: Clicking on Actor (LMB): PaperSpriteActor (BG_Sprite)
[2021.10.14-02.38.55:366][834]LogEditorViewport: Clicking Background
[2021.10.14-02.38.57:632][970]LogTemp: Repeting last play command: Selected Viewport
[2021.10.14-02.38.57:639][970]LogPlayLevel: PlayLevel: No blueprints needed recompiling
[2021.10.14-02.38.57:640][970]PIE: New page: PIE session: Main (Oct 13, 2021, 6:38:57 PM)
[2021.10.14-02.38.57:640][970]LogPlayLevel: Creating play world package: /Game/Maps/UEDPIE_0_Main
[2021.10.14-02.38.57:641][970]LogPlayLevel: PIE: StaticDuplicateObject took: (0.000853s)
[2021.10.14-02.38.57:641][970]LogAIModule: Creating AISystem for world Main
[2021.10.14-02.38.57:641][970]LogPlayLevel: PIE: World Init took: (0.000647s)
[2021.10.14-02.38.57:641][970]LogPlayLevel: PIE: Created PIE world by copying editor world from /Game/Maps/Main.Main to /Game/Maps/UEDPIE_0_Main.Main (0.001674s)
[2021.10.14-02.38.57:662][970]LogInit: XAudio2 using 'Speakers (Dell USB Audio)' : 2 channels at 48 kHz using 16 bits per sample (channel mask 0x3)
[2021.10.14-02.38.57:666][970]LogInit: FAudioDevice initialized.
[2021.10.14-02.38.57:703][970]LogLoad: Game class is 'GameModeBase'
[2021.10.14-02.38.57:706][970]LogWorld: Bringing World /Game/Maps/UEDPIE_0_Main.Main up for play (max tick rate 60) at 2021.10.13-22.38.57
[2021.10.14-02.38.57:706][970]LogWorld: Bringing up level for play took: 0.001191
[2021.10.14-02.38.57:707][970]PIE: Info Play in editor start time for /Game/Maps/UEDPIE_0_Main 0.537
[2021.10.14-02.40.36:868][431]LogEditorViewport: Clicking on Actor (LMB): PaperSpriteActor (BG_Sprite)
[2021.10.14-02.40.38:351][516]LogEditorViewport: Clicking Background
[2021.10.14-02.41.13:439][613]LogSlate: Took 0.000424 seconds to synchronously load lazily loaded font '../../../Engine/Content/Slate/Fonts/Roboto-Light.ttf' (159K)
[2021.10.14-02.41.13:494][613]LogSlate: Took 0.010139 seconds to synchronously load lazily loaded font '../../../Engine/Content/Editor/Slate/Fonts/Roboto-BoldCondensed.ttf' (158K)
[2021.10.14-02.41.48:687][696]Running C:/Program Files/Epic Games/UE_4.15/Engine/Binaries/DotNET/UnrealBuildTool.exe  -projectfiles -project="D:/The Tech Academy - Game Developer Boot Camp/C++ And Unreal Engine Course/Blueprint and C++ Integration in Unreal Engine 4/02-project-setup/Pong/Pong.uproject" -game -rocket -progress
[2021.10.14-02.41.48:993][696]Discovering modules, targets and source code for project...
[2021.10.14-02.41.55:737][696]LogSlate: Took 0.000121 seconds to synchronously load lazily loaded font '../../../Engine/Content/Slate/Fonts/Roboto-Regular.ttf' (155K)
[2021.10.14-02.41.56:358][696]LogHotReload: Recompiling module Pong...
[2021.10.14-02.41.56:363][696]LogVSAccessor:Warning: Couldn't access Visual Studio
[2021.10.14-02.41.56:377][696]Recompiling Pong...
[2021.10.14-02.41.56:377][696]Launching UnrealBuildTool... [C:/Program Files/Epic Games/UE_4.15/Engine/Binaries/DotNET/UnrealBuildTool.exe Pong -Module Pong Win64 Development -editorrecompile -canskiplink "D:/The Tech Academy - Game Developer Boot Camp/C++ And Unreal Engine Course/Blueprint and C++ Integration in Unreal Engine 4/02-project-setup/Pong/Pong.uproject" ]
[2021.10.14-02.42.45:127][696]Performing full C++ include scan (hot reloading a new target)
Compiling game modules for hot reload
Parsing headers for PongEditor
  Running UnrealHeaderTool "D:\The Tech Academy - Game Developer Boot Camp\C++ And Unreal Engine Course\Blueprint and C++ Integration in Unreal Engine 4\02-project-setup\Pong\Pong.uproject" "D:\The Tech Academy - Game Developer Boot Camp\C++ And Unreal Engine Course\Blueprint and C++ Integration in Unreal Engine 4\02-project-setup\Pong\Intermediate\Build\Win64\PongEditor\Development\PongEditor.uhtmanifest" -LogCmds="loginit warning, logexit warning, logdatabase error" -Unattended -WarningsAsErrors -installed
Reflection code generated for PongEditor in 2.8985346 seconds
Performing 8 actions (9 in parallel)
[2/8] Resource ModuleVersionResource.rc.inl
[3/8] Resource PCLaunch.rc
PCH.Pong.cpp
PongGameMode.cpp
Pong.generated.cpp
Pong.cpp
[7/8] Link UE4Editor-Pong.dll
[8/8] Link UE4Editor-Pong.lib
   Creating library D:\The Tech Academy - Game Developer Boot Camp\C++ And Unreal Engine Course\Blueprint and C++ Integration in Unreal Engine 4\02-project-setup\Pong\Intermediate\Build\Win64\UE4Editor\Development\UE4Editor-Pong.lib and object D:\The Tech Academy - Game Developer Boot Camp\C++ And Unreal Engine Course\Blueprint and C++ Integration in Unreal Engine 4\02-project-setup\Pong\Intermediate\Build\Win64\UE4Editor\Development\UE4Editor-Pong.exp
   Creating library D:\The Tech Academy - Game Developer Boot Camp\C++ And Unreal Engine Course\Blueprint and C++ Integration in Unreal Engine 4\02-project-setup\Pong\Intermediate\Build\Win64\UE4Editor\Development\UE4Editor-Pong.suppressed.lib and object D:\The Tech Academy - Game Developer Boot Camp\C++ And Unreal Engine Course\Blueprint and C++ Integration in Unreal Engine 4\02-project-setup\Pong\Intermediate\Build\Win64\UE4Editor\Development\UE4Editor-Pong.suppressed.exp
Total build time: 48.50 seconds (Local executor: 27.66 seconds)

[2021.10.14-02.42.45:127][696]CompilerResultsLog: New page: Compilation - Oct 13, 2021, 6:42:45 PM
[2021.10.14-02.42.45:127][696]CompilerResultsLog: Info Performing full C++ include scan (hot reloading a new target)
[2021.10.14-02.42.45:127][696]CompilerResultsLog: Info Compiling game modules for hot reload
[2021.10.14-02.42.45:127][696]CompilerResultsLog: Info Parsing headers for PongEditor
[2021.10.14-02.42.45:127][696]CompilerResultsLog: Info   Running UnrealHeaderTool "D:\The Tech Academy - Game Developer Boot Camp\C++ And Unreal Engine Course\Blueprint and C++ Integration in Unreal Engine 4\02-project-setup\Pong\Pong.uproject" "D:\The Tech Academy - Game Developer Boot Camp\C++ And Unreal Engine Course\Blueprint and C++ Integration in Unreal Engine 4\02-project-setup\Pong\Intermediate\Build\Win64\PongEditor\Development\PongEditor.uhtmanifest" -LogCmds="loginit warning, logexit warning, logdatabase error" -Unattended -WarningsAsErrors -installed
[2021.10.14-02.42.45:127][696]CompilerResultsLog: Info Reflection code generated for PongEditor in 2.8985346 seconds
[2021.10.14-02.42.45:127][696]CompilerResultsLog: Info Performing 8 actions (9 in parallel)
[2021.10.14-02.42.45:127][696]CompilerResultsLog: Info [2/8] Resource ModuleVersionResource.rc.inl
[2021.10.14-02.42.45:127][696]CompilerResultsLog: Info [3/8] Resource PCLaunch.rc
[2021.10.14-02.42.45:127][696]CompilerResultsLog: Info PCH.Pong.cpp
[2021.10.14-02.42.45:127][696]CompilerResultsLog: Info PongGameMode.cpp
[2021.10.14-02.42.45:127][696]CompilerResultsLog: Info Pong.generated.cpp
[2021.10.14-02.42.45:127][696]CompilerResultsLog: Info Pong.cpp
[2021.10.14-02.42.45:127][696]CompilerResultsLog: Info [7/8] Link UE4Editor-Pong.dll
[2021.10.14-02.42.45:127][696]CompilerResultsLog: Info [8/8] Link UE4Editor-Pong.lib
[2021.10.14-02.42.45:127][696]CompilerResultsLog: Info    Creating library D:\The Tech Academy - Game Developer Boot Camp\C++ And Unreal Engine Course\Blueprint and C++ Integration in Unreal Engine 4\02-project-setup\Pong\Intermediate\Build\Win64\UE4Editor\Development\UE4Editor-Pong.lib and object D:\The Tech Academy - Game Developer Boot Camp\C++ And Unreal Engine Course\Blueprint and C++ Integration in Unreal Engine 4\02-project-setup\Pong\Intermediate\Build\Win64\UE4Editor\Development\UE4Editor-Pong.exp
[2021.10.14-02.42.45:127][696]CompilerResultsLog: Info    Creating library D:\The Tech Academy - Game Developer Boot Camp\C++ And Unreal Engine Course\Blueprint and C++ Integration in Unreal Engine 4\02-project-setup\Pong\Intermediate\Build\Win64\UE4Editor\Development\UE4Editor-Pong.suppressed.lib and object D:\The Tech Academy - Game Developer Boot Camp\C++ And Unreal Engine Course\Blueprint and C++ Integration in Unreal Engine 4\02-project-setup\Pong\Intermediate\Build\Win64\UE4Editor\Development\UE4Editor-Pong.suppressed.exp
[2021.10.14-02.42.45:127][696]CompilerResultsLog: Info Total build time: 48.50 seconds (Local executor: 27.66 seconds)
[2021.10.14-02.42.45:127][696]LogMainFrame: MainFrame: Module compiling took 48.765 seconds
[2021.10.14-02.42.45:127][696]Reloading module Pong after successful compile.
[2021.10.14-02.42.45:200][696]LogContentBrowser: Native class hierarchy updated for 'Pong' in 0.0008 seconds. Added 1 classes and 2 folders.
[2021.10.14-02.42.45:210][696]LogContentBrowser: Native class hierarchy populated in 0.0075 seconds. Added 2248 classes and 459 folders.
[2021.10.14-02.43.02:593][701]LogVSAccessor:Warning: Couldn't goto line number '0' in 'D:/The Tech Academy - Game Developer Boot Camp/C++ And Unreal Engine Course/Blueprint and C++ Integration in Unreal Engine 4/02-project-setup/Pong/Source/Pong/PongGameMode.h'
[2021.10.14-02.43.02:626][701]LogVSAccessor:Warning: Couldn't goto line number '0' in 'D:/The Tech Academy - Game Developer Boot Camp/C++ And Unreal Engine Course/Blueprint and C++ Integration in Unreal Engine 4/02-project-setup/Pong/Source/Pong/PongGameMode.cpp'
[2021.10.14-02.44.31:766][752]Running C:/Program Files/Epic Games/UE_4.15/Engine/Binaries/DotNET/UnrealBuildTool.exe Pong Win64 Development -editorrecompile "D:/The Tech Academy - Game Developer Boot Camp/C++ And Unreal Engine Course/Blueprint and C++ Integration in Unreal Engine 4/02-project-setup/Pong/Pong.uproject" -invalidatemakefilesonly
[2021.10.14-02.44.32:170][752]Invalidating makefiles only in this run.
[2021.10.14-02.44.32:490][752]Recompiling Pong...
[2021.10.14-02.44.32:490][752]Launching UnrealBuildTool... [C:/Program Files/Epic Games/UE_4.15/Engine/Binaries/DotNET/UnrealBuildTool.exe Pong -ModuleWithSuffix Pong 7639 Win64 Development -editorrecompile -canskiplink "D:/The Tech Academy - Game Developer Boot Camp/C++ And Unreal Engine Course/Blueprint and C++ Integration in Unreal Engine 4/02-project-setup/Pong/Pong.uproject" ]
[2021.10.14-02.44.41:120][752]CompilerResultsLog: New page: Compilation - Oct 13, 2021, 6:44:41 PM
[2021.10.14-02.44.41:120][752]CompilerResultsLog: Info Compiling game modules for hot reload
[2021.10.14-02.44.41:120][752]CompilerResultsLog: Info Parsing headers for PongEditor
[2021.10.14-02.44.41:120][752]CompilerResultsLog: Info   Running UnrealHeaderTool "D:\The Tech Academy - Game Developer Boot Camp\C++ And Unreal Engine Course\Blueprint and C++ Integration in Unreal Engine 4\02-project-setup\Pong\Pong.uproject" "D:\The Tech Academy - Game Developer Boot Camp\C++ And Unreal Engine Course\Blueprint and C++ Integration in Unreal Engine 4\02-project-setup\Pong\Intermediate\Build\Win64\PongEditor\Development\PongEditor.uhtmanifest" -LogCmds="loginit warning, logexit warning, logdatabase error" -Unattended -WarningsAsErrors -installed
[2021.10.14-02.44.41:120][752]CompilerResultsLog: Info Reflection code generated for PongEditor in 3.301167 seconds
[2021.10.14-02.44.41:120][752]CompilerResultsLog: Info Performing 4 actions (9 in parallel)
[2021.10.14-02.44.41:120][752]CompilerResultsLog: Info Ball.cpp
[2021.10.14-02.44.41:120][752]CompilerResultsLog: Info Pong.generated.cpp
[2021.10.14-02.44.41:120][752]CompilerResultsLog: Info [3/4] Link UE4Editor-Pong-7639.dll
[2021.10.14-02.44.41:120][752]CompilerResultsLog: Info [4/4] Link UE4Editor-Pong-7639.lib
[2021.10.14-02.44.41:120][752]CompilerResultsLog: Info    Creating library D:\The Tech Academy - Game Developer Boot Camp\C++ And Unreal Engine Course\Blueprint and C++ Integration in Unreal Engine 4\02-project-setup\Pong\Intermediate\Build\Win64\UE4Editor\Development\UE4Editor-Pong-7639.lib and object D:\The Tech Academy - Game Developer Boot Camp\C++ And Unreal Engine Course\Blueprint and C++ Integration in Unreal Engine 4\02-project-setup\Pong\Intermediate\Build\Win64\UE4Editor\Development\UE4Editor-Pong-7639.exp
[2021.10.14-02.44.41:120][752]CompilerResultsLog: Info    Creating library D:\The Tech Academy - Game Developer Boot Camp\C++ And Unreal Engine Course\Blueprint and C++ Integration in Unreal Engine 4\02-project-setup\Pong\Intermediate\Build\Win64\UE4Editor\Development\UE4Editor-Pong-7639.suppressed.lib and object D:\The Tech Academy - Game Developer Boot Camp\C++ And Unreal Engine Course\Blueprint and C++ Integration in Unreal Engine 4\02-project-setup\Pong\Intermediate\Build\Win64\UE4Editor\Development\UE4Editor-Pong-7639.suppressed.exp
[2021.10.14-02.44.41:120][752]CompilerResultsLog: Info Total build time: 8.31 seconds (Local executor: 2.77 seconds)
[2021.10.14-02.44.41:120][752]LogMainFrame: MainFrame: Module compiling took 8.637 seconds
[2021.10.14-02.44.41:235][752]LogClass: Could not find existing class Ball in package /Script/Pong for HotReload, assuming new class
[2021.10.14-02.44.41:239][752]LogContentBrowser: Native class hierarchy updated for 'Pong' in 0.0011 seconds. Added 2 classes and 2 folders.
[2021.10.14-02.44.41:240][752]Display: HotReload successful (0 functions remapped  0 scriptstructs remapped)
[2021.10.14-02.44.41:330][752]LogContentBrowser: Native class hierarchy populated in 0.0125 seconds. Added 2249 classes and 459 folders.
[2021.10.14-02.44.41:330][752]Display: HotReload took  9.1s.
[2021.10.14-02.44.41:331][752]Warning: HotReload operation took  9.1s.
[2021.10.14-02.44.41:599][752]LogVSAccessor:Warning: Couldn't goto line number '0' in 'D:/The Tech Academy - Game Developer Boot Camp/C++ And Unreal Engine Course/Blueprint and C++ Integration in Unreal Engine 4/02-project-setup/Pong/Source/Pong/Ball.h'
[2021.10.14-02.44.41:676][752]LogVSAccessor:Warning: Couldn't goto line number '0' in 'D:/The Tech Academy - Game Developer Boot Camp/C++ And Unreal Engine Course/Blueprint and C++ Integration in Unreal Engine 4/02-project-setup/Pong/Source/Pong/Ball.cpp'
[2021.10.14-02.44.41:698][752]LogHotReload: New module detected: UE4Editor-Pong-7639.dll
[2021.10.14-02.44.41:778][753]LogHotReload: Starting Hot-Reload from IDE
[2021.10.14-02.44.41:948][753]LogContentBrowser: Native class hierarchy updated for 'Pong' in 0.0012 seconds. Added 2 classes and 2 folders.
[2021.10.14-02.44.41:949][753]Display: HotReload successful (0 functions remapped  0 scriptstructs remapped)
[2021.10.14-02.44.41:967][753]LogContentBrowser: Native class hierarchy populated in 0.0159 seconds. Added 2249 classes and 459 folders.
[2021.10.14-02.44.41:974][753]Display: HotReload took  0.2s.
[2021.10.14-02.45.07:308][680]Running C:/Program Files/Epic Games/UE_4.15/Engine/Binaries/DotNET/UnrealBuildTool.exe Pong Win64 Development -editorrecompile "D:/The Tech Academy - Game Developer Boot Camp/C++ And Unreal Engine Course/Blueprint and C++ Integration in Unreal Engine 4/02-project-setup/Pong/Pong.uproject" -invalidatemakefilesonly
[2021.10.14-02.45.07:714][680]Invalidating makefiles only in this run.
[2021.10.14-02.45.08:015][680]Recompiling Pong...
[2021.10.14-02.45.08:015][680]Launching UnrealBuildTool... [C:/Program Files/Epic Games/UE_4.15/Engine/Binaries/DotNET/UnrealBuildTool.exe Pong -ModuleWithSuffix Pong 4809 Win64 Development -editorrecompile -canskiplink "D:/The Tech Academy - Game Developer Boot Camp/C++ And Unreal Engine Course/Blueprint and C++ Integration in Unreal Engine 4/02-project-setup/Pong/Pong.uproject" ]
[2021.10.14-02.45.16:921][680]CompilerResultsLog: New page: Compilation - Oct 13, 2021, 6:45:16 PM
[2021.10.14-02.45.16:921][680]CompilerResultsLog: Info Compiling game modules for hot reload
[2021.10.14-02.45.16:921][680]CompilerResultsLog: Info Parsing headers for PongEditor
[2021.10.14-02.45.16:921][680]CompilerResultsLog: Info   Running UnrealHeaderTool "D:\The Tech Academy - Game Developer Boot Camp\C++ And Unreal Engine Course\Blueprint and C++ Integration in Unreal Engine 4\02-project-setup\Pong\Pong.uproject" "D:\The Tech Academy - Game Developer Boot Camp\C++ And Unreal Engine Course\Blueprint and C++ Integration in Unreal Engine 4\02-project-setup\Pong\Intermediate\Build\Win64\PongEditor\Development\PongEditor.uhtmanifest" -LogCmds="loginit warning, logexit warning, logdatabase error" -Unattended -WarningsAsErrors -installed
[2021.10.14-02.45.16:921][680]CompilerResultsLog: Info Reflection code generated for PongEditor in 3.4808189 seconds
[2021.10.14-02.45.16:921][680]CompilerResultsLog: Info Performing 4 actions (9 in parallel)
[2021.10.14-02.45.16:921][680]CompilerResultsLog: Info Boundary.cpp
[2021.10.14-02.45.16:921][680]CompilerResultsLog: Info Pong.generated.cpp
[2021.10.14-02.45.16:921][680]CompilerResultsLog: Info [3/4] Link UE4Editor-Pong-4809.dll
[2021.10.14-02.45.16:921][680]CompilerResultsLog: Info [4/4] Link UE4Editor-Pong-4809.lib
[2021.10.14-02.45.16:921][680]CompilerResultsLog: Info    Creating library D:\The Tech Academy - Game Developer Boot Camp\C++ And Unreal Engine Course\Blueprint and C++ Integration in Unreal Engine 4\02-project-setup\Pong\Intermediate\Build\Win64\UE4Editor\Development\UE4Editor-Pong-4809.lib and object D:\The Tech Academy - Game Developer Boot Camp\C++ And Unreal Engine Course\Blueprint and C++ Integration in Unreal Engine 4\02-project-setup\Pong\Intermediate\Build\Win64\UE4Editor\Development\UE4Editor-Pong-4809.exp
[2021.10.14-02.45.16:921][680]CompilerResultsLog: Info    Creating library D:\The Tech Academy - Game Developer Boot Camp\C++ And Unreal Engine Course\Blueprint and C++ Integration in Unreal Engine 4\02-project-setup\Pong\Intermediate\Build\Win64\UE4Editor\Development\UE4Editor-Pong-4809.suppressed.lib and object D:\The Tech Academy - Game Developer Boot Camp\C++ And Unreal Engine Course\Blueprint and C++ Integration in Unreal Engine 4\02-project-setup\Pong\Intermediate\Build\Win64\UE4Editor\Development\UE4Editor-Pong-4809.suppressed.exp
[2021.10.14-02.45.16:921][680]CompilerResultsLog: Info Total build time: 8.58 seconds (Local executor: 2.87 seconds)
[2021.10.14-02.45.16:921][680]LogMainFrame: MainFrame: Module compiling took 8.913 seconds
[2021.10.14-02.45.17:035][680]LogClass: Could not find existing class Boundary in package /Script/Pong for HotReload, assuming new class
[2021.10.14-02.45.17:038][680]LogContentBrowser: Native class hierarchy updated for 'Pong' in 0.0011 seconds. Added 3 classes and 2 folders.
[2021.10.14-02.45.17:039][680]Display: HotReload successful (0 functions remapped  0 scriptstructs remapped)
[2021.10.14-02.45.17:069][680]LogContentBrowser: Native class hierarchy populated in 0.0100 seconds. Added 2250 classes and 459 folders.
[2021.10.14-02.45.17:069][680]Display: HotReload took  9.2s.
[2021.10.14-02.45.17:070][680]Warning: HotReload operation took  9.2s.
[2021.10.14-02.45.17:611][680]LogVSAccessor:Warning: Couldn't goto line number '0' in 'D:/The Tech Academy - Game Developer Boot Camp/C++ And Unreal Engine Course/Blueprint and C++ Integration in Unreal Engine 4/02-project-setup/Pong/Source/Pong/Boundary.h'
[2021.10.14-02.45.17:725][680]LogVSAccessor:Warning: Couldn't goto line number '0' in 'D:/The Tech Academy - Game Developer Boot Camp/C++ And Unreal Engine Course/Blueprint and C++ Integration in Unreal Engine 4/02-project-setup/Pong/Source/Pong/Boundary.cpp'
[2021.10.14-02.45.17:743][680]LogHotReload: New module detected: UE4Editor-Pong-4809.dll
[2021.10.14-02.45.17:843][681]LogHotReload: Starting Hot-Reload from IDE
[2021.10.14-02.45.18:010][681]LogContentBrowser: Native class hierarchy updated for 'Pong' in 0.0012 seconds. Added 3 classes and 2 folders.
[2021.10.14-02.45.18:013][681]Display: HotReload successful (0 functions remapped  0 scriptstructs remapped)
[2021.10.14-02.45.18:026][681]LogContentBrowser: Native class hierarchy populated in 0.0106 seconds. Added 2250 classes and 459 folders.
[2021.10.14-02.45.18:032][681]Display: HotReload took  0.2s.
[2021.10.14-02.45.41:224][902]Running C:/Program Files/Epic Games/UE_4.15/Engine/Binaries/DotNET/UnrealBuildTool.exe Pong Win64 Development -editorrecompile "D:/The Tech Academy - Game Developer Boot Camp/C++ And Unreal Engine Course/Blueprint and C++ Integration in Unreal Engine 4/02-project-setup/Pong/Pong.uproject" -invalidatemakefilesonly
[2021.10.14-02.45.41:630][902]Invalidating makefiles only in this run.
[2021.10.14-02.45.41:910][902]Recompiling Pong...
[2021.10.14-02.45.41:910][902]Launching UnrealBuildTool... [C:/Program Files/Epic Games/UE_4.15/Engine/Binaries/DotNET/UnrealBuildTool.exe Pong -ModuleWithSuffix Pong 9305 Win64 Development -editorrecompile -canskiplink "D:/The Tech Academy - Game Developer Boot Camp/C++ And Unreal Engine Course/Blueprint and C++ Integration in Unreal Engine 4/02-project-setup/Pong/Pong.uproject" ]
[2021.10.14-02.46.18:780][902]CompilerResultsLog: New page: Compilation - Oct 13, 2021, 6:46:18 PM
[2021.10.14-02.46.18:780][902]CompilerResultsLog: Info Compiling game modules for hot reload
[2021.10.14-02.46.18:780][902]CompilerResultsLog: Info Parsing headers for PongEditor
[2021.10.14-02.46.18:780][902]CompilerResultsLog: Info   Running UnrealHeaderTool "D:\The Tech Academy - Game Developer Boot Camp\C++ And Unreal Engine Course\Blueprint and C++ Integration in Unreal Engine 4\02-project-setup\Pong\Pong.uproject" "D:\The Tech Academy - Game Developer Boot Camp\C++ And Unreal Engine Course\Blueprint and C++ Integration in Unreal Engine 4\02-project-setup\Pong\Intermediate\Build\Win64\PongEditor\Development\PongEditor.uhtmanifest" -LogCmds="loginit warning, logexit warning, logdatabase error" -Unattended -WarningsAsErrors -installed
[2021.10.14-02.46.18:780][902]CompilerResultsLog: Info Reflection code generated for PongEditor in 3.8379278 seconds
[2021.10.14-02.46.18:780][902]CompilerResultsLog: Info Performing 9 actions (9 in parallel)
[2021.10.14-02.46.18:780][902]CompilerResultsLog: Info PCH.Pong.cpp
[2021.10.14-02.46.18:780][902]CompilerResultsLog: Info PongGameMode.cpp
[2021.10.14-02.46.18:780][902]CompilerResultsLog: Info GameHUD.cpp
[2021.10.14-02.46.18:780][902]CompilerResultsLog: Info Ball.cpp
[2021.10.14-02.46.18:780][902]CompilerResultsLog: Info Pong.cpp
[2021.10.14-02.46.18:780][902]CompilerResultsLog: Info Boundary.cpp
[2021.10.14-02.46.18:780][902]CompilerResultsLog: Info Pong.generated.cpp
[2021.10.14-02.46.18:780][902]CompilerResultsLog: Info [8/9] Link UE4Editor-Pong-9305.dll
[2021.10.14-02.46.18:780][902]CompilerResultsLog: Info [9/9] Link UE4Editor-Pong-9305.lib
[2021.10.14-02.46.18:780][902]CompilerResultsLog: Info    Creating library D:\The Tech Academy - Game Developer Boot Camp\C++ And Unreal Engine Course\Blueprint and C++ Integration in Unreal Engine 4\02-project-setup\Pong\Intermediate\Build\Win64\UE4Editor\Development\UE4Editor-Pong-9305.lib and object D:\The Tech Academy - Game Developer Boot Camp\C++ And Unreal Engine Course\Blueprint and C++ Integration in Unreal Engine 4\02-project-setup\Pong\Intermediate\Build\Win64\UE4Editor\Development\UE4Editor-Pong-9305.exp
[2021.10.14-02.46.18:780][902]CompilerResultsLog: Info    Creating library D:\The Tech Academy - Game Developer Boot Camp\C++ And Unreal Engine Course\Blueprint and C++ Integration in Unreal Engine 4\02-project-setup\Pong\Intermediate\Build\Win64\UE4Editor\Development\UE4Editor-Pong-9305.suppressed.lib and object D:\The Tech Academy - Game Developer Boot Camp\C++ And Unreal Engine Course\Blueprint and C++ Integration in Unreal Engine 4\02-project-setup\Pong\Intermediate\Build\Win64\UE4Editor\Development\UE4Editor-Pong-9305.suppressed.exp
[2021.10.14-02.46.18:780][902]CompilerResultsLog: Info Total build time: 36.58 seconds (Local executor: 29.01 seconds)
[2021.10.14-02.46.18:780][902]LogMainFrame: MainFrame: Module compiling took 36.875 seconds
[2021.10.14-02.46.18:856][902]LogClass: Could not find existing class GameHUD in package /Script/Pong for HotReload, assuming new class
[2021.10.14-02.46.18:858][902]LogContentBrowser: Native class hierarchy updated for 'Pong' in 0.0009 seconds. Added 4 classes and 2 folders.
[2021.10.14-02.46.18:859][902]Display: HotReload successful (0 functions remapped  0 scriptstructs remapped)
[2021.10.14-02.46.18:878][902]LogContentBrowser: Native class hierarchy populated in 0.0072 seconds. Added 2251 classes and 459 folders.
[2021.10.14-02.46.18:878][902]Display: HotReload took 37.1s.
[2021.10.14-02.46.18:879][902]Warning: HotReload operation took 37.1s.
[2021.10.14-02.46.19:017][902]LogVSAccessor:Warning: Couldn't goto line number '0' in 'D:/The Tech Academy - Game Developer Boot Camp/C++ And Unreal Engine Course/Blueprint and C++ Integration in Unreal Engine 4/02-project-setup/Pong/Source/Pong/GameHUD.h'
[2021.10.14-02.46.19:108][902]LogVSAccessor:Warning: Couldn't goto line number '0' in 'D:/The Tech Academy - Game Developer Boot Camp/C++ And Unreal Engine Course/Blueprint and C++ Integration in Unreal Engine 4/02-project-setup/Pong/Source/Pong/GameHUD.cpp'
[2021.10.14-02.46.19:124][902]LogHotReload: New module detected: UE4Editor-Pong-9305.dll
[2021.10.14-02.46.19:192][903]LogHotReload: Starting Hot-Reload from IDE
[2021.10.14-02.46.19:317][903]LogContentBrowser: Native class hierarchy updated for 'Pong' in 0.0010 seconds. Added 4 classes and 2 folders.
[2021.10.14-02.46.19:317][903]Display: HotReload successful (0 functions remapped  0 scriptstructs remapped)
[2021.10.14-02.46.19:327][903]LogContentBrowser: Native class hierarchy populated in 0.0078 seconds. Added 2251 classes and 459 folders.
[2021.10.14-02.46.19:331][903]Display: HotReload took  0.1s.
[2021.10.14-02.47.03:930][804]Running C:/Program Files/Epic Games/UE_4.15/Engine/Binaries/DotNET/UnrealBuildTool.exe Pong Win64 Development -editorrecompile "D:/The Tech Academy - Game Developer Boot Camp/C++ And Unreal Engine Course/Blueprint and C++ Integration in Unreal Engine 4/02-project-setup/Pong/Pong.uproject" -invalidatemakefilesonly
[2021.10.14-02.47.04:234][804]Invalidating makefiles only in this run.
[2021.10.14-02.47.04:348][804]Recompiling Pong...
[2021.10.14-02.47.04:349][804]Launching UnrealBuildTool... [C:/Program Files/Epic Games/UE_4.15/Engine/Binaries/DotNET/UnrealBuildTool.exe Pong -ModuleWithSuffix Pong 8566 Win64 Development -editorrecompile -canskiplink "D:/The Tech Academy - Game Developer Boot Camp/C++ And Unreal Engine Course/Blueprint and C++ Integration in Unreal Engine 4/02-project-setup/Pong/Pong.uproject" ]
[2021.10.14-02.47.13:556][804]CompilerResultsLog: New page: Compilation - Oct 13, 2021, 6:47:13 PM
[2021.10.14-02.47.13:556][804]CompilerResultsLog: Info Compiling game modules for hot reload
[2021.10.14-02.47.13:556][804]CompilerResultsLog: Info Parsing headers for PongEditor
[2021.10.14-02.47.13:556][804]CompilerResultsLog: Info   Running UnrealHeaderTool "D:\The Tech Academy - Game Developer Boot Camp\C++ And Unreal Engine Course\Blueprint and C++ Integration in Unreal Engine 4\02-project-setup\Pong\Pong.uproject" "D:\The Tech Academy - Game Developer Boot Camp\C++ And Unreal Engine Course\Blueprint and C++ Integration in Unreal Engine 4\02-project-setup\Pong\Intermediate\Build\Win64\PongEditor\Development\PongEditor.uhtmanifest" -LogCmds="loginit warning, logexit warning, logdatabase error" -Unattended -WarningsAsErrors -installed
[2021.10.14-02.47.13:556][804]CompilerResultsLog: Info Reflection code generated for PongEditor in 3.6243933 seconds
[2021.10.14-02.47.13:556][804]CompilerResultsLog: Info Performing 4 actions (9 in parallel)
[2021.10.14-02.47.13:556][804]CompilerResultsLog: Info Paddle.cpp
[2021.10.14-02.47.13:556][804]CompilerResultsLog: Info Pong.generated.cpp
[2021.10.14-02.47.13:556][804]CompilerResultsLog: Info [3/4] Link UE4Editor-Pong-8566.dll
[2021.10.14-02.47.13:556][804]CompilerResultsLog: Info [4/4] Link UE4Editor-Pong-8566.lib
[2021.10.14-02.47.13:556][804]CompilerResultsLog: Info    Creating library D:\The Tech Academy - Game Developer Boot Camp\C++ And Unreal Engine Course\Blueprint and C++ Integration in Unreal Engine 4\02-project-setup\Pong\Intermediate\Build\Win64\UE4Editor\Development\UE4Editor-Pong-8566.lib and object D:\The Tech Academy - Game Developer Boot Camp\C++ And Unreal Engine Course\Blueprint and C++ Integration in Unreal Engine 4\02-project-setup\Pong\Intermediate\Build\Win64\UE4Editor\Development\UE4Editor-Pong-8566.exp
[2021.10.14-02.47.13:556][804]CompilerResultsLog: Info    Creating library D:\The Tech Academy - Game Developer Boot Camp\C++ And Unreal Engine Course\Blueprint and C++ Integration in Unreal Engine 4\02-project-setup\Pong\Intermediate\Build\Win64\UE4Editor\Development\UE4Editor-Pong-8566.suppressed.lib and object D:\The Tech Academy - Game Developer Boot Camp\C++ And Unreal Engine Course\Blueprint and C++ Integration in Unreal Engine 4\02-project-setup\Pong\Intermediate\Build\Win64\UE4Editor\Development\UE4Editor-Pong-8566.suppressed.exp
[2021.10.14-02.47.13:556][804]CompilerResultsLog: Info Total build time: 8.93 seconds (Local executor: 3.25 seconds)
[2021.10.14-02.47.13:556][804]LogMainFrame: MainFrame: Module compiling took 9.212 seconds
[2021.10.14-02.47.13:668][804]LogClass: Could not find existing class Paddle in package /Script/Pong for HotReload, assuming new class
[2021.10.14-02.47.13:671][804]LogContentBrowser: Native class hierarchy updated for 'Pong' in 0.0013 seconds. Added 5 classes and 2 folders.
[2021.10.14-02.47.13:674][804]Display: HotReload successful (0 functions remapped  0 scriptstructs remapped)
[2021.10.14-02.47.13:701][804]LogContentBrowser: Native class hierarchy populated in 0.0097 seconds. Added 2252 classes and 459 folders.
[2021.10.14-02.47.13:701][804]Display: HotReload took  9.4s.
[2021.10.14-02.47.13:701][804]Warning: HotReload operation took  9.4s.
[2021.10.14-02.47.13:941][804]LogVSAccessor:Warning: Couldn't goto line number '0' in 'D:/The Tech Academy - Game Developer Boot Camp/C++ And Unreal Engine Course/Blueprint and C++ Integration in Unreal Engine 4/02-project-setup/Pong/Source/Pong/Paddle.h'
[2021.10.14-02.47.14:084][804]LogVSAccessor:Warning: Couldn't goto line number '0' in 'D:/The Tech Academy - Game Developer Boot Camp/C++ And Unreal Engine Course/Blueprint and C++ Integration in Unreal Engine 4/02-project-setup/Pong/Source/Pong/Paddle.cpp'
[2021.10.14-02.47.14:102][804]LogHotReload: New module detected: UE4Editor-Pong-8566.dll
[2021.10.14-02.47.14:184][805]LogHotReload: Starting Hot-Reload from IDE
[2021.10.14-02.47.14:332][805]LogContentBrowser: Native class hierarchy updated for 'Pong' in 0.0017 seconds. Added 5 classes and 2 folders.
[2021.10.14-02.47.14:333][805]Display: HotReload successful (0 functions remapped  0 scriptstructs remapped)
[2021.10.14-02.47.14:344][805]LogContentBrowser: Native class hierarchy populated in 0.0090 seconds. Added 2252 classes and 459 folders.
[2021.10.14-02.47.14:350][805]Display: HotReload took  0.2s.
[2021.10.14-03.26.29:239][935]LogVSAccessor:Warning: Couldn't goto line number '0' in 'D:/The Tech Academy - Game Developer Boot Camp/C++ And Unreal Engine Course/Blueprint and C++ Integration in Unreal Engine 4/02-project-setup/Pong/Source/Pong/PongGameMode.h'
[2021.10.14-03.26.29:291][935]LogVSAccessor:Warning: Couldn't goto line number '0' in 'D:/The Tech Academy - Game Developer Boot Camp/C++ And Unreal Engine Course/Blueprint and C++ Integration in Unreal Engine 4/02-project-setup/Pong/Source/Pong/PongGameMode.cpp'
[2021.10.14-04.17.42:704][156]LogHotReload: New module detected: UE4Editor-Pong-2194.dll
[2021.10.14-04.17.43:388][159]LogHotReload: Starting Hot-Reload from IDE
[2021.10.14-04.17.43:503][159]LogContentBrowser: Native class hierarchy updated for 'Pong' in 0.0011 seconds. Added 5 classes and 2 folders.
[2021.10.14-04.17.43:504][159]Display: HotReload successful (0 functions remapped  0 scriptstructs remapped)
[2021.10.14-04.17.43:525][159]LogContentBrowser: Native class hierarchy populated in 0.0071 seconds. Added 2252 classes and 459 folders.
[2021.10.14-04.17.43:530][159]Display: HotReload took  0.1s.
[2021.10.14-04.18.01:191][328]Recompiling Pong...
[2021.10.14-04.18.01:191][328]Launching UnrealBuildTool... [C:/Program Files/Epic Games/UE_4.15/Engine/Binaries/DotNET/UnrealBuildTool.exe Pong -ModuleWithSuffix Pong 1079 Win64 Development -editorrecompile -canskiplink "D:/The Tech Academy - Game Developer Boot Camp/C++ And Unreal Engine Course/Blueprint and C++ Integration in Unreal Engine 4/02-project-setup/Pong/Pong.uproject" ]
[2021.10.14-04.18.01:194][328]Warning: Starting HotReload took  0.0s.
[2021.10.14-04.18.05:185][560]CompilerResultsLog: New page: Compilation - Oct 13, 2021, 8:18:05 PM
[2021.10.14-04.18.05:185][560]CompilerResultsLog: Info Compiling game modules for hot reload
[2021.10.14-04.18.05:185][560]CompilerResultsLog: Info Target is up to date
[2021.10.14-04.18.05:185][560]CompilerResultsLog: Info Total build time: 3.60 seconds (NoActionsToExecute executor: 0.00 seconds)
[2021.10.14-04.18.05:185][560]LogMainFrame: MainFrame: Module compiling took 3.999 seconds
[2021.10.14-04.18.05:210][560]LogContentBrowser: Native class hierarchy populated in 0.0126 seconds. Added 2252 classes and 459 folders.
[2021.10.14-04.18.05:210][560]Display: HotReload took  4.0s.
[2021.10.14-04.30.20:824][460]Cmd: QUIT_EDITOR
[2021.10.14-04.30.21:166][460]LogWindowsTextInputMethodSystem:Display: IME system now deactivated.
[2021.10.14-04.30.21:186][460]LogExit: Preparing to exit.
[2021.10.14-04.30.22:089][460]LogExit: Editor shut down
[2021.10.14-04.30.22:097][460]LogExit: Transaction tracking system shut down
[2021.10.14-04.30.22:198][460]LogObj: Freed 0b from 0 cluster array pools.
[2021.10.14-04.30.22:198][460]LogExit: Object subsystem successfully closed.
[2021.10.14-04.30.22:226][460]LogD3D11RHI: Shutdown
[2021.10.14-04.30.22:226][460]LogD3D11RHI: CleanupD3DDevice
[2021.10.14-04.30.22:230][460]LogD3D11RHI: ~FD3D11DynamicRHI
[2021.10.14-04.30.22:279][460]LogModuleManager: Shutting down and abandoning module Pong (511)
[2021.10.14-04.30.22:279][460]LogModuleManager: Shutting down and abandoning module MovieSceneCapture (500)
[2021.10.14-04.30.22:279][460]LogModuleManager: Shutting down and abandoning module HierarchicalLODOutliner (498)
[2021.10.14-04.30.22:279][460]LogModuleManager: Shutting down and abandoning module CrashTracker (496)
[2021.10.14-04.30.22:280][460]LogModuleManager: Shutting down and abandoning module SceneOutliner (494)
[2021.10.14-04.30.22:280][460]LogModuleManager: Shutting down and abandoning module AddContentDialog (492)
[2021.10.14-04.30.22:280][460]LogDirectoryWatcher: A directory notification for 'C:/Program Files/Epic Games/UE_4.15/FeaturePacks/' was aborted.
[2021.10.14-04.30.22:283][460]LogModuleManager: Shutting down and abandoning module WidgetCarousel (491)
[2021.10.14-04.30.22:283][460]LogModuleManager: Shutting down and abandoning module EditorWidgets (488)
[2021.10.14-04.30.22:283][460]LogModuleManager: Shutting down and abandoning module CollectionManager (486)
[2021.10.14-04.30.22:283][460]LogDirectoryWatcher: A directory notification for 'D:/The Tech Academy - Game Developer Boot Camp/C++ And Unreal Engine Course/Blueprint and C++ Integration in Unreal Engine 4/02-project-setup/Pong/Content/Collections/' was aborted.
[2021.10.14-04.30.22:283][460]LogDirectoryWatcher: A directory notification for 'D:/The Tech Academy - Game Developer Boot Camp/C++ And Unreal Engine Course/Blueprint and C++ Integration in Unreal Engine 4/02-project-setup/Pong/Content/Developers/jadams/Collections/' was aborted.
[2021.10.14-04.30.22:283][460]LogDirectoryWatcher: A directory notification for 'D:/The Tech Academy - Game Developer Boot Camp/C++ And Unreal Engine Course/Blueprint and C++ Integration in Unreal Engine 4/02-project-setup/Pong/Saved/Collections/' was aborted.
[2021.10.14-04.30.22:283][460]LogModuleManager: Shutting down and abandoning module StatsViewer (484)
[2021.10.14-04.30.22:284][460]LogModuleManager: Shutting down and abandoning module FoliageEdit (482)
[2021.10.14-04.30.22:284][460]LogModuleManager: Shutting down and abandoning module LandscapeEditor (480)
[2021.10.14-04.30.22:285][460]LogModuleManager: Shutting down and abandoning module SceneDepthPickerMode (478)
[2021.10.14-04.30.22:285][460]LogModuleManager: Shutting down and abandoning module ActorPickerMode (476)
[2021.10.14-04.30.22:285][460]LogModuleManager: Shutting down and abandoning module GeometryMode (474)
[2021.10.14-04.30.22:285][460]LogModuleManager: Shutting down and abandoning module TextureAlignMode (472)
[2021.10.14-04.30.22:285][460]LogModuleManager: Shutting down and abandoning module BspMode (470)
[2021.10.14-04.30.22:285][460]LogModuleManager: Shutting down and abandoning module HardwareSurvey (468)
[2021.10.14-04.30.22:285][460]LogModuleManager: Shutting down and abandoning module SequenceRecorderSections (466)
[2021.10.14-04.30.22:286][460]LogModuleManager: Shutting down and abandoning module AutomationWorker (464)
[2021.10.14-04.30.22:286][460]LogModuleManager: Shutting down and abandoning module MatineeToLevelSequence (462)
[2021.10.14-04.30.22:286][460]LogModuleManager: Shutting down and abandoning module LevelSequenceEditor (460)
[2021.10.14-04.30.22:289][460]LogModuleManager: Shutting down and abandoning module PlacementMode (459)
[2021.10.14-04.30.22:289][460]LogModuleManager: Shutting down and abandoning module WmfMediaFactory (456)
[2021.10.14-04.30.22:289][460]LogModuleManager: Shutting down and abandoning module WmfMediaEditor (454)
[2021.10.14-04.30.22:289][460]LogModuleManager: Shutting down and abandoning module MfMediaFactory (452)
[2021.10.14-04.30.22:289][460]LogModuleManager: Shutting down and abandoning module MfMediaEditor (450)
[2021.10.14-04.30.22:289][460]LogModuleManager: Shutting down and abandoning module AvfMediaFactory (448)
[2021.10.14-04.30.22:289][460]LogModuleManager: Shutting down and abandoning module AvfMediaEditor (446)
[2021.10.14-04.30.22:289][460]LogModuleManager: Shutting down and abandoning module AndroidMediaFactory (444)
[2021.10.14-04.30.22:289][460]LogModuleManager: Shutting down and abandoning module Media (443)
[2021.10.14-04.30.22:289][460]LogModuleManager: Shutting down and abandoning module AndroidMediaEditor (440)
[2021.10.14-04.30.22:289][460]LogModuleManager: Shutting down and abandoning module CharacterAI (438)
[2021.10.14-04.30.22:289][460]LogModuleManager: Shutting down and abandoning module AudioCapture (436)
[2021.10.14-04.30.22:289][460]LogModuleManager: Shutting down and abandoning module SequenceRecorder (435)
[2021.10.14-04.30.22:291][460]LogModuleManager: Shutting down and abandoning module SmartSnapping (432)
[2021.10.14-04.30.22:291][460]LogModuleManager: Shutting down and abandoning module SessionServices (430)
[2021.10.14-04.30.22:291][460]LogModuleManager: Shutting down and abandoning module ViewportSnapping (428)
[2021.10.14-04.30.22:291][460]LogModuleManager: Shutting down and abandoning module ViewportInteraction (426)
[2021.10.14-04.30.22:291][460]LogModuleManager: Shutting down and abandoning module LogVisualizer (424)
[2021.10.14-04.30.22:292][460]LogModuleManager: Shutting down and abandoning module IntroTutorials (422)
[2021.10.14-04.30.22:292][460]LogModuleManager: Shutting down and abandoning module GameProjectGeneration (421)
[2021.10.14-04.30.22:293][460]LogModuleManager: Shutting down and abandoning module EditorLiveStreaming (418)
[2021.10.14-04.30.22:293][460]LogModuleManager: Shutting down and abandoning module IOSPlatformEditor (416)
[2021.10.14-04.30.22:293][460]LogModuleManager: Shutting down and abandoning module HTML5PlatformEditor (414)
[2021.10.14-04.30.22:293][460]LogModuleManager: Shutting down and abandoning module AndroidPlatformEditor (412)
[2021.10.14-04.30.22:293][460]LogModuleManager: Shutting down and abandoning module AndroidDeviceDetection (411)
[2021.10.14-04.30.22:847][460]LogModuleManager: Shutting down and abandoning module IOSRuntimeSettings (408)
[2021.10.14-04.30.22:847][460]LogModuleManager: Shutting down and abandoning module AndroidRuntimeSettings (406)
[2021.10.14-04.30.22:847][460]LogModuleManager: Shutting down and abandoning module InputBindingEditor (404)
[2021.10.14-04.30.22:847][460]LogModuleManager: Shutting down and abandoning module NiagaraEditor (402)
[2021.10.14-04.30.22:850][460]LogModuleManager: Shutting down and abandoning module MergeActors (400)
[2021.10.14-04.30.22:851][460]LogModuleManager: Shutting down and abandoning module SizeMap (398)
[2021.10.14-04.30.22:851][460]LogModuleManager: Shutting down and abandoning module TreeMap (396)
[2021.10.14-04.30.22:852][460]LogModuleManager: Shutting down and abandoning module ReferenceViewer (394)
[2021.10.14-04.30.22:852][460]LogModuleManager: Shutting down and abandoning module LocalizationDashboard (392)
[2021.10.14-04.30.22:852][460]LogModuleManager: Shutting down and abandoning module LocalizationService (391)
[2021.10.14-04.30.22:853][460]LogModuleManager: Shutting down and abandoning module HardwareTargeting (388)
[2021.10.14-04.30.22:854][460]LogModuleManager: Shutting down and abandoning module DeviceProfileEditor (386)
[2021.10.14-04.30.22:854][460]LogModuleManager: Shutting down and abandoning module UndoHistory (384)
[2021.10.14-04.30.22:854][460]LogModuleManager: Shutting down and abandoning module UserFeedback (382)
[2021.10.14-04.30.22:854][460]LogModuleManager: Shutting down and abandoning module XmlParser (380)
[2021.10.14-04.30.22:855][460]LogModuleManager: Shutting down and abandoning module Blutility (378)
[2021.10.14-04.30.22:855][460]LogModuleManager: Shutting down and abandoning module ProjectSettingsViewer (376)
[2021.10.14-04.30.22:855][460]LogModuleManager: Shutting down and abandoning module ProjectTargetPlatformEditor (375)
[2021.10.14-04.30.22:855][460]LogModuleManager: Shutting down and abandoning module EditorSettingsViewer (372)
[2021.10.14-04.30.22:855][460]LogModuleManager: Shutting down and abandoning module SettingsEditor (370)
[2021.10.14-04.30.22:856][460]LogModuleManager: Shutting down and abandoning module ProjectLauncher (368)
[2021.10.14-04.30.22:857][460]LogModuleManager: Shutting down and abandoning module SessionFrontend (366)
[2021.10.14-04.30.22:858][460]LogModuleManager: Shutting down and abandoning module ProfilerClient (364)
[2021.10.14-04.30.22:858][460]LogModuleManager: Shutting down and abandoning module DeviceManager (362)
[2021.10.14-04.30.22:859][460]LogModuleManager: Shutting down and abandoning module TargetDeviceServices (361)
[2021.10.14-04.30.22:903][460]LogModuleManager: Shutting down and abandoning module AutomationController (358)
[2021.10.14-04.30.22:904][460]LogModuleManager: Shutting down and abandoning module AutomationWindow (356)
[2021.10.14-04.30.22:905][460]LogModuleManager: Shutting down and abandoning module Layers (354)
[2021.10.14-04.30.22:907][460]LogModuleManager: Shutting down and abandoning module ComponentVisualizers (352)
[2021.10.14-04.30.22:907][460]LogModuleManager: Shutting down and abandoning module DetailCustomizations (350)
[2021.10.14-04.30.22:907][460]LogModuleManager: Shutting down and abandoning module PackagesDialog (348)
[2021.10.14-04.30.22:908][460]LogModuleManager: Shutting down and abandoning module Persona (346)
[2021.10.14-04.30.22:910][460]LogModuleManager: Shutting down and abandoning module AnimGraph (345)
[2021.10.14-04.30.22:910][460]LogModuleManager: Shutting down and abandoning module Kismet (342)
[2021.10.14-04.30.22:911][460]LogModuleManager: Shutting down and abandoning module GraphEditor (340)
[2021.10.14-04.30.22:913][460]LogModuleManager: Shutting down and abandoning module ClassViewer (338)
[2021.10.14-04.30.22:914][460]LogModuleManager: Shutting down and abandoning module Toolbox (336)
[2021.10.14-04.30.22:914][460]LogModuleManager: Shutting down and abandoning module ModuleUI (334)
[2021.10.14-04.30.22:915][460]LogModuleManager: Shutting down and abandoning module MovieSceneTools (332)
[2021.10.14-04.30.22:915][460]LogModuleManager: Shutting down and abandoning module OutputLog (330)
[2021.10.14-04.30.22:916][460]LogModuleManager: Shutting down and abandoning module GammaUI (328)
[2021.10.14-04.30.22:916][460]LogModuleManager: Shutting down and abandoning module Documentation (326)
[2021.10.14-04.30.22:916][460]LogModuleManager: Shutting down and abandoning module Niagara (324)
[2021.10.14-04.30.22:916][460]LogModuleManager: Shutting down and abandoning module StreamingPauseRendering (322)
[2021.10.14-04.30.22:916][460]LogModuleManager: Shutting down and abandoning module AnalyticsET (320)
[2021.10.14-04.30.22:916][460]LogModuleManager: Shutting down and abandoning module PortalServices (318)
[2021.10.14-04.30.22:916][460]LogModuleManager: Shutting down and abandoning module PortalRpc (316)
[2021.10.14-04.30.22:916][460]LogModuleManager: Shutting down and abandoning module MessagingRpc (314)
[2021.10.14-04.30.22:916][460]LogModuleManager: Shutting down and abandoning module AIModule (312)
[2021.10.14-04.30.22:916][460]LogModuleManager: Shutting down and abandoning module GameplayDebugger (311)
[2021.10.14-04.30.22:916][460]LogModuleManager: Shutting down and abandoning module AITestSuite (309)
[2021.10.14-04.30.22:916][460]LogModuleManager: Shutting down and abandoning module ProfilerService (306)
[2021.10.14-04.30.22:967][460]LogModuleManager: Shutting down and abandoning module TaskGraph (304)
[2021.10.14-04.30.22:969][460]LogModuleManager: Shutting down and abandoning module SteamVRController (302)
[2021.10.14-04.30.22:969][460]LogModuleManager: Shutting down and abandoning module SteamVR (300)
[2021.10.14-04.30.22:969][460]LogModuleManager: Shutting down and abandoning module ProceduralMeshComponentEditor (298)
[2021.10.14-04.30.22:969][460]LogModuleManager: Shutting down and abandoning module ProceduralMeshComponent (296)
[2021.10.14-04.30.22:969][460]LogModuleManager: Shutting down and abandoning module OculusLibrary (294)
[2021.10.14-04.30.22:969][460]LogModuleManager: Shutting down and abandoning module OculusInput (292)
[2021.10.14-04.30.22:969][460]LogModuleManager: Shutting down and abandoning module MobilePatchingUtils (290)
[2021.10.14-04.30.22:969][460]LogModuleManager: Shutting down and abandoning module CustomMeshComponent (288)
[2021.10.14-04.30.22:969][460]LogModuleManager: Shutting down and abandoning module CableComponent (286)
[2021.10.14-04.30.22:969][460]LogModuleManager: Shutting down and abandoning module ArchVisCharacter (284)
[2021.10.14-04.30.22:969][460]LogModuleManager: Shutting down and abandoning module MediaPlayerEditor (280)
[2021.10.14-04.30.22:972][460]LogModuleManager: Shutting down and abandoning module HTML5Networking (278)
[2021.10.14-04.30.22:972][460]LogModuleManager: Shutting down and abandoning module AlembicImporter (276)
[2021.10.14-04.30.22:972][460]LogModuleManager: Shutting down and abandoning module AlembicLibrary (275)
[2021.10.14-04.30.22:972][460]LogModuleManager: Shutting down and abandoning module GeometryCache (274)
[2021.10.14-04.30.22:973][460]LogModuleManager: Shutting down and abandoning module GeometryCacheEd (273)
[2021.10.14-04.30.22:973][460]LogModuleManager: Shutting down and abandoning module SuperSearchEditor (268)
[2021.10.14-04.30.22:973][460]LogModuleManager: Shutting down and abandoning module SuperSearch (267)
[2021.10.14-04.30.22:973][460]LogModuleManager: Shutting down and abandoning module SpeedTreeImporter (264)
[2021.10.14-04.30.22:973][460]LogModuleManager: Shutting down and abandoning module PluginBrowser (262)
[2021.10.14-04.30.22:974][460]LogModuleManager: Shutting down and abandoning module MobileLauncherProfileWizard (260)
[2021.10.14-04.30.22:975][460]LogModuleManager: Shutting down and abandoning module EpicSurvey (258)
[2021.10.14-04.30.22:975][460]LogModuleManager: Shutting down and abandoning module VisualStudioSourceCodeAccess (256)
[2021.10.14-04.30.22:975][460]LogModuleManager: Shutting down and abandoning module DesktopPlatform (255)
[2021.10.14-04.30.22:975][460]LogModuleManager: Shutting down and abandoning module UObjectPlugin (252)
[2021.10.14-04.30.22:975][460]LogModuleManager: Shutting down and abandoning module SubversionSourceControl (250)
[2021.10.14-04.30.22:976][460]LogModuleManager: Shutting down and abandoning module PerforceSourceControl (248)
[2021.10.14-04.30.22:977][460]LogModuleManager: Shutting down and abandoning module GitSourceControl (246)
[2021.10.14-04.30.22:977][460]LogModuleManager: Shutting down and abandoning module SourceControl (245)
[2021.10.14-04.30.22:978][460]LogModuleManager: Shutting down and abandoning module LightPropagationVolumeEditor (242)
[2021.10.14-04.30.22:978][460]LogModuleManager: Shutting down and abandoning module PaperTiledImporter (240)
[2021.10.14-04.30.22:978][460]LogModuleManager: Shutting down and abandoning module PaperSpriteSheetImporter (238)
[2021.10.14-04.30.22:978][460]LogModuleManager: Shutting down and abandoning module Paper2DEditor (236)
[2021.10.14-04.30.22:979][460]LogModuleManager: Shutting down and abandoning module MeshPaint (235)
[2021.10.14-04.30.22:979][460]LogModuleManager: Shutting down and abandoning module LevelEditor (233)
[2021.10.14-04.30.22:980][460]LogModuleManager: Shutting down and abandoning module PixelInspectorModule (232)
[2021.10.14-04.30.22:981][460]LogModuleManager: Shutting down and abandoning module MainFrame (230)
[2021.10.14-04.30.22:981][460]LogModuleManager: Shutting down and abandoning module HotReload (229)
[2021.10.14-04.30.22:981][460]LogDirectoryWatcher: A directory notification for 'D:/The Tech Academy - Game Developer Boot Camp/C++ And Unreal Engine Course/Blueprint and C++ Integration in Unreal Engine 4/02-project-setup/Pong/Binaries/Win64' was aborted.
[2021.10.14-04.30.22:982][460]LogModuleManager: Shutting down and abandoning module ContentBrowser (225)
[2021.10.14-04.30.22:983][460]LogModuleManager: Shutting down and abandoning module PhysXVehiclesEditor (222)
[2021.10.14-04.30.22:983][460]LogModuleManager: Shutting down and abandoning module PhysXVehicles (220)
[2021.10.14-04.30.22:983][460]LogModuleManager: Shutting down and abandoning module LocationServicesBPLibrary (218)
[2021.10.14-04.30.22:983][460]LogModuleManager: Shutting down and abandoning module UdpMessaging (216)
[2021.10.14-04.30.23:084][460]LogModuleManager: Shutting down and abandoning module TcpMessaging (214)
[2021.10.14-04.30.23:185][460]LogModuleManager: Shutting down and abandoning module GameplayTagsEditor (212)
[2021.10.14-04.30.23:186][460]LogModuleManager: Shutting down and abandoning module FacialAnimationEditor (210)
[2021.10.14-04.30.23:186][460]LogModuleManager: Shutting down and abandoning module FacialAnimation (208)
[2021.10.14-04.30.23:186][460]LogModuleManager: Shutting down and abandoning module LightPropagationVolumeRuntime (206)
[2021.10.14-04.30.23:186][460]LogModuleManager: Shutting down and abandoning module Paper2D (204)
[2021.10.14-04.30.23:186][460]LogModuleManager: Shutting down and abandoning module WindowsMoviePlayer (202)
[2021.10.14-04.30.23:187][460]LogModuleManager: Shutting down and abandoning module WmfMedia (200)
[2021.10.14-04.30.23:188][460]LogModuleManager: Shutting down and abandoning module MfMedia (198)
[2021.10.14-04.30.23:188][460]LogModuleManager: Shutting down and abandoning module MediaAssets (196)
[2021.10.14-04.30.23:188][460]LogModuleManager: Shutting down and abandoning module GameLiveStreaming (194)
[2021.10.14-04.30.23:189][460]LogModuleManager: Shutting down and abandoning module VREditor (192)
[2021.10.14-04.30.23:189][460]LogModuleManager: Shutting down and abandoning module GameplayTasksEditor (190)
[2021.10.14-04.30.23:189][460]LogModuleManager: Shutting down and abandoning module BehaviorTreeEditor (188)
[2021.10.14-04.30.23:191][460]LogModuleManager: Shutting down and abandoning module FunctionalTesting (186)
[2021.10.14-04.30.23:191][460]LogModuleManager: Shutting down and abandoning module CollisionAnalyzer (184)
[2021.10.14-04.30.23:192][460]LogModuleManager: Shutting down and abandoning module UMG (182)
[2021.10.14-04.30.23:193][460]LogModuleManager: Shutting down and abandoning module UMGEditor (181)
[2021.10.14-04.30.23:195][460]LogModuleManager: Shutting down and abandoning module Sequencer (180)
[2021.10.14-04.30.23:196][460]LogModuleManager: Shutting down and abandoning module AssetTools (178)
[2021.10.14-04.30.23:199][460]LogModuleManager: Shutting down and abandoning module MessageLog (177)
[2021.10.14-04.30.23:199][460]LogModuleManager: Shutting down and abandoning module WorkspaceMenuStructure (176)
[2021.10.14-04.30.23:199][460]LogModuleManager: Shutting down and abandoning module SlateReflector (170)
[2021.10.14-04.30.23:202][460]LogModuleManager: Shutting down and abandoning module Slate (168)
[2021.10.14-04.30.23:202][460]LogModuleManager: Shutting down and abandoning module EditorStyle (166)
[2021.10.14-04.30.23:204][460]LogModuleManager: Shutting down and abandoning module SourceCodeAccess (164)
[2021.10.14-04.30.23:204][460]LogModuleManager: Shutting down and abandoning module HeadMountedDisplay (162)
[2021.10.14-04.30.23:204][460]LogModuleManager: Shutting down and abandoning module XAudio2 (160)
[2021.10.14-04.30.23:204][460]LogModuleManager: Shutting down and abandoning module Networking (158)
[2021.10.14-04.30.23:204][460]LogModuleManager: Shutting down and abandoning module Core (154)
[2021.10.14-04.30.23:204][460]LogModuleManager: Shutting down and abandoning module AssetRegistry (152)
[2021.10.14-04.30.23:524][460]LogDirectoryWatcher: A directory notification for '../../../Engine/Content/' was aborted.
[2021.10.14-04.30.23:524][460]LogDirectoryWatcher: A directory notification for 'D:/The Tech Academy - Game Developer Boot Camp/C++ And Unreal Engine Course/Blueprint and C++ Integration in Unreal Engine 4/02-project-setup/Pong/Content/' was aborted.
[2021.10.14-04.30.23:524][460]LogDirectoryWatcher: A directory notification for '../../../Engine/Plugins/2D/Paper2D/Content/' was aborted.
[2021.10.14-04.30.23:524][460]LogModuleManager: Shutting down and abandoning module DirectoryWatcher (151)
[2021.10.14-04.30.23:525][460]LogModuleManager: Shutting down and abandoning module KismetCompiler (148)
[2021.10.14-04.30.23:525][460]LogModuleManager: Shutting down and abandoning module PhysXFormats (146)
[2021.10.14-04.30.23:525][460]LogModuleManager: Shutting down and abandoning module MeshUtilities (144)
[2021.10.14-04.30.23:527][460]LogModuleManager: Shutting down and abandoning module SimplygonSwarm (143)
[2021.10.14-04.30.23:527][460]LogModuleManager: Shutting down and abandoning module SimplygonMeshReduction (141)
[2021.10.14-04.30.23:528][460]LogModuleManager: Shutting down and abandoning module QuadricMeshReduction (139)
[2021.10.14-04.30.23:528][460]LogModuleManager: Shutting down and abandoning module PropertyEditor (137)
[2021.10.14-04.30.23:528][460]LogModuleManager: Shutting down and abandoning module DerivedDataCache (134)
[2021.10.14-04.30.23:530][460]LogDerivedDataCache: Shutdown
[2021.10.14-04.30.23:530][460]LogModuleManager: Shutting down and abandoning module TargetPlatform (132)
[2021.10.14-04.30.23:530][460]LogModuleManager: Shutting down and abandoning module VulkanShaderFormat (131)
[2021.10.14-04.30.23:531][460]LogModuleManager: Shutting down and abandoning module ShaderFormatOpenGL (129)
[2021.10.14-04.30.23:532][460]LogModuleManager: Shutting down and abandoning module ShaderFormatD3D (127)
[2021.10.14-04.30.23:532][460]LogModuleManager: Shutting down and abandoning module MetalShaderFormat (125)
[2021.10.14-04.30.23:533][460]LogModuleManager: Shutting down and abandoning module TextureFormatUncompressed (123)
[2021.10.14-04.30.23:533][460]LogModuleManager: Shutting down and abandoning module TextureFormatPVR (121)
[2021.10.14-04.30.23:533][460]LogModuleManager: Shutting down and abandoning module TextureFormatDXT (119)
[2021.10.14-04.30.23:533][460]LogModuleManager: Shutting down and abandoning module TextureFormatIntelISPCTexComp (117)
[2021.10.14-04.30.23:533][460]LogModuleManager: Shutting down and abandoning module TextureFormatASTC (115)
[2021.10.14-04.30.23:533][460]LogModuleManager: Shutting down and abandoning module ImageWrapper (114)
[2021.10.14-04.30.23:533][460]LogModuleManager: Shutting down and abandoning module TextureFormatAndroid (111)
[2021.10.14-04.30.23:533][460]LogModuleManager: Shutting down and abandoning module AudioFormatOpus (109)
[2021.10.14-04.30.23:534][460]LogModuleManager: Shutting down and abandoning module AudioFormatOgg (107)
[2021.10.14-04.30.23:534][460]LogModuleManager: Shutting down and abandoning module AudioFormatADPCM (105)
[2021.10.14-04.30.23:534][460]LogModuleManager: Shutting down and abandoning module LinuxTargetPlatform (103)
[2021.10.14-04.30.23:534][460]LogModuleManager: Shutting down and abandoning module LinuxServerTargetPlatform (101)
[2021.10.14-04.30.23:534][460]LogModuleManager: Shutting down and abandoning module LinuxNoEditorTargetPlatform (99)
[2021.10.14-04.30.23:534][460]LogModuleManager: Shutting down and abandoning module LinuxClientTargetPlatform (97)
[2021.10.14-04.30.23:534][460]LogModuleManager: Shutting down and abandoning module TVOSTargetPlatform (95)
[2021.10.14-04.30.23:534][460]LogModuleManager: Shutting down and abandoning module Messaging (93)
[2021.10.14-04.30.23:534][460]LogModuleManager: Shutting down and abandoning module IOSTargetPlatform (91)
[2021.10.14-04.30.23:534][460]LogModuleManager: Shutting down and abandoning module HTML5TargetPlatform (89)
[2021.10.14-04.30.23:534][460]LogModuleManager: Shutting down and abandoning module Android_PVRTCTargetPlatform (87)
[2021.10.14-04.30.23:534][460]LogModuleManager: Shutting down and abandoning module Android_MultiTargetPlatform (85)
[2021.10.14-04.30.23:534][460]LogModuleManager: Shutting down and abandoning module Android_ETC2TargetPlatform (83)
[2021.10.14-04.30.23:534][460]LogModuleManager: Shutting down and abandoning module Android_ETC1TargetPlatform (81)
[2021.10.14-04.30.23:534][460]LogModuleManager: Shutting down and abandoning module Android_DXTTargetPlatform (79)
[2021.10.14-04.30.23:534][460]LogModuleManager: Shutting down and abandoning module Android_ATCTargetPlatform (77)
[2021.10.14-04.30.23:534][460]LogModuleManager: Shutting down and abandoning module Android_ASTCTargetPlatform (75)
[2021.10.14-04.30.23:534][460]LogModuleManager: Shutting down and abandoning module AndroidTargetPlatform (73)
[2021.10.14-04.30.23:534][460]LogModuleManager: Shutting down and abandoning module WindowsTargetPlatform (71)
[2021.10.14-04.30.23:534][460]LogModuleManager: Shutting down and abandoning module WindowsServerTargetPlatform (69)
[2021.10.14-04.30.23:534][460]LogModuleManager: Shutting down and abandoning module WindowsNoEditorTargetPlatform (67)
[2021.10.14-04.30.23:534][460]LogModuleManager: Shutting down and abandoning module WindowsClientTargetPlatform (65)
[2021.10.14-04.30.23:534][460]LogModuleManager: Shutting down and abandoning module MacTargetPlatform (63)
[2021.10.14-04.30.23:534][460]LogModuleManager: Shutting down and abandoning module MacServerTargetPlatform (61)
[2021.10.14-04.30.23:534][460]LogModuleManager: Shutting down and abandoning module MacNoEditorTargetPlatform (59)
[2021.10.14-04.30.23:534][460]LogModuleManager: Shutting down and abandoning module MacClientTargetPlatform (57)
[2021.10.14-04.30.23:534][460]LogModuleManager: Shutting down and abandoning module AllDesktopTargetPlatform (55)
[2021.10.14-04.30.23:534][460]LogModuleManager: Shutting down and abandoning module InputCore (52)
[2021.10.14-04.30.23:534][460]LogModuleManager: Shutting down and abandoning module Settings (50)
[2021.10.14-04.30.23:534][460]LogModuleManager: Shutting down and abandoning module OculusRift (48)
[2021.10.14-04.30.23:534][460]LogModuleManager: Shutting down and abandoning module GearVR (46)
[2021.10.14-04.30.23:535][460]LogModuleManager: Shutting down and abandoning module ExampleDeviceProfileSelector (44)
[2021.10.14-04.30.23:535][460]LogModuleManager: Shutting down and abandoning module OnlineBlueprintSupport (42)
[2021.10.14-04.30.23:535][460]LogModuleManager: Shutting down and abandoning module OnlineSubsystem (38)
[2021.10.14-04.30.23:535][460]LogOnline:Display: Unloading online subsystem: NULL
[2021.10.14-04.30.23:536][460]LogModuleManager: Shutting down and abandoning module XMPP (37)
[2021.10.14-04.30.23:537][460]LogModuleManager: Shutting down and abandoning module HTTP (35)
[2021.10.14-04.30.23:537][460]LogHttp:Display: Http module shutting down, but needs to wait on 1 outstanding Http requests:
[2021.10.14-04.30.23:537][460]LogHttp:Display: 	verb=[POST] url=[https://datarouter.ol.epicgames.com/datarouter/api/v1/public/data?SessionID=%7BE0B64579-485B-9274-AF1A-47B9074DA101%7D&AppID=UEEditor.Rocket.Release&AppVersion=4.15.3-3450819%2B%2B%2BUE4%2BRelease-4.15&UserID=9dfc063a4c2e1cb4d4e673b1f5f33a02%7Ce895bde522544ff595ce735efd50711f%7C1057565e-951b-47bf-806e-30fe4b0a0ed1&AppEnvironment=datacollector-binary&UploadType=eteventstream] status=Processing
[2021.10.14-04.30.23:565][460]LogModuleManager: Shutting down and abandoning module SSL (34)
[2021.10.14-04.30.23:567][460]LogModuleManager: Shutting down and abandoning module AudioEditor (30)
[2021.10.14-04.30.23:567][460]LogModuleManager: Shutting down and abandoning module TextureCompressor (28)
[2021.10.14-04.30.23:567][460]LogModuleManager: Shutting down and abandoning module ShaderCore (26)
[2021.10.14-04.30.23:567][460]LogModuleManager: Shutting down and abandoning module Landscape (24)
[2021.10.14-04.30.23:567][460]LogModuleManager: Shutting down and abandoning module SlateRHIRenderer (22)
[2021.10.14-04.30.23:569][460]LogModuleManager: Shutting down and abandoning module OpenGLDrv (20)
[2021.10.14-04.30.23:570][460]LogModuleManager: Shutting down and abandoning module D3D11RHI (18)
[2021.10.14-04.30.23:570][460]LogModuleManager: Shutting down and abandoning module AnimGraphRuntime (16)
[2021.10.14-04.30.23:570][460]LogModuleManager: Shutting down and abandoning module Renderer (14)
[2021.10.14-04.30.23:570][460]LogModuleManager: Shutting down and abandoning module Engine (12)
[2021.10.14-04.30.23:570][460]LogModuleManager: Shutting down and abandoning module CoreUObject (10)
[2021.10.14-04.30.23:570][460]LogModuleManager: Shutting down and abandoning module NetworkFile (8)
[2021.10.14-04.30.23:571][460]LogModuleManager: Shutting down and abandoning module StreamingFile (6)
[2021.10.14-04.30.23:572][460]LogModuleManager: Shutting down and abandoning module SandboxFile (4)
[2021.10.14-04.30.23:572][460]LogModuleManager: Shutting down and abandoning module PakFile (2)
[2021.10.14-04.30.23:574][460]LogExit: Exiting.
[2021.10.14-04.30.23:581][460]Log file closed, 10/14/21 00:30:23
