Log file open, 10/16/21 17:07:32
LogInit:Display: Running engine for game: Pong
LogPlatformFile: Not using cached read wrapper
LogInit:Display: RandInit(-723462758) SRandInit(-723462758).
LogTaskGraph: Started task graph with 5 named threads and 10 total threads with 1 sets of task threads.
LogStats: Stats thread started at 0.135378
LogInit: Using libcurl 7.47.1
LogInit:  - built for x86_64-pc-win32
LogInit:  - supports SSL with OpenSSL/1.0.2g
LogInit:  - supports HTTP deflate (compression) using libz 1.2.8
LogInit:  - other features:
LogInit:      CURL_VERSION_SSL
LogInit:      CURL_VERSION_LIBZ
LogInit:      CURL_VERSION_IPV6
LogInit:      CURL_VERSION_ASYNCHDNS
LogInit:      CURL_VERSION_LARGEFILE
LogInit:      CURL_VERSION_IDN
LogInit:  CurlRequestOptions (configurable via config and command line):
LogInit:  - bVerifyPeer = false  - Libcurl will NOT verify peer certificate
LogInit:  - bUseHttpProxy = false  - Libcurl will NOT use HTTP proxy
LogInit:  - bDontReuseConnections = false  - Libcurl will reuse connections
LogInit:  - CertBundlePath = nullptr  - Libcurl will use whatever was configured at build time.
LogInit: Build: ++UE4+Release-4.15-CL-3450819
LogInit: Engine Version: 4.15.3-3450819+++UE4+Release-4.15
LogInit: Compatible Engine Version: 4.15.0-3299760+++UE4+Release-4.15
LogInit: Net CL: 3299760
LogDevObjectVersion: Number of dev versions registered: 14
LogDevObjectVersion:   Dev-Blueprints (B0D832E4-1F89-4F0D-ACCF-7EB736FD4AA2): 8
LogDevObjectVersion:   Dev-Build (E1C64328-A22C-4D53-A36C-8E866417BD8C): 0
LogDevObjectVersion:   Dev-Core (375EC13C-06E4-48FB-B500-84F0262A717E): 2
LogDevObjectVersion:   Dev-Editor (E4B068ED-F494-42E9-A231-DA0B2E46BB41): 14
LogDevObjectVersion:   Dev-Framework (CFFC743F-43B0-4480-9391-14DF171D2073): 22
LogDevObjectVersion:   Dev-Mobile (B02B49B5-BB20-44E9-A304-32B752E40360): 0
LogDevObjectVersion:   Dev-Networking (A4E4105C-59A1-49B5-A7C5-40C4547EDFEE): 0
LogDevObjectVersion:   Dev-Online (39C831C9-5AE6-47DC-9A44-9C173E1C8E7C): 0
LogDevObjectVersion:   Dev-Physics (78F01B33-EBEA-4F98-B9B4-84EACCB95AA2): 0
LogDevObjectVersion:   Dev-Platform (6631380F-2D4D-43E0-8009-CF276956A95A): 0
LogDevObjectVersion:   Dev-Rendering (12F88B9F-8875-4AFC-A67C-D90C383ABD29): 12
LogDevObjectVersion:   Dev-Sequencer (7B5AE74C-D270-4C10-A958-57980B212A5A): 3
LogDevObjectVersion:   Dev-VR (D7296918-1DD6-4BDD-9DE2-64A83CC13884): 0
LogDevObjectVersion:   Dev-LoadTimes (C2A15278-BFE7-4AFE-6C17-90FF531DF755): 1
LogInit: Compiled (64-bit): May 21 2017 11:02:34
LogInit: Compiled with Visual C++: 19.00.23026.00
LogInit: Build Configuration: Development
LogInit: Branch Name: ++UE4+Release-4.15
LogInit: Command line: 
LogInit: Base directory: C:/Program Files/Epic Games/UE_4.15/Engine/Binaries/Win64/
LogInit: Installed Engine Build: 1
LogInit: Presizing for max 8388607 objects, including 0 objects not considered by GC, pre-allocating 0 bytes for permanent pool.
LogInit: Object subsystem initialized
[2021.10.16-21.07.33:611][  0]LogInit: Selected Device Profile: [Windows]
[2021.10.16-21.07.33:611][  0]LogInit: Applying CVar settings loaded from the selected device profile: [Windows]
[2021.10.16-21.07.33:618][  0]LogInit: Computer: JADAMS2CH17
[2021.10.16-21.07.33:618][  0]LogInit: User: jadams
[2021.10.16-21.07.33:618][  0]LogInit: CPU Page size=65536, Cores=6
[2021.10.16-21.07.33:618][  0]LogInit: High frequency timer resolution =10.000000 MHz
[2021.10.16-21.07.33:618][  0]LogMemory: Memory total: Physical=31.8GB (32GB approx)
[2021.10.16-21.07.33:618][  0]LogMemory: Platform Memory Stats for Windows
[2021.10.16-21.07.33:618][  0]LogMemory: Process Physical Memory: 264.14 MB used, 264.14 MB peak
[2021.10.16-21.07.33:618][  0]LogMemory: Process Virtual Memory: 259.91 MB used, 259.91 MB peak
[2021.10.16-21.07.33:618][  0]LogMemory: Physical Memory: 11397.89 MB used,  21131.80 MB free, 32529.69 MB total
[2021.10.16-21.07.33:618][  0]LogMemory: Virtual Memory: 4763.98 MB used,  21131.80 MB free, 134217728.00 MB total
[2021.10.16-21.07.33:881][  0]LogTextLocalizationManager: No specific translations for ('en-US') exist, so ('en') translations will be used.
[2021.10.16-21.07.34:411][  0]LogD3D11RHI: D3D11 adapters:
[2021.10.16-21.07.34:515][  0]LogD3D11RHI:    0. 'NVIDIA GeForce RTX 2070' (Feature Level 11_0)
[2021.10.16-21.07.34:515][  0]LogD3D11RHI:       8031/0/16264 MB DedicatedVideo/DedicatedSystem/SharedSystem, Outputs:3, VendorId:0x10de
[2021.10.16-21.07.34:535][  0]LogD3D11RHI:    1. 'Intel(R) UHD Graphics' (Feature Level 11_0)
[2021.10.16-21.07.34:535][  0]LogD3D11RHI:       128/0/16264 MB DedicatedVideo/DedicatedSystem/SharedSystem, Outputs:0, VendorId:0x8086
[2021.10.16-21.07.34:554][  0]LogD3D11RHI:    2. 'Intel(R) UHD Graphics' (Feature Level 11_0)
[2021.10.16-21.07.34:554][  0]LogD3D11RHI:       128/0/16264 MB DedicatedVideo/DedicatedSystem/SharedSystem, Outputs:0, VendorId:0x8086
[2021.10.16-21.07.34:573][  0]LogD3D11RHI:    3. 'Intel(R) UHD Graphics' (Feature Level 11_0)
[2021.10.16-21.07.34:573][  0]LogD3D11RHI:       128/0/16264 MB DedicatedVideo/DedicatedSystem/SharedSystem, Outputs:0, VendorId:0x8086
[2021.10.16-21.07.34:575][  0]LogD3D11RHI:    4. 'Microsoft Basic Render Driver' (Feature Level 11_0)
[2021.10.16-21.07.34:575][  0]LogD3D11RHI:       0/0/16264 MB DedicatedVideo/DedicatedSystem/SharedSystem, Outputs:0, VendorId:0x1414
[2021.10.16-21.07.34:575][  0]LogD3D11RHI: Chosen D3D11 Adapter: 0
[2021.10.16-21.07.34:579][  0]LogD3D11RHI: Creating new Direct3DDevice
[2021.10.16-21.07.34:579][  0]LogD3D11RHI:     GPU DeviceId: 0x1f14 (for the marketing name, search the web for "GPU Device Id")
[2021.10.16-21.07.34:579][  0]LogWindows: EnumDisplayDevices:
[2021.10.16-21.07.34:579][  0]LogWindows:    0. 'Intel(R) UHD Graphics' (P:1 D:1)
[2021.10.16-21.07.34:580][  0]LogWindows:    1. 'Intel(R) UHD Graphics' (P:0 D:0)
[2021.10.16-21.07.34:580][  0]LogWindows:    2. 'Intel(R) UHD Graphics' (P:0 D:0)
[2021.10.16-21.07.34:580][  0]LogWindows:    3. 'NVIDIA GeForce RTX 2070' (P:0 D:0)
[2021.10.16-21.07.34:580][  0]LogWindows:    4. 'NVIDIA GeForce RTX 2070' (P:0 D:0)
[2021.10.16-21.07.34:580][  0]LogWindows:    5. 'NVIDIA GeForce RTX 2070' (P:0 D:0)
[2021.10.16-21.07.34:580][  0]LogWindows:    6. 'NVIDIA GeForce RTX 2070' (P:0 D:0)
[2021.10.16-21.07.34:580][  0]LogWindows:    7. 'DisplayLink USB Device' (P:0 D:0)
[2021.10.16-21.07.34:580][  0]LogWindows:    8. 'DisplayLink USB Device' (P:0 D:1)
[2021.10.16-21.07.34:581][  0]LogWindows:    9. 'DisplayLink USB Device' (P:0 D:1)
[2021.10.16-21.07.34:581][  0]LogWindows: DebugString: GetVideoDriverDetailsInvalid PrimaryIsNotTheChoosenAdapter GetVideoDriverDetailsInvalid PrimaryIsNotTheChoosenAdapter GetVideoDriverDetailsInvalid PrimaryIsNotTheChoosenAdapter GetVideoDriverDetailsInvalid PrimaryIsNotTheChoosenAdapter GetVideoDriverDetailsInvalid PrimaryIsNotTheChoosenAdapter GetVideoDriverDetailsInvalid PrimaryIsNotTheChoosenAdapter GetVideoDriverDetailsInvalid PrimaryIsNotTheChoosenAdapter GetVideoDriverDetailsInvalid PrimaryIsNotTheChoosenAdapter GetVideoDriverDetailsInvalid PrimaryIsNotTheChoosenAdapter GetVideoDriverDetailsInvalid PrimaryIsNotTheChoosenAdapter FoundDriverCount:0 
[2021.10.16-21.07.34:581][  0]LogD3D11RHI:     Adapter Name: NVIDIA GeForce RTX 2070
[2021.10.16-21.07.34:581][  0]LogD3D11RHI:   Driver Version: Unknown (internal:Unknown, unified:Unknown)
[2021.10.16-21.07.34:581][  0]LogD3D11RHI:      Driver Date: Unknown
[2021.10.16-21.07.34:581][  0]LogRHI: Texture pool is 1361 MB (70% of 1945 MB)
[2021.10.16-21.07.34:657][  0]LogD3D11RHI: Async texture creation enabled
[2021.10.16-21.07.34:674][  0]LogD3D11RHI: GPU Timing Frequency: 1000.000000 (Debug: 2 1)
[2021.10.16-21.07.34:676][  0]LogShaderCompilers: Guid format shader working directory is -100 characters bigger than the processId version (D:/The Tech Academy - Game Developer Boot Camp/C++ And Unreal Engine Course/Blueprint and C++ Integration in Unreal Engine 4/02-project-setup/Pong/Intermediate/Shaders/WorkingDirectory/20036/).
[2021.10.16-21.07.34:676][  0]LogShaderCompilers: Cleaned the shader compiler working directory 'C:/Users/jadams/AppData/Local/Temp/UnrealShaderWorkingDir/0C9904A24A5689E96B12F58D3E868A75/'.
[2021.10.16-21.07.34:676][  0]LogShaderCompilers:Display: Using Local Shader Compiler.
[2021.10.16-21.07.35:549][  0]LogTemp:Display: Loaded TP AllDesktopTargetPlatform
[2021.10.16-21.07.35:610][  0]LogTemp:Display: Loaded TP MacClientTargetPlatform
[2021.10.16-21.07.35:677][  0]LogTemp:Display: Loaded TP MacNoEditorTargetPlatform
[2021.10.16-21.07.35:742][  0]LogTemp:Display: Loaded TP MacServerTargetPlatform
[2021.10.16-21.07.35:805][  0]LogTemp:Display: Loaded TP MacTargetPlatform
[2021.10.16-21.07.35:870][  0]LogTemp:Display: Loaded TP WindowsClientTargetPlatform
[2021.10.16-21.07.35:934][  0]LogTemp:Display: Loaded TP WindowsNoEditorTargetPlatform
[2021.10.16-21.07.36:002][  0]LogTemp:Display: Loaded TP WindowsServerTargetPlatform
[2021.10.16-21.07.36:065][  0]LogTemp:Display: Loaded TP WindowsTargetPlatform
[2021.10.16-21.07.36:138][  0]LogTemp:Display: Loaded TP AndroidTargetPlatform
[2021.10.16-21.07.36:209][  0]LogTemp:Display: Loaded TP Android_ASTCTargetPlatform
[2021.10.16-21.07.36:279][  0]LogTemp:Display: Loaded TP Android_ATCTargetPlatform
[2021.10.16-21.07.36:354][  0]LogTemp:Display: Loaded TP Android_DXTTargetPlatform
[2021.10.16-21.07.36:427][  0]LogTemp:Display: Loaded TP Android_ETC1TargetPlatform
[2021.10.16-21.07.36:502][  0]LogTemp:Display: Loaded TP Android_ETC2TargetPlatform
[2021.10.16-21.07.36:644][  0]LogTemp:Display: Loaded TP Android_MultiTargetPlatform
[2021.10.16-21.07.36:644][  0]LogTemp:Display: Loaded TP Android_PVRTCTargetPlatform
[2021.10.16-21.07.36:693][  0]LogTemp:Display: Loaded TP HTML5TargetPlatform
[2021.10.16-21.07.36:806][  0]LogTemp:Display: Loaded TP IOSTargetPlatform
[2021.10.16-21.07.36:846][  0]LogTemp:Display: Loaded TP TVOSTargetPlatform
[2021.10.16-21.07.36:906][  0]LogTemp:Display: Loaded TP LinuxClientTargetPlatform
[2021.10.16-21.07.36:964][  0]LogTemp:Display: Loaded TP LinuxNoEditorTargetPlatform
[2021.10.16-21.07.37:027][  0]LogTemp:Display: Loaded TP LinuxServerTargetPlatform
[2021.10.16-21.07.37:091][  0]LogTemp:Display: Loaded TP LinuxTargetPlatform
[2021.10.16-21.07.37:091][  0]LogTargetPlatformManager:Display: Building Assets For Windows
[2021.10.16-21.07.37:682][  0]LogDerivedDataCache:Display: Max Cache Size: 512 MB
[2021.10.16-21.07.37:714][  0]LogDerivedDataCache: Loaded boot cache 0.03s 50MB C:/Users/jadams/AppData/Local/UnrealEngine/4.15/DerivedDataCache/Boot.ddc.
[2021.10.16-21.07.37:714][  0]LogDerivedDataCache:Display: Loaded Boot cache: C:/Users/jadams/AppData/Local/UnrealEngine/4.15/DerivedDataCache/Boot.ddc
[2021.10.16-21.07.37:714][  0]LogDerivedDataCache: FDerivedDataBackendGraph:  Pak pak cache file D:/The Tech Academy - Game Developer Boot Camp/C++ And Unreal Engine Course/Blueprint and C++ Integration in Unreal Engine 4/02-project-setup/Pong/DerivedDataCache/DDC.ddp not found, will not use a pak cache.
[2021.10.16-21.07.37:714][  0]LogDerivedDataCache: Unable to find inner node Pak for hierarchical cache Hierarchy.
[2021.10.16-21.07.37:714][  0]LogDerivedDataCache: FDerivedDataBackendGraph:  CompressedPak pak cache file D:/The Tech Academy - Game Developer Boot Camp/C++ And Unreal Engine Course/Blueprint and C++ Integration in Unreal Engine 4/02-project-setup/Pong/DerivedDataCache/Compressed.ddp not found, will not use a pak cache.
[2021.10.16-21.07.37:714][  0]LogDerivedDataCache: Unable to find inner node CompressedPak for hierarchical cache Hierarchy.
[2021.10.16-21.07.37:726][  0]LogDerivedDataCache:Display: Pak cache opened for reading ../../../Engine/DerivedDataCache/Compressed.ddp.
[2021.10.16-21.07.37:739][  0]LogDerivedDataCache: Using Local data cache path C:/Users/jadams/AppData/Local/UnrealEngine/Common/DerivedDataCache: Writable
[2021.10.16-21.07.37:746][  0]LogSlate: Using Freetype 2.6.0
[2021.10.16-21.07.37:747][  0]LogSlate: SlateFontCache - WITH_FREETYPE: 1, WITH_HARFBUZZ: 1
[2021.10.16-21.07.37:747][  0]LogSlate: SlateFontCache - WITH_FREETYPE: 1, WITH_HARFBUZZ: 1
[2021.10.16-21.07.37:942][  0]LogInit: Selected Device Profile: [Windows]
[2021.10.16-21.07.37:944][  0]LogContentStreaming: Texture pool size is 0.00 MB
[2021.10.16-21.07.38:167][  0]LogMeshUtilities: Using QuadricMeshReduction for automatic static mesh reduction
[2021.10.16-21.07.38:223][  0]LogSimplygon: Simplygon DLL not present - disabling.
[2021.10.16-21.07.38:280][  0]LogMeshUtilities: Using SimplygonSwarm for distributed automatic mesh merging
[2021.10.16-21.07.38:280][  0]LogMeshUtilities: No automatic skeletal mesh reduction module available
[2021.10.16-21.07.38:280][  0]LogMeshUtilities: No automatic mesh merging module available
[2021.10.16-21.07.38:764][  0]LogNetVersion: GetLocalNetworkVersion: CL: 3299760, ProjectName: pong, ProjectVersion: , EngineNetworkVersion: 2, GameNetworkVersion: 0, NetworkChecksum: 207199129
[2021.10.16-21.07.38:824][  0]LogAssetRegistry: FAssetRegistry took 0.0221 seconds to start up
[2021.10.16-21.07.38:870][  0]LogPackageLocalizationCache: Processed 3 localized package path(s) for 2 prioritized culture(s) in 0.013844 seconds
[2021.10.16-21.07.38:874][  0]LogUObjectArray: 32493 objects as part of root set at end of initial load.
[2021.10.16-21.07.38:874][  0]LogUObjectAllocator: 7077032 out of 0 bytes used by permanent object pool.
[2021.10.16-21.07.38:874][  0]LogUObjectArray: CloseDisregardForGC: 0/0 objects in disregard for GC pool
[2021.10.16-21.07.38:965][  0]LogInit: WinSock: version 1.1 (2.2), MaxSocks=32767, MaxUdp=65467
[2021.10.16-21.07.40:807][  0]LogTcpMessaging: Initializing TcpMessaging bridge
[2021.10.16-21.07.40:854][  0]LogUdpMessaging: Initializing bridge on interface 0.0.0.0:0 to multicast group 230.0.0.1:6666.
[2021.10.16-21.07.41:506][  0]LogMaterial: Uniform references updated for custom material expression Custom.
[2021.10.16-21.07.41:929][  0]SourceControl: Info Source control is disabled
[2021.10.16-21.07.41:958][  0]SourceControl: Info Source control is disabled
[2021.10.16-21.07.42:018][  0]SourceControl: Info Source control is disabled
[2021.10.16-21.07.42:077][  0]SourceControl: Info Source control is disabled
[2021.10.16-21.07.43:519][  0]LogEngine: Initializing Engine...
[2021.10.16-21.07.43:520][  0]LogHMD: Failed to initialize OpenVR with code 110
[2021.10.16-21.07.43:596][  0]LogStats: UGameplayTagsManager::ConstructGameplayTagTree: Construct from data asset -  0.000 s
[2021.10.16-21.07.43:596][  0]LogStats: UGameplayTagsManager::ConstructGameplayTagTree: GameplayTagTreeChangedEvent.Broadcast -  0.000 s
[2021.10.16-21.07.43:744][  0]LogAIModule: Creating AISystem for world Untitled
[2021.10.16-21.07.43:836][  0]LogInit: XAudio2 using 'Headset (Hesh 2 Wireless Hands-Free AG Audio)' : 1 channels at 16 kHz using 16 bits per sample (channel mask 0x4)
[2021.10.16-21.07.45:130][  0]LogAudio:Error: CreateSubmixVoice (Reverb) error: XAPO Creation Failed
[2021.10.16-21.07.45:130][  0]LogInit: FAudioDevice initialized.
[2021.10.16-21.07.45:148][  0]LogDerivedDataCache: Saved boot cache 0.02s 50MB C:/Users/jadams/AppData/Local/UnrealEngine/4.15/DerivedDataCache/Boot.ddc.
[2021.10.16-21.07.45:152][  0]LogInit: Texture streaming: Enabled
[2021.10.16-21.07.45:282][  0]LogEngineSessionManager: EngineSessionManager initialized
[2021.10.16-21.07.45:282][  0]LogEngineSessionManager: EngineSessionManager sent abnormal shutdown report. Type=Crashed, SessionId={0CEAF533-48D3-B954-C698-BBBF0FD58499}
[2021.10.16-21.07.45:387][  0]LogInit: Transaction tracking system initialized
[2021.10.16-21.07.45:827][  0]BlueprintLog: New page: Editor Load
[2021.10.16-21.07.46:943][  0]LocalizationService: Info Localization service is disabled
[2021.10.16-21.07.47:791][  0]LogConsoleResponse:Display: 
[2021.10.16-21.07.47:903][  0]LogCook:Display: Max memory allowance for cook 16384mb min free memory 0mb
[2021.10.16-21.07.47:903][  0]LogCook:Display: Mobile HDR setting 1
[2021.10.16-21.07.48:815][  0]LogFileCache: Scanning file cache for directory 'D:/The Tech Academy - Game Developer Boot Camp/C++ And Unreal Engine Course/Blueprint and C++ Integration in Unreal Engine 4/02-project-setup/Pong/Content/' took 0.01s
[2021.10.16-21.07.49:181][  0]SourceControl: Info Source control is disabled
[2021.10.16-21.07.49:182][  0]LightingResults: New page: Lighting Build
[2021.10.16-21.07.49:233][  0]MapCheck: New page: Map Check
[2021.10.16-21.07.49:233][  0]LightingResults: New page: Lighting Build
[2021.10.16-21.07.49:267][  0]LogAIModule: Creating AISystem for world Main
[2021.10.16-21.07.49:282][  0]LogEditorServer: Finished looking for orphan Actors (0.000 secs)
[2021.10.16-21.07.49:282][  0]Cmd: MAP CHECKDEP NOCLEARLOG
[2021.10.16-21.07.49:315][  0]MapCheck: Info Map check complete: 0 Error(s), 0 Warning(s), took 32.821ms to complete.
[2021.10.16-21.07.49:315][  0]LogFileHelpers: Loading map 'Main' took 0.134
[2021.10.16-21.07.49:499][  0]LogCollectionManager: Loaded 0 collections in 0.001049 seconds
[2021.10.16-21.07.49:588][  0]LogFileCache: Scanning file cache for directory 'D:/The Tech Academy - Game Developer Boot Camp/C++ And Unreal Engine Course/Blueprint and C++ Integration in Unreal Engine 4/02-project-setup/Pong/Saved/Collections/' took 0.01s
[2021.10.16-21.07.49:588][  0]LogFileCache: Scanning file cache for directory 'D:/The Tech Academy - Game Developer Boot Camp/C++ And Unreal Engine Course/Blueprint and C++ Integration in Unreal Engine 4/02-project-setup/Pong/Content/Developers/jadams/Collections/' took 0.01s
[2021.10.16-21.07.49:588][  0]LogFileCache: Scanning file cache for directory 'D:/The Tech Academy - Game Developer Boot Camp/C++ And Unreal Engine Course/Blueprint and C++ Integration in Unreal Engine 4/02-project-setup/Pong/Content/Collections/' took 0.01s
[2021.10.16-21.07.49:588][  0]LogCollectionManager: Rebuilt the GUID cache for 0 collections in 0.000002 seconds
[2021.10.16-21.07.49:596][  0]LogContentBrowser: Native class hierarchy populated in 0.0072 seconds. Added 2250 classes and 455 folders.
[2021.10.16-21.07.49:679][  0]LogContentBrowser: Native class hierarchy updated for 'WidgetCarousel' in 0.0009 seconds. Added 0 classes and 0 folders.
[2021.10.16-21.07.49:709][  0]LogContentBrowser: Native class hierarchy updated for 'AddContentDialog' in 0.0009 seconds. Added 0 classes and 0 folders.
[2021.10.16-21.07.49:761][  0]LogContentBrowser: Native class hierarchy updated for 'SceneOutliner' in 0.0009 seconds. Added 1 classes and 2 folders.
[2021.10.16-21.07.49:850][  0]LogCrashTracker: Crashtracker disabled due to settings.
[2021.10.16-21.07.49:859][  0]LogUObjectGlobals:Warning: Failed to find object 'Class None.'
[2021.10.16-21.07.49:949][  0]LogContentBrowser: Native class hierarchy updated for 'HierarchicalLODOutliner' in 0.0010 seconds. Added 1 classes and 2 folders.
[2021.10.16-21.07.49:949][  0]LogLoad: (Engine Initialization) Total time: 18.33 seconds
[2021.10.16-21.07.49:949][  0]LogLoad: (Engine Initialization) Total Blueprint compile time: 0.05 seconds
[2021.10.16-21.07.49:949][  0]LogExternalProfiler: No external profilers were discovered.  External profiling features will not be available.
[2021.10.16-21.07.49:967][  0]LogOcInput: OculusInput pre-init called
[2021.10.16-21.07.49:983][  0]LogAssetRegistry: Asset discovery search completed in 11.1812 seconds
[2021.10.16-21.07.49:983][  0]LogCollectionManager: Rebuilt the object cache for 0 collections in 0.000004 seconds (found 0 objects)
[2021.10.16-21.07.49:983][  0]LogCollectionManager: Fixed up redirectors for 0 collections in 0.000017 seconds (updated 0 objects)
[2021.10.16-21.07.49:987][  0]LogContentStreaming: Texture pool size now 1000 MB
[2021.10.16-21.07.49:994][  0]LogSlate: Took 0.000187 seconds to synchronously load lazily loaded font '../../../Engine/Content/Slate/Fonts/Roboto-Regular.ttf' (155K)
[2021.10.16-21.07.49:997][  0]LogSlate: Took 0.000153 seconds to synchronously load lazily loaded font '../../../Engine/Content/Slate/Fonts/Roboto-Bold.ttf' (160K)
[2021.10.16-21.07.50:002][  0]LogSlate: Took 0.000409 seconds to synchronously load lazily loaded font '../../../Engine/Content/Editor/Slate/Fonts/FontAwesome.ttf' (139K)
[2021.10.16-21.07.50:117][  0]LogSlate: Took 0.000151 seconds to synchronously load lazily loaded font '../../../Engine/Content/Slate/Fonts/Roboto-Light.ttf' (159K)
[2021.10.16-21.07.50:152][  0]LogRenderer: Reallocating scene render targets to support 1152x660 NumSamples 1 (Frame:2).
[2021.10.16-21.08.41:022][138]LogSlate: Took 0.000138 seconds to synchronously load lazily loaded font '../../../Engine/Content/Slate/Fonts/Roboto-Light.ttf' (159K)
[2021.10.16-21.08.41:295][147]LogD3D11RHI:Error: Result failed 
 at D:\Build\++UE4+Release-4.15+Compile\Sync\Engine\Source\Runtime\Windows\D3D11RHI\Private\D3D11Viewport.cpp:289 
 with error 887A0022
[2021.10.16-21.08.41:297][147]LogWindows: Windows GetLastError: The operation completed successfully. (0)
